[0.215s] DEBUG:colcon:Command line arguments: ['/usr/bin/colcon', 'build']
[0.215s] DEBUG:colcon:Parsed command line arguments: Namespace(log_base=None, log_level=None, verb_name='build', build_base='build', install_base='install', merge_install=False, symlink_install=False, test_result_base=None, continue_on_error=False, executor='parallel', parallel_workers=4, event_handlers=None, ignore_user_meta=False, metas=['./colcon.meta'], base_paths=['.'], packages_ignore=None, packages_ignore_regex=None, paths=None, packages_up_to=None, packages_up_to_regex=None, packages_above=None, packages_above_and_dependencies=None, packages_above_depth=None, packages_select_by_dep=None, packages_skip_by_dep=None, packages_skip_up_to=None, packages_select_build_failed=False, packages_skip_build_finished=False, packages_select_test_failures=False, packages_skip_test_passed=False, packages_select=None, packages_skip=None, packages_select_regex=None, packages_skip_regex=None, packages_start=None, packages_end=None, allow_overriding=[], cmake_args=None, cmake_target=None, cmake_target_skip_unavailable=False, cmake_clean_cache=False, cmake_clean_first=False, cmake_force_configure=False, ament_cmake_args=None, catkin_cmake_args=None, catkin_skip_building_tests=False, mixin_files=None, mixin=None, verb_parser=<colcon_mixin.mixin.mixin_argument.MixinArgumentDecorator object at 0x762b1da2ff70>, verb_extension=<colcon_core.verb.build.BuildVerb object at 0x762b1da2fa30>, main=<bound method BuildVerb.main of <colcon_core.verb.build.BuildVerb object at 0x762b1da2fa30>>, mixin_verb=('build',))
[0.281s] Level 1:colcon.colcon_core.package_discovery:discover_packages(colcon_meta) check parameters
[0.281s] Level 1:colcon.colcon_core.package_discovery:discover_packages(recursive) check parameters
[0.281s] Level 1:colcon.colcon_core.package_discovery:discover_packages(ignore) check parameters
[0.281s] Level 1:colcon.colcon_core.package_discovery:discover_packages(path) check parameters
[0.281s] Level 1:colcon.colcon_core.package_discovery:discover_packages(colcon_meta) discover
[0.282s] Level 1:colcon.colcon_core.package_discovery:discover_packages(recursive) discover
[0.282s] INFO:colcon.colcon_core.package_discovery:Crawling recursively for packages in '/home/lydia-chheng/ros2_ws'
[0.282s] Level 1:colcon.colcon_core.package_identification:_identify(.) by extensions ['ignore', 'ignore_ament_install']
[0.282s] Level 1:colcon.colcon_core.package_identification:_identify(.) by extension 'ignore'
[0.282s] Level 1:colcon.colcon_core.package_identification:_identify(.) by extension 'ignore_ament_install'
[0.282s] Level 1:colcon.colcon_core.package_identification:_identify(.) by extensions ['colcon_pkg']
[0.282s] Level 1:colcon.colcon_core.package_identification:_identify(.) by extension 'colcon_pkg'
[0.282s] Level 1:colcon.colcon_core.package_identification:_identify(.) by extensions ['colcon_meta']
[0.282s] Level 1:colcon.colcon_core.package_identification:_identify(.) by extension 'colcon_meta'
[0.282s] Level 1:colcon.colcon_core.package_identification:_identify(.) by extensions ['ros']
[0.282s] Level 1:colcon.colcon_core.package_identification:_identify(.) by extension 'ros'
[0.317s] Level 1:colcon.colcon_core.package_identification:_identify(.) by extensions ['cmake', 'python']
[0.317s] Level 1:colcon.colcon_core.package_identification:_identify(.) by extension 'cmake'
[0.318s] Level 1:colcon.colcon_core.package_identification:_identify(.) by extension 'python'
[0.318s] Level 1:colcon.colcon_core.package_identification:_identify(.) by extensions ['python_setup_py']
[0.318s] Level 1:colcon.colcon_core.package_identification:_identify(.) by extension 'python_setup_py'
[0.318s] Level 1:colcon.colcon_core.package_identification:_identify(build) by extensions ['ignore', 'ignore_ament_install']
[0.318s] Level 1:colcon.colcon_core.package_identification:_identify(build) by extension 'ignore'
[0.318s] Level 1:colcon.colcon_core.package_identification:_identify(build) ignored
[0.319s] Level 1:colcon.colcon_core.package_identification:_identify(install) by extensions ['ignore', 'ignore_ament_install']
[0.319s] Level 1:colcon.colcon_core.package_identification:_identify(install) by extension 'ignore'
[0.319s] Level 1:colcon.colcon_core.package_identification:_identify(install) ignored
[0.319s] Level 1:colcon.colcon_core.package_identification:_identify(log) by extensions ['ignore', 'ignore_ament_install']
[0.319s] Level 1:colcon.colcon_core.package_identification:_identify(log) by extension 'ignore'
[0.319s] Level 1:colcon.colcon_core.package_identification:_identify(log) ignored
[0.319s] Level 1:colcon.colcon_core.package_identification:_identify(src) by extensions ['ignore', 'ignore_ament_install']
[0.320s] Level 1:colcon.colcon_core.package_identification:_identify(src) by extension 'ignore'
[0.320s] Level 1:colcon.colcon_core.package_identification:_identify(src) by extension 'ignore_ament_install'
[0.320s] Level 1:colcon.colcon_core.package_identification:_identify(src) by extensions ['colcon_pkg']
[0.320s] Level 1:colcon.colcon_core.package_identification:_identify(src) by extension 'colcon_pkg'
[0.320s] Level 1:colcon.colcon_core.package_identification:_identify(src) by extensions ['colcon_meta']
[0.320s] Level 1:colcon.colcon_core.package_identification:_identify(src) by extension 'colcon_meta'
[0.320s] Level 1:colcon.colcon_core.package_identification:_identify(src) by extensions ['ros']
[0.320s] Level 1:colcon.colcon_core.package_identification:_identify(src) by extension 'ros'
[0.320s] Level 1:colcon.colcon_core.package_identification:_identify(src) by extensions ['cmake', 'python']
[0.320s] Level 1:colcon.colcon_core.package_identification:_identify(src) by extension 'cmake'
[0.320s] Level 1:colcon.colcon_core.package_identification:_identify(src) by extension 'python'
[0.320s] Level 1:colcon.colcon_core.package_identification:_identify(src) by extensions ['python_setup_py']
[0.320s] Level 1:colcon.colcon_core.package_identification:_identify(src) by extension 'python_setup_py'
[0.321s] Level 1:colcon.colcon_core.package_identification:_identify(src/action_interface) by extensions ['ignore', 'ignore_ament_install']
[0.321s] Level 1:colcon.colcon_core.package_identification:_identify(src/action_interface) by extension 'ignore'
[0.321s] Level 1:colcon.colcon_core.package_identification:_identify(src/action_interface) by extension 'ignore_ament_install'
[0.321s] Level 1:colcon.colcon_core.package_identification:_identify(src/action_interface) by extensions ['colcon_pkg']
[0.321s] Level 1:colcon.colcon_core.package_identification:_identify(src/action_interface) by extension 'colcon_pkg'
[0.321s] Level 1:colcon.colcon_core.package_identification:_identify(src/action_interface) by extensions ['colcon_meta']
[0.321s] Level 1:colcon.colcon_core.package_identification:_identify(src/action_interface) by extension 'colcon_meta'
[0.321s] Level 1:colcon.colcon_core.package_identification:_identify(src/action_interface) by extensions ['ros']
[0.321s] Level 1:colcon.colcon_core.package_identification:_identify(src/action_interface) by extension 'ros'
[0.325s] DEBUG:colcon.colcon_core.package_identification:Package 'src/action_interface' with type 'ros.ament_cmake' and name 'action_interface'
[0.325s] Level 1:colcon.colcon_core.package_identification:_identify(src/meow) by extensions ['ignore', 'ignore_ament_install']
[0.325s] Level 1:colcon.colcon_core.package_identification:_identify(src/meow) by extension 'ignore'
[0.325s] Level 1:colcon.colcon_core.package_identification:_identify(src/meow) by extension 'ignore_ament_install'
[0.326s] Level 1:colcon.colcon_core.package_identification:_identify(src/meow) by extensions ['colcon_pkg']
[0.326s] Level 1:colcon.colcon_core.package_identification:_identify(src/meow) by extension 'colcon_pkg'
[0.326s] Level 1:colcon.colcon_core.package_identification:_identify(src/meow) by extensions ['colcon_meta']
[0.326s] Level 1:colcon.colcon_core.package_identification:_identify(src/meow) by extension 'colcon_meta'
[0.326s] Level 1:colcon.colcon_core.package_identification:_identify(src/meow) by extensions ['ros']
[0.326s] Level 1:colcon.colcon_core.package_identification:_identify(src/meow) by extension 'ros'
[0.327s] DEBUG:colcon.colcon_core.package_identification:Package 'src/meow' with type 'ros.ament_python' and name 'meow'
[0.328s] Level 1:colcon.colcon_core.package_identification:_identify(src/parameters) by extensions ['ignore', 'ignore_ament_install']
[0.328s] Level 1:colcon.colcon_core.package_identification:_identify(src/parameters) by extension 'ignore'
[0.328s] Level 1:colcon.colcon_core.package_identification:_identify(src/parameters) by extension 'ignore_ament_install'
[0.328s] Level 1:colcon.colcon_core.package_identification:_identify(src/parameters) by extensions ['colcon_pkg']
[0.328s] Level 1:colcon.colcon_core.package_identification:_identify(src/parameters) by extension 'colcon_pkg'
[0.328s] Level 1:colcon.colcon_core.package_identification:_identify(src/parameters) by extensions ['colcon_meta']
[0.328s] Level 1:colcon.colcon_core.package_identification:_identify(src/parameters) by extension 'colcon_meta'
[0.328s] Level 1:colcon.colcon_core.package_identification:_identify(src/parameters) by extensions ['ros']
[0.328s] Level 1:colcon.colcon_core.package_identification:_identify(src/parameters) by extension 'ros'
[0.329s] DEBUG:colcon.colcon_core.package_identification:Package 'src/parameters' with type 'ros.ament_python' and name 'parameters'
[0.330s] Level 1:colcon.colcon_core.package_identification:_identify(src/test1) by extensions ['ignore', 'ignore_ament_install']
[0.330s] Level 1:colcon.colcon_core.package_identification:_identify(src/test1) by extension 'ignore'
[0.330s] Level 1:colcon.colcon_core.package_identification:_identify(src/test1) by extension 'ignore_ament_install'
[0.330s] Level 1:colcon.colcon_core.package_identification:_identify(src/test1) by extensions ['colcon_pkg']
[0.330s] Level 1:colcon.colcon_core.package_identification:_identify(src/test1) by extension 'colcon_pkg'
[0.330s] Level 1:colcon.colcon_core.package_identification:_identify(src/test1) by extensions ['colcon_meta']
[0.330s] Level 1:colcon.colcon_core.package_identification:_identify(src/test1) by extension 'colcon_meta'
[0.330s] Level 1:colcon.colcon_core.package_identification:_identify(src/test1) by extensions ['ros']
[0.330s] Level 1:colcon.colcon_core.package_identification:_identify(src/test1) by extension 'ros'
[0.331s] DEBUG:colcon.colcon_core.package_identification:Failed to parse potential ROS package manifest in'src/test1': Error(s) in package 'src/test1/package.xml':
The manifest contains invalid XML:
not well-formed (invalid token): line 1, column 0
[0.331s] Level 1:colcon.colcon_core.package_identification:_identify(src/test1) by extensions ['cmake', 'python']
[0.331s] Level 1:colcon.colcon_core.package_identification:_identify(src/test1) by extension 'cmake'
[0.331s] Level 1:colcon.colcon_core.package_identification:_identify(src/test1) by extension 'python'
[0.331s] DEBUG:colcon.colcon_core.package_identification:Python package in 'src/test1' passes arguments to the setup() function which requires a different identification extension than 'python'
[0.331s] Level 1:colcon.colcon_core.package_identification:_identify(src/test1) by extensions ['python_setup_py']
[0.331s] Level 1:colcon.colcon_core.package_identification:_identify(src/test1) by extension 'python_setup_py'
[0.746s] DEBUG:colcon.colcon_core.package_identification:Package 'src/test1' with type 'python' and name 'test1'
[0.746s] Level 1:colcon.colcon_core.package_identification:_identify(src/test2) by extensions ['ignore', 'ignore_ament_install']
[0.747s] Level 1:colcon.colcon_core.package_identification:_identify(src/test2) by extension 'ignore'
[0.747s] Level 1:colcon.colcon_core.package_identification:_identify(src/test2) by extension 'ignore_ament_install'
[0.747s] Level 1:colcon.colcon_core.package_identification:_identify(src/test2) by extensions ['colcon_pkg']
[0.747s] Level 1:colcon.colcon_core.package_identification:_identify(src/test2) by extension 'colcon_pkg'
[0.747s] Level 1:colcon.colcon_core.package_identification:_identify(src/test2) by extensions ['colcon_meta']
[0.747s] Level 1:colcon.colcon_core.package_identification:_identify(src/test2) by extension 'colcon_meta'
[0.747s] Level 1:colcon.colcon_core.package_identification:_identify(src/test2) by extensions ['ros']
[0.747s] Level 1:colcon.colcon_core.package_identification:_identify(src/test2) by extension 'ros'
[0.749s] DEBUG:colcon.colcon_core.package_identification:Package 'src/test2' with type 'ros.ament_python' and name 'test2'
[0.749s] Level 1:colcon.colcon_core.package_identification:_identify(src/test_custom_msg_srv) by extensions ['ignore', 'ignore_ament_install']
[0.749s] Level 1:colcon.colcon_core.package_identification:_identify(src/test_custom_msg_srv) by extension 'ignore'
[0.749s] Level 1:colcon.colcon_core.package_identification:_identify(src/test_custom_msg_srv) by extension 'ignore_ament_install'
[0.749s] Level 1:colcon.colcon_core.package_identification:_identify(src/test_custom_msg_srv) by extensions ['colcon_pkg']
[0.749s] Level 1:colcon.colcon_core.package_identification:_identify(src/test_custom_msg_srv) by extension 'colcon_pkg'
[0.750s] Level 1:colcon.colcon_core.package_identification:_identify(src/test_custom_msg_srv) by extensions ['colcon_meta']
[0.750s] Level 1:colcon.colcon_core.package_identification:_identify(src/test_custom_msg_srv) by extension 'colcon_meta'
[0.750s] Level 1:colcon.colcon_core.package_identification:_identify(src/test_custom_msg_srv) by extensions ['ros']
[0.750s] Level 1:colcon.colcon_core.package_identification:_identify(src/test_custom_msg_srv) by extension 'ros'
[0.751s] DEBUG:colcon.colcon_core.package_identification:Package 'src/test_custom_msg_srv' with type 'ros.ament_cmake' and name 'test_custom_msg_srv'
[0.751s] Level 1:colcon.colcon_core.package_identification:_identify(src/test_pub_sub) by extensions ['ignore', 'ignore_ament_install']
[0.751s] Level 1:colcon.colcon_core.package_identification:_identify(src/test_pub_sub) by extension 'ignore'
[0.751s] Level 1:colcon.colcon_core.package_identification:_identify(src/test_pub_sub) by extension 'ignore_ament_install'
[0.751s] Level 1:colcon.colcon_core.package_identification:_identify(src/test_pub_sub) by extensions ['colcon_pkg']
[0.751s] Level 1:colcon.colcon_core.package_identification:_identify(src/test_pub_sub) by extension 'colcon_pkg'
[0.752s] Level 1:colcon.colcon_core.package_identification:_identify(src/test_pub_sub) by extensions ['colcon_meta']
[0.752s] Level 1:colcon.colcon_core.package_identification:_identify(src/test_pub_sub) by extension 'colcon_meta'
[0.752s] Level 1:colcon.colcon_core.package_identification:_identify(src/test_pub_sub) by extensions ['ros']
[0.752s] Level 1:colcon.colcon_core.package_identification:_identify(src/test_pub_sub) by extension 'ros'
[0.753s] DEBUG:colcon.colcon_core.package_identification:Package 'src/test_pub_sub' with type 'ros.ament_python' and name 'test_pub_sub'
[0.753s] Level 1:colcon.colcon_core.package_identification:_identify(src/test_srv_cli) by extensions ['ignore', 'ignore_ament_install']
[0.753s] Level 1:colcon.colcon_core.package_identification:_identify(src/test_srv_cli) by extension 'ignore'
[0.753s] Level 1:colcon.colcon_core.package_identification:_identify(src/test_srv_cli) by extension 'ignore_ament_install'
[0.753s] Level 1:colcon.colcon_core.package_identification:_identify(src/test_srv_cli) by extensions ['colcon_pkg']
[0.754s] Level 1:colcon.colcon_core.package_identification:_identify(src/test_srv_cli) by extension 'colcon_pkg'
[0.754s] Level 1:colcon.colcon_core.package_identification:_identify(src/test_srv_cli) by extensions ['colcon_meta']
[0.754s] Level 1:colcon.colcon_core.package_identification:_identify(src/test_srv_cli) by extension 'colcon_meta'
[0.754s] Level 1:colcon.colcon_core.package_identification:_identify(src/test_srv_cli) by extensions ['ros']
[0.754s] Level 1:colcon.colcon_core.package_identification:_identify(src/test_srv_cli) by extension 'ros'
[0.755s] DEBUG:colcon.colcon_core.package_identification:Package 'src/test_srv_cli' with type 'ros.ament_python' and name 'test_srv_cli'
[0.755s] Level 1:colcon.colcon_core.package_discovery:discover_packages(recursive) using defaults
[0.755s] Level 1:colcon.colcon_core.package_discovery:discover_packages(ignore) discover
[0.755s] Level 1:colcon.colcon_core.package_discovery:discover_packages(ignore) using defaults
[0.755s] Level 1:colcon.colcon_core.package_discovery:discover_packages(path) discover
[0.755s] Level 1:colcon.colcon_core.package_discovery:discover_packages(path) using defaults
[0.798s] Level 1:colcon.colcon_core.package_discovery:discover_packages(prefix_path) check parameters
[0.798s] Level 1:colcon.colcon_core.package_discovery:discover_packages(prefix_path) discover
[0.804s] DEBUG:colcon.colcon_installed_package_information.package_discovery:Found 8 installed packages in /home/lydia-chheng/ros2_ws/install
[0.808s] DEBUG:colcon.colcon_installed_package_information.package_discovery:Found 294 installed packages in /opt/ros/humble
[0.813s] Level 1:colcon.colcon_core.package_discovery:discover_packages(prefix_path) using defaults
[0.910s] Level 5:colcon.colcon_core.verb:set package 'action_interface' build argument 'cmake_args' from command line to 'None'
[0.910s] Level 5:colcon.colcon_core.verb:set package 'action_interface' build argument 'cmake_target' from command line to 'None'
[0.910s] Level 5:colcon.colcon_core.verb:set package 'action_interface' build argument 'cmake_target_skip_unavailable' from command line to 'False'
[0.910s] Level 5:colcon.colcon_core.verb:set package 'action_interface' build argument 'cmake_clean_cache' from command line to 'False'
[0.910s] Level 5:colcon.colcon_core.verb:set package 'action_interface' build argument 'cmake_clean_first' from command line to 'False'
[0.910s] Level 5:colcon.colcon_core.verb:set package 'action_interface' build argument 'cmake_force_configure' from command line to 'False'
[0.910s] Level 5:colcon.colcon_core.verb:set package 'action_interface' build argument 'ament_cmake_args' from command line to 'None'
[0.910s] Level 5:colcon.colcon_core.verb:set package 'action_interface' build argument 'catkin_cmake_args' from command line to 'None'
[0.910s] Level 5:colcon.colcon_core.verb:set package 'action_interface' build argument 'catkin_skip_building_tests' from command line to 'False'
[0.910s] DEBUG:colcon.colcon_core.verb:Building package 'action_interface' with the following arguments: {'ament_cmake_args': None, 'build_base': '/home/lydia-chheng/ros2_ws/build/action_interface', 'catkin_cmake_args': None, 'catkin_skip_building_tests': False, 'cmake_args': None, 'cmake_clean_cache': False, 'cmake_clean_first': False, 'cmake_force_configure': False, 'cmake_target': None, 'cmake_target_skip_unavailable': False, 'install_base': '/home/lydia-chheng/ros2_ws/install/action_interface', 'merge_install': False, 'path': '/home/lydia-chheng/ros2_ws/src/action_interface', 'symlink_install': False, 'test_result_base': None}
[0.911s] Level 5:colcon.colcon_core.verb:set package 'meow' build argument 'cmake_args' from command line to 'None'
[0.911s] Level 5:colcon.colcon_core.verb:set package 'meow' build argument 'cmake_target' from command line to 'None'
[0.911s] Level 5:colcon.colcon_core.verb:set package 'meow' build argument 'cmake_target_skip_unavailable' from command line to 'False'
[0.911s] Level 5:colcon.colcon_core.verb:set package 'meow' build argument 'cmake_clean_cache' from command line to 'False'
[0.911s] Level 5:colcon.colcon_core.verb:set package 'meow' build argument 'cmake_clean_first' from command line to 'False'
[0.912s] Level 5:colcon.colcon_core.verb:set package 'meow' build argument 'cmake_force_configure' from command line to 'False'
[0.912s] Level 5:colcon.colcon_core.verb:set package 'meow' build argument 'ament_cmake_args' from command line to 'None'
[0.912s] Level 5:colcon.colcon_core.verb:set package 'meow' build argument 'catkin_cmake_args' from command line to 'None'
[0.912s] Level 5:colcon.colcon_core.verb:set package 'meow' build argument 'catkin_skip_building_tests' from command line to 'False'
[0.912s] DEBUG:colcon.colcon_core.verb:Building package 'meow' with the following arguments: {'ament_cmake_args': None, 'build_base': '/home/lydia-chheng/ros2_ws/build/meow', 'catkin_cmake_args': None, 'catkin_skip_building_tests': False, 'cmake_args': None, 'cmake_clean_cache': False, 'cmake_clean_first': False, 'cmake_force_configure': False, 'cmake_target': None, 'cmake_target_skip_unavailable': False, 'install_base': '/home/lydia-chheng/ros2_ws/install/meow', 'merge_install': False, 'path': '/home/lydia-chheng/ros2_ws/src/meow', 'symlink_install': False, 'test_result_base': None}
[0.913s] Level 5:colcon.colcon_core.verb:set package 'parameters' build argument 'cmake_args' from command line to 'None'
[0.913s] Level 5:colcon.colcon_core.verb:set package 'parameters' build argument 'cmake_target' from command line to 'None'
[0.913s] Level 5:colcon.colcon_core.verb:set package 'parameters' build argument 'cmake_target_skip_unavailable' from command line to 'False'
[0.913s] Level 5:colcon.colcon_core.verb:set package 'parameters' build argument 'cmake_clean_cache' from command line to 'False'
[0.913s] Level 5:colcon.colcon_core.verb:set package 'parameters' build argument 'cmake_clean_first' from command line to 'False'
[0.914s] Level 5:colcon.colcon_core.verb:set package 'parameters' build argument 'cmake_force_configure' from command line to 'False'
[0.914s] Level 5:colcon.colcon_core.verb:set package 'parameters' build argument 'ament_cmake_args' from command line to 'None'
[0.914s] Level 5:colcon.colcon_core.verb:set package 'parameters' build argument 'catkin_cmake_args' from command line to 'None'
[0.914s] Level 5:colcon.colcon_core.verb:set package 'parameters' build argument 'catkin_skip_building_tests' from command line to 'False'
[0.914s] DEBUG:colcon.colcon_core.verb:Building package 'parameters' with the following arguments: {'ament_cmake_args': None, 'build_base': '/home/lydia-chheng/ros2_ws/build/parameters', 'catkin_cmake_args': None, 'catkin_skip_building_tests': False, 'cmake_args': None, 'cmake_clean_cache': False, 'cmake_clean_first': False, 'cmake_force_configure': False, 'cmake_target': None, 'cmake_target_skip_unavailable': False, 'install_base': '/home/lydia-chheng/ros2_ws/install/parameters', 'merge_install': False, 'path': '/home/lydia-chheng/ros2_ws/src/parameters', 'symlink_install': False, 'test_result_base': None}
[0.915s] Level 5:colcon.colcon_core.verb:set package 'test1' build argument 'cmake_args' from command line to 'None'
[0.915s] Level 5:colcon.colcon_core.verb:set package 'test1' build argument 'cmake_target' from command line to 'None'
[0.915s] Level 5:colcon.colcon_core.verb:set package 'test1' build argument 'cmake_target_skip_unavailable' from command line to 'False'
[0.915s] Level 5:colcon.colcon_core.verb:set package 'test1' build argument 'cmake_clean_cache' from command line to 'False'
[0.915s] Level 5:colcon.colcon_core.verb:set package 'test1' build argument 'cmake_clean_first' from command line to 'False'
[0.915s] Level 5:colcon.colcon_core.verb:set package 'test1' build argument 'cmake_force_configure' from command line to 'False'
[0.915s] Level 5:colcon.colcon_core.verb:set package 'test1' build argument 'ament_cmake_args' from command line to 'None'
[0.916s] Level 5:colcon.colcon_core.verb:set package 'test1' build argument 'catkin_cmake_args' from command line to 'None'
[0.916s] Level 5:colcon.colcon_core.verb:set package 'test1' build argument 'catkin_skip_building_tests' from command line to 'False'
[0.916s] DEBUG:colcon.colcon_core.verb:Building package 'test1' with the following arguments: {'ament_cmake_args': None, 'build_base': '/home/lydia-chheng/ros2_ws/build/test1', 'catkin_cmake_args': None, 'catkin_skip_building_tests': False, 'cmake_args': None, 'cmake_clean_cache': False, 'cmake_clean_first': False, 'cmake_force_configure': False, 'cmake_target': None, 'cmake_target_skip_unavailable': False, 'install_base': '/home/lydia-chheng/ros2_ws/install/test1', 'merge_install': False, 'path': '/home/lydia-chheng/ros2_ws/src/test1', 'symlink_install': False, 'test_result_base': None}
[0.917s] Level 5:colcon.colcon_core.verb:set package 'test2' build argument 'cmake_args' from command line to 'None'
[0.917s] Level 5:colcon.colcon_core.verb:set package 'test2' build argument 'cmake_target' from command line to 'None'
[0.917s] Level 5:colcon.colcon_core.verb:set package 'test2' build argument 'cmake_target_skip_unavailable' from command line to 'False'
[0.917s] Level 5:colcon.colcon_core.verb:set package 'test2' build argument 'cmake_clean_cache' from command line to 'False'
[0.917s] Level 5:colcon.colcon_core.verb:set package 'test2' build argument 'cmake_clean_first' from command line to 'False'
[0.917s] Level 5:colcon.colcon_core.verb:set package 'test2' build argument 'cmake_force_configure' from command line to 'False'
[0.917s] Level 5:colcon.colcon_core.verb:set package 'test2' build argument 'ament_cmake_args' from command line to 'None'
[0.918s] Level 5:colcon.colcon_core.verb:set package 'test2' build argument 'catkin_cmake_args' from command line to 'None'
[0.918s] Level 5:colcon.colcon_core.verb:set package 'test2' build argument 'catkin_skip_building_tests' from command line to 'False'
[0.918s] DEBUG:colcon.colcon_core.verb:Building package 'test2' with the following arguments: {'ament_cmake_args': None, 'build_base': '/home/lydia-chheng/ros2_ws/build/test2', 'catkin_cmake_args': None, 'catkin_skip_building_tests': False, 'cmake_args': None, 'cmake_clean_cache': False, 'cmake_clean_first': False, 'cmake_force_configure': False, 'cmake_target': None, 'cmake_target_skip_unavailable': False, 'install_base': '/home/lydia-chheng/ros2_ws/install/test2', 'merge_install': False, 'path': '/home/lydia-chheng/ros2_ws/src/test2', 'symlink_install': False, 'test_result_base': None}
[0.919s] Level 5:colcon.colcon_core.verb:set package 'test_custom_msg_srv' build argument 'cmake_args' from command line to 'None'
[0.919s] Level 5:colcon.colcon_core.verb:set package 'test_custom_msg_srv' build argument 'cmake_target' from command line to 'None'
[0.919s] Level 5:colcon.colcon_core.verb:set package 'test_custom_msg_srv' build argument 'cmake_target_skip_unavailable' from command line to 'False'
[0.919s] Level 5:colcon.colcon_core.verb:set package 'test_custom_msg_srv' build argument 'cmake_clean_cache' from command line to 'False'
[0.919s] Level 5:colcon.colcon_core.verb:set package 'test_custom_msg_srv' build argument 'cmake_clean_first' from command line to 'False'
[0.919s] Level 5:colcon.colcon_core.verb:set package 'test_custom_msg_srv' build argument 'cmake_force_configure' from command line to 'False'
[0.919s] Level 5:colcon.colcon_core.verb:set package 'test_custom_msg_srv' build argument 'ament_cmake_args' from command line to 'None'
[0.919s] Level 5:colcon.colcon_core.verb:set package 'test_custom_msg_srv' build argument 'catkin_cmake_args' from command line to 'None'
[0.919s] Level 5:colcon.colcon_core.verb:set package 'test_custom_msg_srv' build argument 'catkin_skip_building_tests' from command line to 'False'
[0.919s] DEBUG:colcon.colcon_core.verb:Building package 'test_custom_msg_srv' with the following arguments: {'ament_cmake_args': None, 'build_base': '/home/lydia-chheng/ros2_ws/build/test_custom_msg_srv', 'catkin_cmake_args': None, 'catkin_skip_building_tests': False, 'cmake_args': None, 'cmake_clean_cache': False, 'cmake_clean_first': False, 'cmake_force_configure': False, 'cmake_target': None, 'cmake_target_skip_unavailable': False, 'install_base': '/home/lydia-chheng/ros2_ws/install/test_custom_msg_srv', 'merge_install': False, 'path': '/home/lydia-chheng/ros2_ws/src/test_custom_msg_srv', 'symlink_install': False, 'test_result_base': None}
[0.920s] Level 5:colcon.colcon_core.verb:set package 'test_srv_cli' build argument 'cmake_args' from command line to 'None'
[0.920s] Level 5:colcon.colcon_core.verb:set package 'test_srv_cli' build argument 'cmake_target' from command line to 'None'
[0.920s] Level 5:colcon.colcon_core.verb:set package 'test_srv_cli' build argument 'cmake_target_skip_unavailable' from command line to 'False'
[0.920s] Level 5:colcon.colcon_core.verb:set package 'test_srv_cli' build argument 'cmake_clean_cache' from command line to 'False'
[0.921s] Level 5:colcon.colcon_core.verb:set package 'test_srv_cli' build argument 'cmake_clean_first' from command line to 'False'
[0.921s] Level 5:colcon.colcon_core.verb:set package 'test_srv_cli' build argument 'cmake_force_configure' from command line to 'False'
[0.921s] Level 5:colcon.colcon_core.verb:set package 'test_srv_cli' build argument 'ament_cmake_args' from command line to 'None'
[0.921s] Level 5:colcon.colcon_core.verb:set package 'test_srv_cli' build argument 'catkin_cmake_args' from command line to 'None'
[0.921s] Level 5:colcon.colcon_core.verb:set package 'test_srv_cli' build argument 'catkin_skip_building_tests' from command line to 'False'
[0.921s] DEBUG:colcon.colcon_core.verb:Building package 'test_srv_cli' with the following arguments: {'ament_cmake_args': None, 'build_base': '/home/lydia-chheng/ros2_ws/build/test_srv_cli', 'catkin_cmake_args': None, 'catkin_skip_building_tests': False, 'cmake_args': None, 'cmake_clean_cache': False, 'cmake_clean_first': False, 'cmake_force_configure': False, 'cmake_target': None, 'cmake_target_skip_unavailable': False, 'install_base': '/home/lydia-chheng/ros2_ws/install/test_srv_cli', 'merge_install': False, 'path': '/home/lydia-chheng/ros2_ws/src/test_srv_cli', 'symlink_install': False, 'test_result_base': None}
[0.922s] Level 5:colcon.colcon_core.verb:set package 'test_pub_sub' build argument 'cmake_args' from command line to 'None'
[0.922s] Level 5:colcon.colcon_core.verb:set package 'test_pub_sub' build argument 'cmake_target' from command line to 'None'
[0.922s] Level 5:colcon.colcon_core.verb:set package 'test_pub_sub' build argument 'cmake_target_skip_unavailable' from command line to 'False'
[0.922s] Level 5:colcon.colcon_core.verb:set package 'test_pub_sub' build argument 'cmake_clean_cache' from command line to 'False'
[0.922s] Level 5:colcon.colcon_core.verb:set package 'test_pub_sub' build argument 'cmake_clean_first' from command line to 'False'
[0.922s] Level 5:colcon.colcon_core.verb:set package 'test_pub_sub' build argument 'cmake_force_configure' from command line to 'False'
[0.922s] Level 5:colcon.colcon_core.verb:set package 'test_pub_sub' build argument 'ament_cmake_args' from command line to 'None'
[0.922s] Level 5:colcon.colcon_core.verb:set package 'test_pub_sub' build argument 'catkin_cmake_args' from command line to 'None'
[0.922s] Level 5:colcon.colcon_core.verb:set package 'test_pub_sub' build argument 'catkin_skip_building_tests' from command line to 'False'
[0.922s] DEBUG:colcon.colcon_core.verb:Building package 'test_pub_sub' with the following arguments: {'ament_cmake_args': None, 'build_base': '/home/lydia-chheng/ros2_ws/build/test_pub_sub', 'catkin_cmake_args': None, 'catkin_skip_building_tests': False, 'cmake_args': None, 'cmake_clean_cache': False, 'cmake_clean_first': False, 'cmake_force_configure': False, 'cmake_target': None, 'cmake_target_skip_unavailable': False, 'install_base': '/home/lydia-chheng/ros2_ws/install/test_pub_sub', 'merge_install': False, 'path': '/home/lydia-chheng/ros2_ws/src/test_pub_sub', 'symlink_install': False, 'test_result_base': None}
[0.922s] INFO:colcon.colcon_core.executor:Executing jobs using 'parallel' executor
[0.925s] DEBUG:colcon.colcon_parallel_executor.executor.parallel:run_until_complete
[0.925s] INFO:colcon.colcon_ros.task.ament_cmake.build:Building ROS package in '/home/lydia-chheng/ros2_ws/src/test_custom_msg_srv' with build type 'ament_cmake'
[0.926s] INFO:colcon.colcon_cmake.task.cmake.build:Building CMake package in '/home/lydia-chheng/ros2_ws/src/test_custom_msg_srv'
[0.931s] INFO:colcon.colcon_core.plugin_system:Skipping extension 'colcon_core.shell.bat': Not used on non-Windows systems
[0.932s] INFO:colcon.colcon_core.shell:Skip shell extension 'powershell' for command environment: Not usable outside of PowerShell
[0.932s] DEBUG:colcon.colcon_core.shell:Skip shell extension 'dsv' for command environment
[0.941s] INFO:colcon.colcon_ros.task.ament_cmake.build:Building ROS package in '/home/lydia-chheng/ros2_ws/src/action_interface' with build type 'ament_cmake'
[0.942s] INFO:colcon.colcon_cmake.task.cmake.build:Building CMake package in '/home/lydia-chheng/ros2_ws/src/action_interface'
[0.943s] INFO:colcon.colcon_core.shell:Skip shell extension 'powershell' for command environment: Not usable outside of PowerShell
[0.943s] DEBUG:colcon.colcon_core.shell:Skip shell extension 'dsv' for command environment
[0.951s] INFO:colcon.colcon_ros.task.ament_python.build:Building ROS package in '/home/lydia-chheng/ros2_ws/src/meow' with build type 'ament_python'
[0.953s] Level 1:colcon.colcon_core.shell:create_environment_hook('meow', 'ament_prefix_path')
[0.953s] INFO:colcon.colcon_core.shell:Creating environment hook '/home/lydia-chheng/ros2_ws/install/meow/share/meow/hook/ament_prefix_path.ps1'
[0.955s] INFO:colcon.colcon_core.shell:Creating environment descriptor '/home/lydia-chheng/ros2_ws/install/meow/share/meow/hook/ament_prefix_path.dsv'
[0.956s] INFO:colcon.colcon_core.shell:Creating environment hook '/home/lydia-chheng/ros2_ws/install/meow/share/meow/hook/ament_prefix_path.sh'
[0.958s] INFO:colcon.colcon_core.shell:Skip shell extension 'powershell' for command environment: Not usable outside of PowerShell
[0.958s] DEBUG:colcon.colcon_core.shell:Skip shell extension 'dsv' for command environment
[0.966s] INFO:colcon.colcon_ros.task.ament_python.build:Building ROS package in '/home/lydia-chheng/ros2_ws/src/parameters' with build type 'ament_python'
[0.966s] Level 1:colcon.colcon_core.shell:create_environment_hook('parameters', 'ament_prefix_path')
[0.967s] INFO:colcon.colcon_core.shell:Creating environment hook '/home/lydia-chheng/ros2_ws/install/parameters/share/parameters/hook/ament_prefix_path.ps1'
[0.968s] INFO:colcon.colcon_core.shell:Creating environment descriptor '/home/lydia-chheng/ros2_ws/install/parameters/share/parameters/hook/ament_prefix_path.dsv'
[0.969s] INFO:colcon.colcon_core.shell:Creating environment hook '/home/lydia-chheng/ros2_ws/install/parameters/share/parameters/hook/ament_prefix_path.sh'
[0.970s] INFO:colcon.colcon_core.shell:Skip shell extension 'powershell' for command environment: Not usable outside of PowerShell
[0.970s] DEBUG:colcon.colcon_core.shell:Skip shell extension 'dsv' for command environment
[0.986s] DEBUG:colcon.colcon_core.event_handler.log_command:Invoking command in '/home/lydia-chheng/ros2_ws/build/test_custom_msg_srv': CMAKE_PREFIX_PATH=${CMAKE_PREFIX_PATH}:/home/lydia-chheng/ros2_ws/install/test_srv_cli:/home/lydia-chheng/ros2_ws/install/test_pub_sub:/home/lydia-chheng/ros2_ws/install/test2:/home/lydia-chheng/ros2_ws/install/parameters:/home/lydia-chheng/ros2_ws/install/meow:/opt/ros/humble /usr/bin/cmake --build /home/lydia-chheng/ros2_ws/build/test_custom_msg_srv -- -j4 -l4
[1.002s] DEBUG:colcon.colcon_core.event_handler.log_command:Invoking command in '/home/lydia-chheng/ros2_ws/build/action_interface': CMAKE_PREFIX_PATH=${CMAKE_PREFIX_PATH}:/home/lydia-chheng/ros2_ws/install/test_srv_cli:/home/lydia-chheng/ros2_ws/install/test_pub_sub:/home/lydia-chheng/ros2_ws/install/test2:/home/lydia-chheng/ros2_ws/install/parameters:/home/lydia-chheng/ros2_ws/install/meow:/opt/ros/humble /usr/bin/cmake --build /home/lydia-chheng/ros2_ws/build/action_interface -- -j4 -l4
[1.911s] INFO:colcon.colcon_core.task.python.build:Building Python package in '/home/lydia-chheng/ros2_ws/src/meow'
[1.912s] INFO:colcon.colcon_core.shell:Skip shell extension 'powershell' for command environment: Not usable outside of PowerShell
[1.913s] DEBUG:colcon.colcon_core.shell:Skip shell extension 'dsv' for command environment
[2.864s] INFO:colcon.colcon_core.task.python.build:Building Python package in '/home/lydia-chheng/ros2_ws/src/parameters'
[2.865s] INFO:colcon.colcon_core.shell:Skip shell extension 'powershell' for command environment: Not usable outside of PowerShell
[2.865s] DEBUG:colcon.colcon_core.shell:Skip shell extension 'dsv' for command environment
[4.071s] DEBUG:colcon.colcon_core.event_handler.log_command:Invoked command in '/home/lydia-chheng/ros2_ws/build/action_interface' returned '0': CMAKE_PREFIX_PATH=${CMAKE_PREFIX_PATH}:/home/lydia-chheng/ros2_ws/install/test_srv_cli:/home/lydia-chheng/ros2_ws/install/test_pub_sub:/home/lydia-chheng/ros2_ws/install/test2:/home/lydia-chheng/ros2_ws/install/parameters:/home/lydia-chheng/ros2_ws/install/meow:/opt/ros/humble /usr/bin/cmake --build /home/lydia-chheng/ros2_ws/build/action_interface -- -j4 -l4
[4.105s] DEBUG:colcon.colcon_core.event_handler.log_command:Invoking command in '/home/lydia-chheng/ros2_ws/build/action_interface': CMAKE_PREFIX_PATH=${CMAKE_PREFIX_PATH}:/home/lydia-chheng/ros2_ws/install/test_srv_cli:/home/lydia-chheng/ros2_ws/install/test_pub_sub:/home/lydia-chheng/ros2_ws/install/test2:/home/lydia-chheng/ros2_ws/install/parameters:/home/lydia-chheng/ros2_ws/install/meow:/opt/ros/humble /usr/bin/cmake --install /home/lydia-chheng/ros2_ws/build/action_interface
[4.571s] Level 1:colcon.colcon_core.environment:create_environment_scripts_only(action_interface)
[4.574s] DEBUG:colcon.colcon_core.event_handler.log_command:Invoked command in '/home/lydia-chheng/ros2_ws/build/action_interface' returned '0': CMAKE_PREFIX_PATH=${CMAKE_PREFIX_PATH}:/home/lydia-chheng/ros2_ws/install/test_srv_cli:/home/lydia-chheng/ros2_ws/install/test_pub_sub:/home/lydia-chheng/ros2_ws/install/test2:/home/lydia-chheng/ros2_ws/install/parameters:/home/lydia-chheng/ros2_ws/install/meow:/opt/ros/humble /usr/bin/cmake --install /home/lydia-chheng/ros2_ws/build/action_interface
[4.583s] Level 1:colcon.colcon_core.environment:checking '/home/lydia-chheng/ros2_ws/install/action_interface' for CMake module files
[4.593s] Level 1:colcon.colcon_core.environment:checking '/home/lydia-chheng/ros2_ws/install/action_interface' for CMake config files
[4.594s] Level 1:colcon.colcon_core.shell:create_environment_hook('action_interface', 'cmake_prefix_path')
[4.595s] INFO:colcon.colcon_core.shell:Creating environment hook '/home/lydia-chheng/ros2_ws/install/action_interface/share/action_interface/hook/cmake_prefix_path.ps1'
[4.602s] INFO:colcon.colcon_core.shell:Creating environment descriptor '/home/lydia-chheng/ros2_ws/install/action_interface/share/action_interface/hook/cmake_prefix_path.dsv'
[4.603s] INFO:colcon.colcon_core.shell:Creating environment hook '/home/lydia-chheng/ros2_ws/install/action_interface/share/action_interface/hook/cmake_prefix_path.sh'
[4.609s] Level 1:colcon.colcon_core.environment:checking '/home/lydia-chheng/ros2_ws/install/action_interface/lib'
[4.609s] Level 1:colcon.colcon_core.shell:create_environment_hook('action_interface', 'ld_library_path_lib')
[4.610s] INFO:colcon.colcon_core.shell:Creating environment hook '/home/lydia-chheng/ros2_ws/install/action_interface/share/action_interface/hook/ld_library_path_lib.ps1'
[4.614s] INFO:colcon.colcon_core.shell:Creating environment descriptor '/home/lydia-chheng/ros2_ws/install/action_interface/share/action_interface/hook/ld_library_path_lib.dsv'
[4.615s] INFO:colcon.colcon_core.shell:Creating environment hook '/home/lydia-chheng/ros2_ws/install/action_interface/share/action_interface/hook/ld_library_path_lib.sh'
[4.616s] Level 1:colcon.colcon_core.environment:checking '/home/lydia-chheng/ros2_ws/install/action_interface/bin'
[4.616s] Level 1:colcon.colcon_core.environment:checking '/home/lydia-chheng/ros2_ws/install/action_interface/lib/pkgconfig/action_interface.pc'
[4.617s] Level 1:colcon.colcon_core.environment:checking '/home/lydia-chheng/ros2_ws/install/action_interface/lib/python3.10/site-packages'
[4.617s] Level 1:colcon.colcon_core.environment:checking '/home/lydia-chheng/ros2_ws/install/action_interface/bin'
[4.618s] INFO:colcon.colcon_core.shell:Creating package script '/home/lydia-chheng/ros2_ws/install/action_interface/share/action_interface/package.ps1'
[4.626s] INFO:colcon.colcon_core.shell:Creating package descriptor '/home/lydia-chheng/ros2_ws/install/action_interface/share/action_interface/package.dsv'
[4.630s] INFO:colcon.colcon_core.shell:Creating package script '/home/lydia-chheng/ros2_ws/install/action_interface/share/action_interface/package.sh'
[4.634s] INFO:colcon.colcon_core.shell:Creating package script '/home/lydia-chheng/ros2_ws/install/action_interface/share/action_interface/package.bash'
[4.642s] INFO:colcon.colcon_core.shell:Creating package script '/home/lydia-chheng/ros2_ws/install/action_interface/share/action_interface/package.zsh'
[4.646s] Level 1:colcon.colcon_core.environment:create_file_with_runtime_dependencies(/home/lydia-chheng/ros2_ws/install/action_interface/share/colcon-core/packages/action_interface)
[4.648s] Level 1:colcon.colcon_core.environment:create_environment_scripts_only(action_interface)
[4.648s] Level 1:colcon.colcon_core.environment:checking '/home/lydia-chheng/ros2_ws/install/action_interface' for CMake module files
[4.651s] Level 1:colcon.colcon_core.environment:checking '/home/lydia-chheng/ros2_ws/install/action_interface' for CMake config files
[4.656s] Level 1:colcon.colcon_core.shell:create_environment_hook('action_interface', 'cmake_prefix_path')
[4.657s] INFO:colcon.colcon_core.shell:Creating environment hook '/home/lydia-chheng/ros2_ws/install/action_interface/share/action_interface/hook/cmake_prefix_path.ps1'
[4.661s] INFO:colcon.colcon_core.shell:Creating environment descriptor '/home/lydia-chheng/ros2_ws/install/action_interface/share/action_interface/hook/cmake_prefix_path.dsv'
[4.665s] INFO:colcon.colcon_core.shell:Creating environment hook '/home/lydia-chheng/ros2_ws/install/action_interface/share/action_interface/hook/cmake_prefix_path.sh'
[4.666s] Level 1:colcon.colcon_core.environment:checking '/home/lydia-chheng/ros2_ws/install/action_interface/lib'
[4.667s] Level 1:colcon.colcon_core.shell:create_environment_hook('action_interface', 'ld_library_path_lib')
[4.667s] INFO:colcon.colcon_core.shell:Creating environment hook '/home/lydia-chheng/ros2_ws/install/action_interface/share/action_interface/hook/ld_library_path_lib.ps1'
[4.672s] INFO:colcon.colcon_core.shell:Creating environment descriptor '/home/lydia-chheng/ros2_ws/install/action_interface/share/action_interface/hook/ld_library_path_lib.dsv'
[4.673s] INFO:colcon.colcon_core.shell:Creating environment hook '/home/lydia-chheng/ros2_ws/install/action_interface/share/action_interface/hook/ld_library_path_lib.sh'
[4.678s] Level 1:colcon.colcon_core.environment:checking '/home/lydia-chheng/ros2_ws/install/action_interface/bin'
[4.678s] Level 1:colcon.colcon_core.environment:checking '/home/lydia-chheng/ros2_ws/install/action_interface/lib/pkgconfig/action_interface.pc'
[4.679s] Level 1:colcon.colcon_core.environment:checking '/home/lydia-chheng/ros2_ws/install/action_interface/lib/python3.10/site-packages'
[4.684s] Level 1:colcon.colcon_core.environment:checking '/home/lydia-chheng/ros2_ws/install/action_interface/bin'
[4.688s] INFO:colcon.colcon_core.shell:Creating package script '/home/lydia-chheng/ros2_ws/install/action_interface/share/action_interface/package.ps1'
[4.697s] INFO:colcon.colcon_core.shell:Creating package descriptor '/home/lydia-chheng/ros2_ws/install/action_interface/share/action_interface/package.dsv'
[4.698s] INFO:colcon.colcon_core.shell:Creating package script '/home/lydia-chheng/ros2_ws/install/action_interface/share/action_interface/package.sh'
[4.705s] INFO:colcon.colcon_core.shell:Creating package script '/home/lydia-chheng/ros2_ws/install/action_interface/share/action_interface/package.bash'
[4.707s] INFO:colcon.colcon_core.shell:Creating package script '/home/lydia-chheng/ros2_ws/install/action_interface/share/action_interface/package.zsh'
[4.708s] Level 1:colcon.colcon_core.environment:create_file_with_runtime_dependencies(/home/lydia-chheng/ros2_ws/install/action_interface/share/colcon-core/packages/action_interface)
[4.713s] INFO:colcon.colcon_core.task.python.build:Building Python package in '/home/lydia-chheng/ros2_ws/src/test1'
[4.716s] INFO:colcon.colcon_core.shell:Skip shell extension 'powershell' for command environment: Not usable outside of PowerShell
[4.717s] DEBUG:colcon.colcon_core.shell:Skip shell extension 'dsv' for command environment
[5.665s] DEBUG:colcon.colcon_core.event_handler.log_command:Invoking command in '/home/lydia-chheng/ros2_ws/src/meow': PYTHONPATH=/home/lydia-chheng/ros2_ws/build/meow/prefix_override:/usr/lib/python3/dist-packages/colcon_core/task/python/colcon_distutils_commands:/home/lydia-chheng/ros2_ws/install/meow/lib/python3.10/site-packages:${PYTHONPATH} /usr/bin/python3 -W ignore:setup.py install is deprecated -W ignore:easy_install command is deprecated setup.py egg_info --egg-base ../../build/meow build --build-base /home/lydia-chheng/ros2_ws/build/meow/build install --record /home/lydia-chheng/ros2_ws/build/meow/install.log --single-version-externally-managed install_data
[5.719s] DEBUG:colcon.colcon_core.event_handler.log_command:Invoking command in '/home/lydia-chheng/ros2_ws/src/parameters': PYTHONPATH=/home/lydia-chheng/ros2_ws/build/parameters/prefix_override:/usr/lib/python3/dist-packages/colcon_core/task/python/colcon_distutils_commands:/home/lydia-chheng/ros2_ws/install/parameters/lib/python3.10/site-packages:${PYTHONPATH} /usr/bin/python3 -W ignore:setup.py install is deprecated -W ignore:easy_install command is deprecated setup.py egg_info --egg-base ../../build/parameters build --build-base /home/lydia-chheng/ros2_ws/build/parameters/build install --record /home/lydia-chheng/ros2_ws/build/parameters/install.log --single-version-externally-managed install_data
[8.501s] DEBUG:colcon.colcon_core.event_handler.log_command:Invoking command in '/home/lydia-chheng/ros2_ws/src/test1': PYTHONPATH=/home/lydia-chheng/ros2_ws/build/test1/prefix_override:/usr/lib/python3/dist-packages/colcon_core/task/python/colcon_distutils_commands:/home/lydia-chheng/ros2_ws/install/test1/lib/python3.10/site-packages:${PYTHONPATH} /usr/bin/python3 -W ignore:setup.py install is deprecated -W ignore:easy_install command is deprecated setup.py egg_info --egg-base ../../build/test1 build --build-base /home/lydia-chheng/ros2_ws/build/test1/build install --record /home/lydia-chheng/ros2_ws/build/test1/install.log --single-version-externally-managed install_data
[9.691s] Level 1:colcon.colcon_core.environment:checking '/home/lydia-chheng/ros2_ws/install/parameters' for CMake module files
[9.693s] DEBUG:colcon.colcon_core.event_handler.log_command:Invoked command in '/home/lydia-chheng/ros2_ws/src/parameters' returned '0': PYTHONPATH=/home/lydia-chheng/ros2_ws/build/parameters/prefix_override:/usr/lib/python3/dist-packages/colcon_core/task/python/colcon_distutils_commands:/home/lydia-chheng/ros2_ws/install/parameters/lib/python3.10/site-packages:${PYTHONPATH} /usr/bin/python3 -W ignore:setup.py install is deprecated -W ignore:easy_install command is deprecated setup.py egg_info --egg-base ../../build/parameters build --build-base /home/lydia-chheng/ros2_ws/build/parameters/build install --record /home/lydia-chheng/ros2_ws/build/parameters/install.log --single-version-externally-managed install_data
[9.696s] Level 1:colcon.colcon_core.environment:checking '/home/lydia-chheng/ros2_ws/install/parameters' for CMake config files
[9.701s] Level 1:colcon.colcon_core.environment:checking '/home/lydia-chheng/ros2_ws/install/parameters/lib'
[9.702s] Level 1:colcon.colcon_core.environment:checking '/home/lydia-chheng/ros2_ws/install/parameters/bin'
[9.702s] Level 1:colcon.colcon_core.environment:checking '/home/lydia-chheng/ros2_ws/install/parameters/lib/pkgconfig/parameters.pc'
[9.702s] Level 1:colcon.colcon_core.environment:checking '/home/lydia-chheng/ros2_ws/install/parameters/lib/python3.10/site-packages'
[9.703s] Level 1:colcon.colcon_core.shell:create_environment_hook('parameters', 'pythonpath')
[9.703s] INFO:colcon.colcon_core.shell:Creating environment hook '/home/lydia-chheng/ros2_ws/install/parameters/share/parameters/hook/pythonpath.ps1'
[9.709s] INFO:colcon.colcon_core.shell:Creating environment descriptor '/home/lydia-chheng/ros2_ws/install/parameters/share/parameters/hook/pythonpath.dsv'
[9.709s] INFO:colcon.colcon_core.shell:Creating environment hook '/home/lydia-chheng/ros2_ws/install/parameters/share/parameters/hook/pythonpath.sh'
[9.716s] Level 1:colcon.colcon_core.environment:checking '/home/lydia-chheng/ros2_ws/install/parameters/bin'
[9.719s] Level 1:colcon.colcon_core.environment:create_environment_scripts_only(parameters)
[9.722s] INFO:colcon.colcon_core.shell:Creating package script '/home/lydia-chheng/ros2_ws/install/parameters/share/parameters/package.ps1'
[9.726s] INFO:colcon.colcon_core.shell:Creating package descriptor '/home/lydia-chheng/ros2_ws/install/parameters/share/parameters/package.dsv'
[9.731s] INFO:colcon.colcon_core.shell:Creating package script '/home/lydia-chheng/ros2_ws/install/parameters/share/parameters/package.sh'
[9.735s] INFO:colcon.colcon_core.shell:Creating package script '/home/lydia-chheng/ros2_ws/install/parameters/share/parameters/package.bash'
[9.737s] INFO:colcon.colcon_core.shell:Creating package script '/home/lydia-chheng/ros2_ws/install/parameters/share/parameters/package.zsh'
[9.741s] Level 1:colcon.colcon_core.environment:create_file_with_runtime_dependencies(/home/lydia-chheng/ros2_ws/install/parameters/share/colcon-core/packages/parameters)
[9.743s] INFO:colcon.colcon_ros.task.ament_python.build:Building ROS package in '/home/lydia-chheng/ros2_ws/src/test2' with build type 'ament_python'
[9.743s] Level 1:colcon.colcon_core.shell:create_environment_hook('test2', 'ament_prefix_path')
[9.744s] INFO:colcon.colcon_core.shell:Creating environment hook '/home/lydia-chheng/ros2_ws/install/test2/share/test2/hook/ament_prefix_path.ps1'
[9.745s] INFO:colcon.colcon_core.shell:Creating environment descriptor '/home/lydia-chheng/ros2_ws/install/test2/share/test2/hook/ament_prefix_path.dsv'
[9.746s] INFO:colcon.colcon_core.shell:Creating environment hook '/home/lydia-chheng/ros2_ws/install/test2/share/test2/hook/ament_prefix_path.sh'
[9.747s] INFO:colcon.colcon_core.shell:Skip shell extension 'powershell' for command environment: Not usable outside of PowerShell
[9.747s] DEBUG:colcon.colcon_core.shell:Skip shell extension 'dsv' for command environment
[10.745s] INFO:colcon.colcon_core.task.python.build:Building Python package in '/home/lydia-chheng/ros2_ws/src/test2'
[10.747s] INFO:colcon.colcon_core.shell:Skip shell extension 'powershell' for command environment: Not usable outside of PowerShell
[10.748s] DEBUG:colcon.colcon_core.shell:Skip shell extension 'dsv' for command environment
[10.764s] Level 1:colcon.colcon_core.environment:checking '/home/lydia-chheng/ros2_ws/install/meow' for CMake module files
[10.767s] DEBUG:colcon.colcon_core.event_handler.log_command:Invoked command in '/home/lydia-chheng/ros2_ws/src/meow' returned '0': PYTHONPATH=/home/lydia-chheng/ros2_ws/build/meow/prefix_override:/usr/lib/python3/dist-packages/colcon_core/task/python/colcon_distutils_commands:/home/lydia-chheng/ros2_ws/install/meow/lib/python3.10/site-packages:${PYTHONPATH} /usr/bin/python3 -W ignore:setup.py install is deprecated -W ignore:easy_install command is deprecated setup.py egg_info --egg-base ../../build/meow build --build-base /home/lydia-chheng/ros2_ws/build/meow/build install --record /home/lydia-chheng/ros2_ws/build/meow/install.log --single-version-externally-managed install_data
[10.770s] Level 1:colcon.colcon_core.environment:checking '/home/lydia-chheng/ros2_ws/install/meow' for CMake config files
[10.772s] Level 1:colcon.colcon_core.environment:checking '/home/lydia-chheng/ros2_ws/install/meow/lib'
[10.773s] Level 1:colcon.colcon_core.environment:checking '/home/lydia-chheng/ros2_ws/install/meow/bin'
[10.774s] Level 1:colcon.colcon_core.environment:checking '/home/lydia-chheng/ros2_ws/install/meow/lib/pkgconfig/meow.pc'
[10.775s] Level 1:colcon.colcon_core.environment:checking '/home/lydia-chheng/ros2_ws/install/meow/lib/python3.10/site-packages'
[10.775s] Level 1:colcon.colcon_core.shell:create_environment_hook('meow', 'pythonpath')
[10.777s] INFO:colcon.colcon_core.shell:Creating environment hook '/home/lydia-chheng/ros2_ws/install/meow/share/meow/hook/pythonpath.ps1'
[10.779s] INFO:colcon.colcon_core.shell:Creating environment descriptor '/home/lydia-chheng/ros2_ws/install/meow/share/meow/hook/pythonpath.dsv'
[10.783s] INFO:colcon.colcon_core.shell:Creating environment hook '/home/lydia-chheng/ros2_ws/install/meow/share/meow/hook/pythonpath.sh'
[10.786s] Level 1:colcon.colcon_core.environment:checking '/home/lydia-chheng/ros2_ws/install/meow/bin'
[10.786s] Level 1:colcon.colcon_core.environment:create_environment_scripts_only(meow)
[10.790s] INFO:colcon.colcon_core.shell:Creating package script '/home/lydia-chheng/ros2_ws/install/meow/share/meow/package.ps1'
[10.794s] INFO:colcon.colcon_core.shell:Creating package descriptor '/home/lydia-chheng/ros2_ws/install/meow/share/meow/package.dsv'
[10.798s] INFO:colcon.colcon_core.shell:Creating package script '/home/lydia-chheng/ros2_ws/install/meow/share/meow/package.sh'
[10.802s] INFO:colcon.colcon_core.shell:Creating package script '/home/lydia-chheng/ros2_ws/install/meow/share/meow/package.bash'
[10.805s] INFO:colcon.colcon_core.shell:Creating package script '/home/lydia-chheng/ros2_ws/install/meow/share/meow/package.zsh'
[10.809s] Level 1:colcon.colcon_core.environment:create_file_with_runtime_dependencies(/home/lydia-chheng/ros2_ws/install/meow/share/colcon-core/packages/meow)
[10.813s] INFO:colcon.colcon_ros.task.ament_python.build:Building ROS package in '/home/lydia-chheng/ros2_ws/src/test_srv_cli' with build type 'ament_python'
[10.813s] Level 1:colcon.colcon_core.shell:create_environment_hook('test_srv_cli', 'ament_prefix_path')
[10.818s] INFO:colcon.colcon_core.shell:Creating environment hook '/home/lydia-chheng/ros2_ws/install/test_srv_cli/share/test_srv_cli/hook/ament_prefix_path.ps1'
[10.823s] INFO:colcon.colcon_core.shell:Creating environment descriptor '/home/lydia-chheng/ros2_ws/install/test_srv_cli/share/test_srv_cli/hook/ament_prefix_path.dsv'
[10.826s] INFO:colcon.colcon_core.shell:Creating environment hook '/home/lydia-chheng/ros2_ws/install/test_srv_cli/share/test_srv_cli/hook/ament_prefix_path.sh'
[10.830s] INFO:colcon.colcon_core.shell:Skip shell extension 'powershell' for command environment: Not usable outside of PowerShell
[10.830s] DEBUG:colcon.colcon_core.shell:Skip shell extension 'dsv' for command environment
[12.437s] INFO:colcon.colcon_core.task.python.build:Building Python package in '/home/lydia-chheng/ros2_ws/src/test_srv_cli'
[12.437s] INFO:colcon.colcon_core.shell:Skip shell extension 'powershell' for command environment: Not usable outside of PowerShell
[12.438s] DEBUG:colcon.colcon_core.shell:Skip shell extension 'dsv' for command environment
[12.464s] Level 1:colcon.colcon_core.environment:checking '/home/lydia-chheng/ros2_ws/install/test1' for CMake module files
[12.465s] DEBUG:colcon.colcon_core.event_handler.log_command:Invoked command in '/home/lydia-chheng/ros2_ws/src/test1' returned '0': PYTHONPATH=/home/lydia-chheng/ros2_ws/build/test1/prefix_override:/usr/lib/python3/dist-packages/colcon_core/task/python/colcon_distutils_commands:/home/lydia-chheng/ros2_ws/install/test1/lib/python3.10/site-packages:${PYTHONPATH} /usr/bin/python3 -W ignore:setup.py install is deprecated -W ignore:easy_install command is deprecated setup.py egg_info --egg-base ../../build/test1 build --build-base /home/lydia-chheng/ros2_ws/build/test1/build install --record /home/lydia-chheng/ros2_ws/build/test1/install.log --single-version-externally-managed install_data
[12.467s] Level 1:colcon.colcon_core.environment:checking '/home/lydia-chheng/ros2_ws/install/test1' for CMake config files
[12.471s] Level 1:colcon.colcon_core.environment:checking '/home/lydia-chheng/ros2_ws/install/test1/lib'
[12.475s] Level 1:colcon.colcon_core.environment:checking '/home/lydia-chheng/ros2_ws/install/test1/bin'
[12.475s] Level 1:colcon.colcon_core.environment:checking '/home/lydia-chheng/ros2_ws/install/test1/lib/pkgconfig/test1.pc'
[12.476s] Level 1:colcon.colcon_core.environment:checking '/home/lydia-chheng/ros2_ws/install/test1/lib/python3.10/site-packages'
[12.476s] Level 1:colcon.colcon_core.shell:create_environment_hook('test1', 'pythonpath')
[12.476s] INFO:colcon.colcon_core.shell:Creating environment hook '/home/lydia-chheng/ros2_ws/install/test1/share/test1/hook/pythonpath.ps1'
[12.478s] INFO:colcon.colcon_core.shell:Creating environment descriptor '/home/lydia-chheng/ros2_ws/install/test1/share/test1/hook/pythonpath.dsv'
[12.483s] INFO:colcon.colcon_core.shell:Creating environment hook '/home/lydia-chheng/ros2_ws/install/test1/share/test1/hook/pythonpath.sh'
[12.491s] Level 1:colcon.colcon_core.environment:checking '/home/lydia-chheng/ros2_ws/install/test1/bin'
[12.492s] Level 1:colcon.colcon_core.environment:create_environment_scripts_only(test1)
[12.495s] INFO:colcon.colcon_core.shell:Creating package script '/home/lydia-chheng/ros2_ws/install/test1/share/test1/package.ps1'
[12.497s] INFO:colcon.colcon_core.shell:Creating package descriptor '/home/lydia-chheng/ros2_ws/install/test1/share/test1/package.dsv'
[12.498s] INFO:colcon.colcon_core.shell:Creating package script '/home/lydia-chheng/ros2_ws/install/test1/share/test1/package.sh'
[12.504s] INFO:colcon.colcon_core.shell:Creating package script '/home/lydia-chheng/ros2_ws/install/test1/share/test1/package.bash'
[12.508s] INFO:colcon.colcon_core.shell:Creating package script '/home/lydia-chheng/ros2_ws/install/test1/share/test1/package.zsh'
[12.509s] Level 1:colcon.colcon_core.environment:create_file_with_runtime_dependencies(/home/lydia-chheng/ros2_ws/install/test1/share/colcon-core/packages/test1)
[12.589s] DEBUG:colcon.colcon_core.event_handler.log_command:Invoked command in '/home/lydia-chheng/ros2_ws/build/test_custom_msg_srv' returned '0': CMAKE_PREFIX_PATH=${CMAKE_PREFIX_PATH}:/home/lydia-chheng/ros2_ws/install/test_srv_cli:/home/lydia-chheng/ros2_ws/install/test_pub_sub:/home/lydia-chheng/ros2_ws/install/test2:/home/lydia-chheng/ros2_ws/install/parameters:/home/lydia-chheng/ros2_ws/install/meow:/opt/ros/humble /usr/bin/cmake --build /home/lydia-chheng/ros2_ws/build/test_custom_msg_srv -- -j4 -l4
[12.593s] DEBUG:colcon.colcon_core.event_handler.log_command:Invoking command in '/home/lydia-chheng/ros2_ws/build/test_custom_msg_srv': CMAKE_PREFIX_PATH=${CMAKE_PREFIX_PATH}:/home/lydia-chheng/ros2_ws/install/test_srv_cli:/home/lydia-chheng/ros2_ws/install/test_pub_sub:/home/lydia-chheng/ros2_ws/install/test2:/home/lydia-chheng/ros2_ws/install/parameters:/home/lydia-chheng/ros2_ws/install/meow:/opt/ros/humble /usr/bin/cmake --install /home/lydia-chheng/ros2_ws/build/test_custom_msg_srv
[12.885s] DEBUG:colcon.colcon_core.event_handler.log_command:Invoked command in '/home/lydia-chheng/ros2_ws/build/test_custom_msg_srv' returned '1': CMAKE_PREFIX_PATH=${CMAKE_PREFIX_PATH}:/home/lydia-chheng/ros2_ws/install/test_srv_cli:/home/lydia-chheng/ros2_ws/install/test_pub_sub:/home/lydia-chheng/ros2_ws/install/test2:/home/lydia-chheng/ros2_ws/install/parameters:/home/lydia-chheng/ros2_ws/install/meow:/opt/ros/humble /usr/bin/cmake --install /home/lydia-chheng/ros2_ws/build/test_custom_msg_srv
[12.888s] Level 1:colcon.colcon_core.environment:create_environment_scripts_only(test_custom_msg_srv)
[12.889s] Level 1:colcon.colcon_core.environment:checking '/home/lydia-chheng/ros2_ws/install/test_custom_msg_srv' for CMake module files
[12.891s] Level 1:colcon.colcon_core.environment:checking '/home/lydia-chheng/ros2_ws/install/test_custom_msg_srv' for CMake config files
[12.892s] Level 1:colcon.colcon_core.shell:create_environment_hook('test_custom_msg_srv', 'cmake_prefix_path')
[12.895s] INFO:colcon.colcon_core.shell:Creating environment hook '/home/lydia-chheng/ros2_ws/install/test_custom_msg_srv/share/test_custom_msg_srv/hook/cmake_prefix_path.ps1'
[12.898s] INFO:colcon.colcon_core.shell:Creating environment descriptor '/home/lydia-chheng/ros2_ws/install/test_custom_msg_srv/share/test_custom_msg_srv/hook/cmake_prefix_path.dsv'
[12.900s] INFO:colcon.colcon_core.shell:Creating environment hook '/home/lydia-chheng/ros2_ws/install/test_custom_msg_srv/share/test_custom_msg_srv/hook/cmake_prefix_path.sh'
[12.901s] Level 1:colcon.colcon_core.environment:checking '/home/lydia-chheng/ros2_ws/install/test_custom_msg_srv/lib'
[12.901s] Level 1:colcon.colcon_core.shell:create_environment_hook('test_custom_msg_srv', 'ld_library_path_lib')
[12.904s] INFO:colcon.colcon_core.shell:Creating environment hook '/home/lydia-chheng/ros2_ws/install/test_custom_msg_srv/share/test_custom_msg_srv/hook/ld_library_path_lib.ps1'
[12.905s] INFO:colcon.colcon_core.shell:Creating environment descriptor '/home/lydia-chheng/ros2_ws/install/test_custom_msg_srv/share/test_custom_msg_srv/hook/ld_library_path_lib.dsv'
[12.906s] INFO:colcon.colcon_core.shell:Creating environment hook '/home/lydia-chheng/ros2_ws/install/test_custom_msg_srv/share/test_custom_msg_srv/hook/ld_library_path_lib.sh'
[12.907s] Level 1:colcon.colcon_core.environment:checking '/home/lydia-chheng/ros2_ws/install/test_custom_msg_srv/bin'
[12.907s] Level 1:colcon.colcon_core.environment:checking '/home/lydia-chheng/ros2_ws/install/test_custom_msg_srv/lib/pkgconfig/test_custom_msg_srv.pc'
[12.907s] Level 1:colcon.colcon_core.environment:checking '/home/lydia-chheng/ros2_ws/install/test_custom_msg_srv/lib/python3.10/site-packages'
[12.908s] Level 1:colcon.colcon_core.environment:checking '/home/lydia-chheng/ros2_ws/install/test_custom_msg_srv/bin'
[12.909s] INFO:colcon.colcon_core.shell:Creating package script '/home/lydia-chheng/ros2_ws/install/test_custom_msg_srv/share/test_custom_msg_srv/package.ps1'
[12.910s] INFO:colcon.colcon_core.shell:Creating package descriptor '/home/lydia-chheng/ros2_ws/install/test_custom_msg_srv/share/test_custom_msg_srv/package.dsv'
[12.912s] INFO:colcon.colcon_core.shell:Creating package script '/home/lydia-chheng/ros2_ws/install/test_custom_msg_srv/share/test_custom_msg_srv/package.sh'
[12.913s] INFO:colcon.colcon_core.shell:Creating package script '/home/lydia-chheng/ros2_ws/install/test_custom_msg_srv/share/test_custom_msg_srv/package.bash'
[12.915s] INFO:colcon.colcon_core.shell:Creating package script '/home/lydia-chheng/ros2_ws/install/test_custom_msg_srv/share/test_custom_msg_srv/package.zsh'
[12.916s] Level 1:colcon.colcon_core.environment:create_file_with_runtime_dependencies(/home/lydia-chheng/ros2_ws/install/test_custom_msg_srv/share/colcon-core/packages/test_custom_msg_srv)
[14.531s] DEBUG:colcon.colcon_parallel_executor.executor.parallel:closing loop
[14.532s] DEBUG:colcon.colcon_parallel_executor.executor.parallel:loop closed
[14.532s] DEBUG:colcon.colcon_parallel_executor.executor.parallel:run_until_complete finished with '1'
[14.532s] DEBUG:colcon.colcon_core.event_reactor:joining thread
[14.547s] INFO:colcon.colcon_core.plugin_system:Skipping extension 'colcon_notification.desktop_notification.terminal_notifier': Not used on non-Darwin systems
[14.547s] INFO:colcon.colcon_core.plugin_system:Skipping extension 'colcon_notification.desktop_notification.win32': Not used on non-Windows systems
[14.547s] INFO:colcon.colcon_notification.desktop_notification:Sending desktop notification using 'notify2'
[14.583s] DEBUG:colcon.colcon_core.event_reactor:joined thread
[14.584s] INFO:colcon.colcon_core.shell:Creating prefix script '/home/lydia-chheng/ros2_ws/install/local_setup.ps1'
[14.587s] INFO:colcon.colcon_core.shell:Creating prefix util module '/home/lydia-chheng/ros2_ws/install/_local_setup_util_ps1.py'
[14.592s] INFO:colcon.colcon_core.shell:Creating prefix chain script '/home/lydia-chheng/ros2_ws/install/setup.ps1'
[14.596s] INFO:colcon.colcon_core.shell:Creating prefix script '/home/lydia-chheng/ros2_ws/install/local_setup.sh'
[14.599s] INFO:colcon.colcon_core.shell:Creating prefix util module '/home/lydia-chheng/ros2_ws/install/_local_setup_util_sh.py'
[14.601s] INFO:colcon.colcon_core.shell:Creating prefix chain script '/home/lydia-chheng/ros2_ws/install/setup.sh'
[14.605s] INFO:colcon.colcon_core.shell:Creating prefix script '/home/lydia-chheng/ros2_ws/install/local_setup.bash'
[14.606s] INFO:colcon.colcon_core.shell:Creating prefix chain script '/home/lydia-chheng/ros2_ws/install/setup.bash'
[14.610s] INFO:colcon.colcon_core.shell:Creating prefix script '/home/lydia-chheng/ros2_ws/install/local_setup.zsh'
[14.611s] INFO:colcon.colcon_core.shell:Creating prefix chain script '/home/lydia-chheng/ros2_ws/install/setup.zsh'
