/home/lydia-chheng/.local/lib/python3.10/site-packages/setuptools/_distutils/dist.py:261: UserWarning: Unknown distribution option: 'tests_require'
  warnings.warn(msg)
running egg_info
writing ../../build/parameters/parameters.egg-info/PKG-INFO
writing dependency_links to ../../build/parameters/parameters.egg-info/dependency_links.txt
writing entry points to ../../build/parameters/parameters.egg-info/entry_points.txt
writing requirements to ../../build/parameters/parameters.egg-info/requires.txt
writing top-level names to ../../build/parameters/parameters.egg-info/top_level.txt
reading manifest file '../../build/parameters/parameters.egg-info/SOURCES.txt'
adding license file 'LICENSE'
writing manifest file '../../build/parameters/parameters.egg-info/SOURCES.txt'
running build
running build_py
copying parameters/__init__.py -> /home/lydia-chheng/ros2_ws/build/parameters/build/lib/parameters
running install
running install_lib
running install_data
copying resource/parameters -> /home/lydia-chheng/ros2_ws/install/parameters/share/ament_index/resource_index/packages
copying package.xml -> /home/lydia-chheng/ros2_ws/install/parameters/share/parameters
running install_egg_info
removing '/home/lydia-chheng/ros2_ws/install/parameters/lib/python3.10/site-packages/parameters-0.0.0-py3.10.egg-info' (and everything under it)
Copying ../../build/parameters/parameters.egg-info to /home/lydia-chheng/ros2_ws/install/parameters/lib/python3.10/site-packages/parameters-0.0.0-py3.10.egg-info
running install_scripts
Installing parameters script to /home/lydia-chheng/ros2_ws/install/parameters/lib/parameters
writing list of installed files to '/home/lydia-chheng/ros2_ws/build/parameters/install.log'
