[5.779s] Invoking command in '/home/lydia-chheng/ros2_ws/src/parameters': PYTHONPATH=/home/lydia-chheng/ros2_ws/build/parameters/prefix_override:/usr/lib/python3/dist-packages/colcon_core/task/python/colcon_distutils_commands:/home/lydia-chheng/ros2_ws/install/parameters/lib/python3.10/site-packages:${PYTHONPATH} /usr/bin/python3 -W ignore:setup.py install is deprecated -W ignore:easy_install command is deprecated setup.py egg_info --egg-base ../../build/parameters build --build-base /home/lydia-chheng/ros2_ws/build/parameters/build install --record /home/lydia-chheng/ros2_ws/build/parameters/install.log --single-version-externally-managed install_data
[6.745s] /home/lydia-chheng/.local/lib/python3.10/site-packages/setuptools/_distutils/dist.py:261: UserWarning: Unknown distribution option: 'tests_require'
[6.745s]   warnings.warn(msg)
[7.477s] running egg_info
[7.570s] writing ../../build/parameters/parameters.egg-info/PKG-INFO
[7.573s] writing dependency_links to ../../build/parameters/parameters.egg-info/dependency_links.txt
[7.573s] writing entry points to ../../build/parameters/parameters.egg-info/entry_points.txt
[7.573s] writing requirements to ../../build/parameters/parameters.egg-info/requires.txt
[7.573s] writing top-level names to ../../build/parameters/parameters.egg-info/top_level.txt
[7.809s] reading manifest file '../../build/parameters/parameters.egg-info/SOURCES.txt'
[7.813s] adding license file 'LICENSE'
[7.819s] writing manifest file '../../build/parameters/parameters.egg-info/SOURCES.txt'
[7.825s] running build
[7.825s] running build_py
[7.826s] copying parameters/__init__.py -> /home/lydia-chheng/ros2_ws/build/parameters/build/lib/parameters
[7.837s] copying parameters/parameters.py -> /home/lydia-chheng/ros2_ws/build/parameters/build/lib/parameters
[7.837s] running install
[7.886s] running install_lib
[8.029s] running install_data
[8.030s] copying resource/parameters -> /home/lydia-chheng/ros2_ws/install/parameters/share/ament_index/resource_index/packages
[8.034s] copying package.xml -> /home/lydia-chheng/ros2_ws/install/parameters/share/parameters
[8.039s] running install_egg_info
[8.158s] removing '/home/lydia-chheng/ros2_ws/install/parameters/lib/python3.10/site-packages/parameters-0.0.0-py3.10.egg-info' (and everything under it)
[8.165s] Copying ../../build/parameters/parameters.egg-info to /home/lydia-chheng/ros2_ws/install/parameters/lib/python3.10/site-packages/parameters-0.0.0-py3.10.egg-info
[8.169s] running install_scripts
[8.840s] Installing parameters script to /home/lydia-chheng/ros2_ws/install/parameters/lib/parameters
[8.840s] writing list of installed files to '/home/lydia-chheng/ros2_ws/build/parameters/install.log'
[8.933s] Invoked command in '/home/lydia-chheng/ros2_ws/src/parameters' returned '0': PYTHONPATH=/home/lydia-chheng/ros2_ws/build/parameters/prefix_override:/usr/lib/python3/dist-packages/colcon_core/task/python/colcon_distutils_commands:/home/lydia-chheng/ros2_ws/install/parameters/lib/python3.10/site-packages:${PYTHONPATH} /usr/bin/python3 -W ignore:setup.py install is deprecated -W ignore:easy_install command is deprecated setup.py egg_info --egg-base ../../build/parameters build --build-base /home/lydia-chheng/ros2_ws/build/parameters/build install --record /home/lydia-chheng/ros2_ws/build/parameters/install.log --single-version-externally-managed install_data
