[0.036s] Invoking command in '/home/lydia-chheng/ros2_ws/build/action_interface': CMAKE_PREFIX_PATH=/opt/ros/humble /usr/bin/cmake --build /home/lydia-chheng/ros2_ws/build/action_interface -- -j4 -l4
[0.686s] [35m[1mConsolidate compiler generated dependencies of target action_interface__rosidl_generator_c[0m
[0.686s] [  3%] Built target action_interface__cpp
[0.687s] [ 12%] Built target action_interface__rosidl_generator_c
[0.688s] [35m[1mConsolidate compiler generated dependencies of target action_interface__rosidl_typesupport_fastrtps_cpp[0m
[0.688s] [35m[1mConsolidate compiler generated dependencies of target action_interface__rosidl_typesupport_cpp[0m
[0.688s] [ 12%] Built target ament_cmake_python_copy_action_interface
[0.688s] [35m[1mConsolidate compiler generated dependencies of target action_interface__rosidl_typesupport_introspection_cpp[0m
[0.688s] [ 22%] Built target action_interface__rosidl_typesupport_fastrtps_cpp
[0.689s] [ 32%] Built target action_interface__rosidl_typesupport_cpp
[0.689s] [35m[1mConsolidate compiler generated dependencies of target action_interface__rosidl_typesupport_fastrtps_c[0m
[0.689s] [ 41%] Built target action_interface__rosidl_typesupport_introspection_cpp
[0.689s] [35m[1mConsolidate compiler generated dependencies of target action_interface__rosidl_typesupport_c[0m
[0.689s] [35m[1mConsolidate compiler generated dependencies of target action_interface__rosidl_typesupport_introspection_c[0m
[0.690s] [ 51%] Built target action_interface__rosidl_typesupport_fastrtps_c
[0.690s] [ 61%] Built target action_interface__rosidl_typesupport_c
[0.690s] [ 70%] Built target action_interface__rosidl_typesupport_introspection_c
[0.690s] [ 70%] Built target action_interface
[0.690s] [ 74%] Built target action_interface__py
[0.690s] [35m[1mConsolidate compiler generated dependencies of target action_interface__rosidl_generator_py[0m
[0.691s] [ 80%] Built target action_interface__rosidl_generator_py
[0.691s] [35m[1mConsolidate compiler generated dependencies of target action_interface__rosidl_typesupport_fastrtps_c__pyext[0m
[0.691s] [35m[1mConsolidate compiler generated dependencies of target action_interface__rosidl_typesupport_c__pyext[0m
[0.691s] [35m[1mConsolidate compiler generated dependencies of target action_interface__rosidl_typesupport_introspection_c__pyext[0m
[0.691s] [ 87%] Built target action_interface__rosidl_typesupport_fastrtps_c__pyext
[0.692s] [ 93%] Built target action_interface__rosidl_typesupport_introspection_c__pyext
[0.692s] [100%] Built target action_interface__rosidl_typesupport_c__pyext
[0.885s] running egg_info
[0.940s] writing action_interface.egg-info/PKG-INFO
[0.940s] writing dependency_links to action_interface.egg-info/dependency_links.txt
[0.941s] writing top-level names to action_interface.egg-info/top_level.txt
[1.134s] reading manifest file 'action_interface.egg-info/SOURCES.txt'
[1.147s] writing manifest file 'action_interface.egg-info/SOURCES.txt'
[1.215s] [100%] Built target ament_cmake_python_build_action_interface_egg
[1.251s] Invoked command in '/home/lydia-chheng/ros2_ws/build/action_interface' returned '0': CMAKE_PREFIX_PATH=/opt/ros/humble /usr/bin/cmake --build /home/lydia-chheng/ros2_ws/build/action_interface -- -j4 -l4
[1.272s] Invoking command in '/home/lydia-chheng/ros2_ws/build/action_interface': CMAKE_PREFIX_PATH=/opt/ros/humble /usr/bin/cmake --install /home/lydia-chheng/ros2_ws/build/action_interface
[1.291s] -- Install configuration: ""
[1.292s] -- Up-to-date: /home/lydia-chheng/ros2_ws/install/action_interface/share/ament_index/resource_index/rosidl_interfaces/action_interface
[1.293s] -- Up-to-date: /home/lydia-chheng/ros2_ws/install/action_interface/include/action_interface/action_interface
[1.293s] -- Up-to-date: /home/lydia-chheng/ros2_ws/install/action_interface/include/action_interface/action_interface/action
[1.293s] -- Up-to-date: /home/lydia-chheng/ros2_ws/install/action_interface/include/action_interface/action_interface/action/detail
[1.294s] -- Up-to-date: /home/lydia-chheng/ros2_ws/install/action_interface/include/action_interface/action_interface/action/detail/fibonacci__functions.c
[1.294s] -- Up-to-date: /home/lydia-chheng/ros2_ws/install/action_interface/include/action_interface/action_interface/action/detail/fibonacci__struct.h
[1.294s] -- Up-to-date: /home/lydia-chheng/ros2_ws/install/action_interface/include/action_interface/action_interface/action/detail/fibonacci__functions.h
[1.294s] -- Up-to-date: /home/lydia-chheng/ros2_ws/install/action_interface/include/action_interface/action_interface/action/detail/fibonacci__type_support.h
[1.294s] -- Up-to-date: /home/lydia-chheng/ros2_ws/install/action_interface/include/action_interface/action_interface/action/fibonacci.h
[1.295s] -- Up-to-date: /home/lydia-chheng/ros2_ws/install/action_interface/include/action_interface/action_interface/msg
[1.295s] -- Up-to-date: /home/lydia-chheng/ros2_ws/install/action_interface/include/action_interface/action_interface/msg/rosidl_generator_c__visibility_control.h
[1.299s] -- Up-to-date: /home/lydia-chheng/ros2_ws/install/action_interface/share/action_interface/environment/library_path.sh
[1.299s] -- Up-to-date: /home/lydia-chheng/ros2_ws/install/action_interface/share/action_interface/environment/library_path.dsv
[1.301s] -- Up-to-date: /home/lydia-chheng/ros2_ws/install/action_interface/lib/libaction_interface__rosidl_generator_c.so
[1.301s] -- Up-to-date: /home/lydia-chheng/ros2_ws/install/action_interface/include/action_interface/action_interface
[1.301s] -- Up-to-date: /home/lydia-chheng/ros2_ws/install/action_interface/include/action_interface/action_interface/action
[1.301s] -- Up-to-date: /home/lydia-chheng/ros2_ws/install/action_interface/include/action_interface/action_interface/action/detail
[1.301s] -- Up-to-date: /home/lydia-chheng/ros2_ws/install/action_interface/include/action_interface/action_interface/action/detail/fibonacci__rosidl_typesupport_fastrtps_c.h
[1.301s] -- Up-to-date: /home/lydia-chheng/ros2_ws/install/action_interface/include/action_interface/action_interface/msg
[1.302s] -- Up-to-date: /home/lydia-chheng/ros2_ws/install/action_interface/include/action_interface/action_interface/msg/rosidl_typesupport_fastrtps_c__visibility_control.h
[1.302s] -- Up-to-date: /home/lydia-chheng/ros2_ws/install/action_interface/lib/libaction_interface__rosidl_typesupport_fastrtps_c.so
[1.302s] -- Up-to-date: /home/lydia-chheng/ros2_ws/install/action_interface/include/action_interface/action_interface
[1.302s] -- Up-to-date: /home/lydia-chheng/ros2_ws/install/action_interface/include/action_interface/action_interface/action
[1.305s] -- Up-to-date: /home/lydia-chheng/ros2_ws/install/action_interface/include/action_interface/action_interface/action/detail
[1.306s] -- Up-to-date: /home/lydia-chheng/ros2_ws/install/action_interface/include/action_interface/action_interface/action/detail/fibonacci__type_support.c
[1.306s] -- Up-to-date: /home/lydia-chheng/ros2_ws/install/action_interface/include/action_interface/action_interface/action/detail/fibonacci__rosidl_typesupport_introspection_c.h
[1.306s] -- Up-to-date: /home/lydia-chheng/ros2_ws/install/action_interface/include/action_interface/action_interface/msg
[1.306s] -- Up-to-date: /home/lydia-chheng/ros2_ws/install/action_interface/include/action_interface/action_interface/msg/rosidl_typesupport_introspection_c__visibility_control.h
[1.306s] -- Up-to-date: /home/lydia-chheng/ros2_ws/install/action_interface/lib/libaction_interface__rosidl_typesupport_introspection_c.so
[1.306s] -- Up-to-date: /home/lydia-chheng/ros2_ws/install/action_interface/lib/libaction_interface__rosidl_typesupport_c.so
[1.307s] -- Up-to-date: /home/lydia-chheng/ros2_ws/install/action_interface/include/action_interface/action_interface
[1.307s] -- Up-to-date: /home/lydia-chheng/ros2_ws/install/action_interface/include/action_interface/action_interface/action
[1.310s] -- Up-to-date: /home/lydia-chheng/ros2_ws/install/action_interface/include/action_interface/action_interface/action/fibonacci.hpp
[1.311s] -- Up-to-date: /home/lydia-chheng/ros2_ws/install/action_interface/include/action_interface/action_interface/action/detail
[1.311s] -- Up-to-date: /home/lydia-chheng/ros2_ws/install/action_interface/include/action_interface/action_interface/action/detail/fibonacci__type_support.hpp
[1.311s] -- Up-to-date: /home/lydia-chheng/ros2_ws/install/action_interface/include/action_interface/action_interface/action/detail/fibonacci__traits.hpp
[1.311s] -- Up-to-date: /home/lydia-chheng/ros2_ws/install/action_interface/include/action_interface/action_interface/action/detail/fibonacci__struct.hpp
[1.311s] -- Up-to-date: /home/lydia-chheng/ros2_ws/install/action_interface/include/action_interface/action_interface/action/detail/fibonacci__builder.hpp
[1.312s] -- Up-to-date: /home/lydia-chheng/ros2_ws/install/action_interface/include/action_interface/action_interface/msg
[1.312s] -- Up-to-date: /home/lydia-chheng/ros2_ws/install/action_interface/include/action_interface/action_interface/msg/rosidl_generator_cpp__visibility_control.hpp
[1.315s] -- Up-to-date: /home/lydia-chheng/ros2_ws/install/action_interface/include/action_interface/action_interface
[1.315s] -- Up-to-date: /home/lydia-chheng/ros2_ws/install/action_interface/include/action_interface/action_interface/action
[1.316s] -- Up-to-date: /home/lydia-chheng/ros2_ws/install/action_interface/include/action_interface/action_interface/action/detail
[1.316s] -- Up-to-date: /home/lydia-chheng/ros2_ws/install/action_interface/include/action_interface/action_interface/action/detail/fibonacci__rosidl_typesupport_fastrtps_cpp.hpp
[1.316s] -- Up-to-date: /home/lydia-chheng/ros2_ws/install/action_interface/include/action_interface/action_interface/action/detail/dds_fastrtps
[1.316s] -- Up-to-date: /home/lydia-chheng/ros2_ws/install/action_interface/include/action_interface/action_interface/msg
[1.316s] -- Up-to-date: /home/lydia-chheng/ros2_ws/install/action_interface/include/action_interface/action_interface/msg/rosidl_typesupport_fastrtps_cpp__visibility_control.h
[1.317s] -- Up-to-date: /home/lydia-chheng/ros2_ws/install/action_interface/lib/libaction_interface__rosidl_typesupport_fastrtps_cpp.so
[1.317s] -- Up-to-date: /home/lydia-chheng/ros2_ws/install/action_interface/include/action_interface/action_interface
[1.317s] -- Up-to-date: /home/lydia-chheng/ros2_ws/install/action_interface/include/action_interface/action_interface/action
[1.317s] -- Up-to-date: /home/lydia-chheng/ros2_ws/install/action_interface/include/action_interface/action_interface/action/detail
[1.317s] -- Up-to-date: /home/lydia-chheng/ros2_ws/install/action_interface/include/action_interface/action_interface/action/detail/fibonacci__type_support.cpp
[1.318s] -- Up-to-date: /home/lydia-chheng/ros2_ws/install/action_interface/include/action_interface/action_interface/action/detail/fibonacci__rosidl_typesupport_introspection_cpp.hpp
[1.318s] -- Up-to-date: /home/lydia-chheng/ros2_ws/install/action_interface/lib/libaction_interface__rosidl_typesupport_introspection_cpp.so
[1.318s] -- Up-to-date: /home/lydia-chheng/ros2_ws/install/action_interface/lib/libaction_interface__rosidl_typesupport_cpp.so
[1.318s] -- Up-to-date: /home/lydia-chheng/ros2_ws/install/action_interface/share/action_interface/environment/pythonpath.sh
[1.318s] -- Up-to-date: /home/lydia-chheng/ros2_ws/install/action_interface/share/action_interface/environment/pythonpath.dsv
[1.319s] -- Up-to-date: /home/lydia-chheng/ros2_ws/install/action_interface/local/lib/python3.10/dist-packages/action_interface-0.0.0-py3.10.egg-info
[1.319s] -- Installing: /home/lydia-chheng/ros2_ws/install/action_interface/local/lib/python3.10/dist-packages/action_interface-0.0.0-py3.10.egg-info/top_level.txt
[1.319s] -- Installing: /home/lydia-chheng/ros2_ws/install/action_interface/local/lib/python3.10/dist-packages/action_interface-0.0.0-py3.10.egg-info/SOURCES.txt
[1.322s] -- Installing: /home/lydia-chheng/ros2_ws/install/action_interface/local/lib/python3.10/dist-packages/action_interface-0.0.0-py3.10.egg-info/PKG-INFO
[1.322s] -- Installing: /home/lydia-chheng/ros2_ws/install/action_interface/local/lib/python3.10/dist-packages/action_interface-0.0.0-py3.10.egg-info/dependency_links.txt
[1.323s] -- Up-to-date: /home/lydia-chheng/ros2_ws/install/action_interface/local/lib/python3.10/dist-packages/action_interface
[1.323s] -- Up-to-date: /home/lydia-chheng/ros2_ws/install/action_interface/local/lib/python3.10/dist-packages/action_interface/_action_interface_s.ep.rosidl_typesupport_fastrtps_c.c
[1.323s] -- Up-to-date: /home/lydia-chheng/ros2_ws/install/action_interface/local/lib/python3.10/dist-packages/action_interface/__init__.py
[1.328s] -- Up-to-date: /home/lydia-chheng/ros2_ws/install/action_interface/local/lib/python3.10/dist-packages/action_interface/_action_interface_s.ep.rosidl_typesupport_introspection_c.c
[1.328s] -- Up-to-date: /home/lydia-chheng/ros2_ws/install/action_interface/local/lib/python3.10/dist-packages/action_interface/libaction_interface__rosidl_generator_py.so
[1.329s] -- Up-to-date: /home/lydia-chheng/ros2_ws/install/action_interface/local/lib/python3.10/dist-packages/action_interface/action_interface_s__rosidl_typesupport_fastrtps_c.cpython-310-x86_64-linux-gnu.so
[1.329s] -- Up-to-date: /home/lydia-chheng/ros2_ws/install/action_interface/local/lib/python3.10/dist-packages/action_interface/action
[1.329s] -- Up-to-date: /home/lydia-chheng/ros2_ws/install/action_interface/local/lib/python3.10/dist-packages/action_interface/action/__init__.py
[1.329s] -- Up-to-date: /home/lydia-chheng/ros2_ws/install/action_interface/local/lib/python3.10/dist-packages/action_interface/action/_fibonacci.py
[1.329s] -- Up-to-date: /home/lydia-chheng/ros2_ws/install/action_interface/local/lib/python3.10/dist-packages/action_interface/action/_fibonacci_s.c
[1.330s] -- Up-to-date: /home/lydia-chheng/ros2_ws/install/action_interface/local/lib/python3.10/dist-packages/action_interface/action_interface_s__rosidl_typesupport_c.cpython-310-x86_64-linux-gnu.so
[1.330s] -- Up-to-date: /home/lydia-chheng/ros2_ws/install/action_interface/local/lib/python3.10/dist-packages/action_interface/action_interface_s__rosidl_typesupport_introspection_c.cpython-310-x86_64-linux-gnu.so
[1.330s] -- Up-to-date: /home/lydia-chheng/ros2_ws/install/action_interface/local/lib/python3.10/dist-packages/action_interface/_action_interface_s.ep.rosidl_typesupport_c.c
[1.383s] Listing '/home/lydia-chheng/ros2_ws/install/action_interface/local/lib/python3.10/dist-packages/action_interface'...
[1.383s] Listing '/home/lydia-chheng/ros2_ws/install/action_interface/local/lib/python3.10/dist-packages/action_interface/action'...
[1.394s] -- Up-to-date: /home/lydia-chheng/ros2_ws/install/action_interface/local/lib/python3.10/dist-packages/action_interface/action_interface_s__rosidl_typesupport_fastrtps_c.cpython-310-x86_64-linux-gnu.so
[1.395s] -- Up-to-date: /home/lydia-chheng/ros2_ws/install/action_interface/local/lib/python3.10/dist-packages/action_interface/action_interface_s__rosidl_typesupport_introspection_c.cpython-310-x86_64-linux-gnu.so
[1.396s] -- Up-to-date: /home/lydia-chheng/ros2_ws/install/action_interface/local/lib/python3.10/dist-packages/action_interface/action_interface_s__rosidl_typesupport_c.cpython-310-x86_64-linux-gnu.so
[1.397s] -- Up-to-date: /home/lydia-chheng/ros2_ws/install/action_interface/lib/libaction_interface__rosidl_generator_py.so
[1.398s] -- Up-to-date: /home/lydia-chheng/ros2_ws/install/action_interface/share/action_interface/action/Fibonacci.idl
[1.398s] -- Up-to-date: /home/lydia-chheng/ros2_ws/install/action_interface/share/action_interface/action/Fibonacci.action
[1.399s] -- Up-to-date: /home/lydia-chheng/ros2_ws/install/action_interface/share/ament_index/resource_index/package_run_dependencies/action_interface
[1.400s] -- Up-to-date: /home/lydia-chheng/ros2_ws/install/action_interface/share/ament_index/resource_index/parent_prefix_path/action_interface
[1.401s] -- Up-to-date: /home/lydia-chheng/ros2_ws/install/action_interface/share/action_interface/environment/ament_prefix_path.sh
[1.401s] -- Up-to-date: /home/lydia-chheng/ros2_ws/install/action_interface/share/action_interface/environment/ament_prefix_path.dsv
[1.401s] -- Up-to-date: /home/lydia-chheng/ros2_ws/install/action_interface/share/action_interface/environment/path.sh
[1.402s] -- Up-to-date: /home/lydia-chheng/ros2_ws/install/action_interface/share/action_interface/environment/path.dsv
[1.402s] -- Up-to-date: /home/lydia-chheng/ros2_ws/install/action_interface/share/action_interface/local_setup.bash
[1.403s] -- Up-to-date: /home/lydia-chheng/ros2_ws/install/action_interface/share/action_interface/local_setup.sh
[1.403s] -- Up-to-date: /home/lydia-chheng/ros2_ws/install/action_interface/share/action_interface/local_setup.zsh
[1.404s] -- Up-to-date: /home/lydia-chheng/ros2_ws/install/action_interface/share/action_interface/local_setup.dsv
[1.404s] -- Installing: /home/lydia-chheng/ros2_ws/install/action_interface/share/action_interface/package.dsv
[1.405s] -- Up-to-date: /home/lydia-chheng/ros2_ws/install/action_interface/share/ament_index/resource_index/packages/action_interface
[1.405s] -- Up-to-date: /home/lydia-chheng/ros2_ws/install/action_interface/share/action_interface/cmake/export_action_interface__rosidl_generator_cExport.cmake
[1.405s] -- Up-to-date: /home/lydia-chheng/ros2_ws/install/action_interface/share/action_interface/cmake/export_action_interface__rosidl_generator_cExport-noconfig.cmake
[1.406s] -- Up-to-date: /home/lydia-chheng/ros2_ws/install/action_interface/share/action_interface/cmake/export_action_interface__rosidl_typesupport_fastrtps_cExport.cmake
[1.406s] -- Up-to-date: /home/lydia-chheng/ros2_ws/install/action_interface/share/action_interface/cmake/export_action_interface__rosidl_typesupport_fastrtps_cExport-noconfig.cmake
[1.407s] -- Up-to-date: /home/lydia-chheng/ros2_ws/install/action_interface/share/action_interface/cmake/action_interface__rosidl_typesupport_introspection_cExport.cmake
[1.408s] -- Up-to-date: /home/lydia-chheng/ros2_ws/install/action_interface/share/action_interface/cmake/action_interface__rosidl_typesupport_introspection_cExport-noconfig.cmake
[1.409s] -- Up-to-date: /home/lydia-chheng/ros2_ws/install/action_interface/share/action_interface/cmake/action_interface__rosidl_typesupport_cExport.cmake
[1.409s] -- Up-to-date: /home/lydia-chheng/ros2_ws/install/action_interface/share/action_interface/cmake/action_interface__rosidl_typesupport_cExport-noconfig.cmake
[1.410s] -- Up-to-date: /home/lydia-chheng/ros2_ws/install/action_interface/share/action_interface/cmake/export_action_interface__rosidl_generator_cppExport.cmake
[1.410s] -- Up-to-date: /home/lydia-chheng/ros2_ws/install/action_interface/share/action_interface/cmake/export_action_interface__rosidl_typesupport_fastrtps_cppExport.cmake
[1.411s] -- Up-to-date: /home/lydia-chheng/ros2_ws/install/action_interface/share/action_interface/cmake/export_action_interface__rosidl_typesupport_fastrtps_cppExport-noconfig.cmake
[1.411s] -- Up-to-date: /home/lydia-chheng/ros2_ws/install/action_interface/share/action_interface/cmake/action_interface__rosidl_typesupport_introspection_cppExport.cmake
[1.412s] -- Up-to-date: /home/lydia-chheng/ros2_ws/install/action_interface/share/action_interface/cmake/action_interface__rosidl_typesupport_introspection_cppExport-noconfig.cmake
[1.412s] -- Up-to-date: /home/lydia-chheng/ros2_ws/install/action_interface/share/action_interface/cmake/action_interface__rosidl_typesupport_cppExport.cmake
[1.413s] -- Up-to-date: /home/lydia-chheng/ros2_ws/install/action_interface/share/action_interface/cmake/action_interface__rosidl_typesupport_cppExport-noconfig.cmake
[1.413s] -- Up-to-date: /home/lydia-chheng/ros2_ws/install/action_interface/share/action_interface/cmake/export_action_interface__rosidl_generator_pyExport.cmake
[1.414s] -- Up-to-date: /home/lydia-chheng/ros2_ws/install/action_interface/share/action_interface/cmake/export_action_interface__rosidl_generator_pyExport-noconfig.cmake
[1.414s] -- Up-to-date: /home/lydia-chheng/ros2_ws/install/action_interface/share/action_interface/cmake/rosidl_cmake-extras.cmake
[1.415s] -- Up-to-date: /home/lydia-chheng/ros2_ws/install/action_interface/share/action_interface/cmake/ament_cmake_export_dependencies-extras.cmake
[1.415s] -- Up-to-date: /home/lydia-chheng/ros2_ws/install/action_interface/share/action_interface/cmake/ament_cmake_export_include_directories-extras.cmake
[1.416s] -- Up-to-date: /home/lydia-chheng/ros2_ws/install/action_interface/share/action_interface/cmake/ament_cmake_export_libraries-extras.cmake
[1.416s] -- Up-to-date: /home/lydia-chheng/ros2_ws/install/action_interface/share/action_interface/cmake/ament_cmake_export_targets-extras.cmake
[1.417s] -- Up-to-date: /home/lydia-chheng/ros2_ws/install/action_interface/share/action_interface/cmake/rosidl_cmake_export_typesupport_targets-extras.cmake
[1.417s] -- Up-to-date: /home/lydia-chheng/ros2_ws/install/action_interface/share/action_interface/cmake/rosidl_cmake_export_typesupport_libraries-extras.cmake
[1.418s] -- Up-to-date: /home/lydia-chheng/ros2_ws/install/action_interface/share/action_interface/cmake/action_interfaceConfig.cmake
[1.418s] -- Up-to-date: /home/lydia-chheng/ros2_ws/install/action_interface/share/action_interface/cmake/action_interfaceConfig-version.cmake
[1.418s] -- Up-to-date: /home/lydia-chheng/ros2_ws/install/action_interface/share/action_interface/package.xml
[1.426s] Invoked command in '/home/lydia-chheng/ros2_ws/build/action_interface' returned '0': CMAKE_PREFIX_PATH=/opt/ros/humble /usr/bin/cmake --install /home/lydia-chheng/ros2_ws/build/action_interface
