/home/lydia-chheng/.local/lib/python3.10/site-packages/setuptools/_distutils/dist.py:261: UserWarning: Unknown distribution option: 'tests_require'
  warnings.warn(msg)
running egg_info
creating ../../build/parameters/parameters.egg-info
writing ../../build/parameters/parameters.egg-info/PKG-INFO
writing dependency_links to ../../build/parameters/parameters.egg-info/dependency_links.txt
writing entry points to ../../build/parameters/parameters.egg-info/entry_points.txt
writing requirements to ../../build/parameters/parameters.egg-info/requires.txt
writing top-level names to ../../build/parameters/parameters.egg-info/top_level.txt
writing manifest file '../../build/parameters/parameters.egg-info/SOURCES.txt'
reading manifest file '../../build/parameters/parameters.egg-info/SOURCES.txt'
adding license file 'LICENSE'
writing manifest file '../../build/parameters/parameters.egg-info/SOURCES.txt'
running build
running build_py
creating /home/lydia-chheng/ros2_ws/build/parameters/build/lib/parameters
copying parameters/__init__.py -> /home/lydia-chheng/ros2_ws/build/parameters/build/lib/parameters
copying parameters/parameters.py -> /home/lydia-chheng/ros2_ws/build/parameters/build/lib/parameters
running install
running install_lib
creating /home/lydia-chheng/ros2_ws/install/parameters/lib/python3.10/site-packages/parameters
copying /home/lydia-chheng/ros2_ws/build/parameters/build/lib/parameters/__init__.py -> /home/lydia-chheng/ros2_ws/install/parameters/lib/python3.10/site-packages/parameters
copying /home/lydia-chheng/ros2_ws/build/parameters/build/lib/parameters/parameters.py -> /home/lydia-chheng/ros2_ws/install/parameters/lib/python3.10/site-packages/parameters
byte-compiling /home/lydia-chheng/ros2_ws/install/parameters/lib/python3.10/site-packages/parameters/__init__.py to __init__.cpython-310.pyc
byte-compiling /home/lydia-chheng/ros2_ws/install/parameters/lib/python3.10/site-packages/parameters/parameters.py to parameters.cpython-310.pyc
running install_data
creating /home/lydia-chheng/ros2_ws/install/parameters/share/ament_index/resource_index/packages
copying resource/parameters -> /home/lydia-chheng/ros2_ws/install/parameters/share/ament_index/resource_index/packages
copying package.xml -> /home/lydia-chheng/ros2_ws/install/parameters/share/parameters
running install_egg_info
Copying ../../build/parameters/parameters.egg-info to /home/lydia-chheng/ros2_ws/install/parameters/lib/python3.10/site-packages/parameters-0.0.0-py3.10.egg-info
running install_scripts
Installing parameters script to /home/lydia-chheng/ros2_ws/install/parameters/lib/parameters
writing list of installed files to '/home/lydia-chheng/ros2_ws/build/parameters/install.log'
