[0.061s] Invoking command in '/home/lydia-chheng/ros2_ws/build/action_interface': CMAKE_PREFIX_PATH=${CMAKE_PREFIX_PATH}:/home/lydia-chheng/ros2_ws/install/test_srv_cli:/home/lydia-chheng/ros2_ws/install/test_pub_sub:/home/lydia-chheng/ros2_ws/install/test2:/home/lydia-chheng/ros2_ws/install/parameters:/home/lydia-chheng/ros2_ws/install/meow:/opt/ros/humble /usr/bin/cmake --build /home/lydia-chheng/ros2_ws/build/action_interface -- -j4 -l4
[1.187s] [  3%] Built target action_interface__cpp
[1.187s] [ 12%] Built target action_interface__rosidl_generator_c
[1.187s] [ 12%] Built target ament_cmake_python_copy_action_interface
[1.188s] [ 22%] Built target action_interface__rosidl_typesupport_fastrtps_cpp
[1.188s] [ 41%] Built target action_interface__rosidl_typesupport_cpp
[1.188s] [ 41%] Built target action_interface__rosidl_typesupport_introspection_cpp
[1.188s] [ 51%] Built target action_interface__rosidl_typesupport_introspection_c
[1.188s] [ 61%] Built target action_interface__rosidl_typesupport_fastrtps_c
[1.197s] [ 70%] Built target action_interface__rosidl_typesupport_c
[1.197s] [ 70%] Built target action_interface
[1.197s] [ 74%] Built target action_interface__py
[1.198s] [ 80%] Built target action_interface__rosidl_generator_py
[1.198s] [ 87%] Built target action_interface__rosidl_typesupport_c__pyext
[1.198s] [ 93%] Built target action_interface__rosidl_typesupport_fastrtps_c__pyext
[1.198s] [100%] Built target action_interface__rosidl_typesupport_introspection_c__pyext
[1.596s] running egg_info
[1.732s] writing action_interface.egg-info/PKG-INFO
[1.733s] writing dependency_links to action_interface.egg-info/dependency_links.txt
[1.733s] writing top-level names to action_interface.egg-info/top_level.txt
[1.973s] reading manifest file 'action_interface.egg-info/SOURCES.txt'
[1.978s] writing manifest file 'action_interface.egg-info/SOURCES.txt'
[2.073s] [100%] Built target ament_cmake_python_build_action_interface_egg
[2.106s] Invoked command in '/home/lydia-chheng/ros2_ws/build/action_interface' returned '0': CMAKE_PREFIX_PATH=${CMAKE_PREFIX_PATH}:/home/lydia-chheng/ros2_ws/install/test_srv_cli:/home/lydia-chheng/ros2_ws/install/test_pub_sub:/home/lydia-chheng/ros2_ws/install/test2:/home/lydia-chheng/ros2_ws/install/parameters:/home/lydia-chheng/ros2_ws/install/meow:/opt/ros/humble /usr/bin/cmake --build /home/lydia-chheng/ros2_ws/build/action_interface -- -j4 -l4
[2.138s] Invoking command in '/home/lydia-chheng/ros2_ws/build/action_interface': CMAKE_PREFIX_PATH=${CMAKE_PREFIX_PATH}:/home/lydia-chheng/ros2_ws/install/test_srv_cli:/home/lydia-chheng/ros2_ws/install/test_pub_sub:/home/lydia-chheng/ros2_ws/install/test2:/home/lydia-chheng/ros2_ws/install/parameters:/home/lydia-chheng/ros2_ws/install/meow:/opt/ros/humble /usr/bin/cmake --install /home/lydia-chheng/ros2_ws/build/action_interface
[2.173s] -- Install configuration: ""
[2.173s] -- Up-to-date: /home/lydia-chheng/ros2_ws/install/action_interface/share/ament_index/resource_index/rosidl_interfaces/action_interface
[2.174s] -- Up-to-date: /home/lydia-chheng/ros2_ws/install/action_interface/include/action_interface/action_interface
[2.174s] -- Up-to-date: /home/lydia-chheng/ros2_ws/install/action_interface/include/action_interface/action_interface/action
[2.178s] -- Up-to-date: /home/lydia-chheng/ros2_ws/install/action_interface/include/action_interface/action_interface/action/detail
[2.178s] -- Up-to-date: /home/lydia-chheng/ros2_ws/install/action_interface/include/action_interface/action_interface/action/detail/fibonacci__functions.c
[2.178s] -- Up-to-date: /home/lydia-chheng/ros2_ws/install/action_interface/include/action_interface/action_interface/action/detail/fibonacci__struct.h
[2.178s] -- Up-to-date: /home/lydia-chheng/ros2_ws/install/action_interface/include/action_interface/action_interface/action/detail/fibonacci__functions.h
[2.179s] -- Up-to-date: /home/lydia-chheng/ros2_ws/install/action_interface/include/action_interface/action_interface/action/detail/fibonacci__type_support.h
[2.179s] -- Up-to-date: /home/lydia-chheng/ros2_ws/install/action_interface/include/action_interface/action_interface/action/fibonacci.h
[2.179s] -- Up-to-date: /home/lydia-chheng/ros2_ws/install/action_interface/include/action_interface/action_interface/msg
[2.179s] -- Up-to-date: /home/lydia-chheng/ros2_ws/install/action_interface/include/action_interface/action_interface/msg/rosidl_generator_c__visibility_control.h
[2.180s] -- Up-to-date: /home/lydia-chheng/ros2_ws/install/action_interface/share/action_interface/environment/library_path.sh
[2.180s] -- Up-to-date: /home/lydia-chheng/ros2_ws/install/action_interface/share/action_interface/environment/library_path.dsv
[2.181s] -- Up-to-date: /home/lydia-chheng/ros2_ws/install/action_interface/lib/libaction_interface__rosidl_generator_c.so
[2.181s] -- Up-to-date: /home/lydia-chheng/ros2_ws/install/action_interface/include/action_interface/action_interface
[2.181s] -- Up-to-date: /home/lydia-chheng/ros2_ws/install/action_interface/include/action_interface/action_interface/action
[2.181s] -- Up-to-date: /home/lydia-chheng/ros2_ws/install/action_interface/include/action_interface/action_interface/action/detail
[2.181s] -- Up-to-date: /home/lydia-chheng/ros2_ws/install/action_interface/include/action_interface/action_interface/action/detail/fibonacci__rosidl_typesupport_fastrtps_c.h
[2.182s] -- Up-to-date: /home/lydia-chheng/ros2_ws/install/action_interface/include/action_interface/action_interface/msg
[2.182s] -- Up-to-date: /home/lydia-chheng/ros2_ws/install/action_interface/include/action_interface/action_interface/msg/rosidl_typesupport_fastrtps_c__visibility_control.h
[2.182s] -- Up-to-date: /home/lydia-chheng/ros2_ws/install/action_interface/lib/libaction_interface__rosidl_typesupport_fastrtps_c.so
[2.182s] -- Up-to-date: /home/lydia-chheng/ros2_ws/install/action_interface/include/action_interface/action_interface
[2.188s] -- Up-to-date: /home/lydia-chheng/ros2_ws/install/action_interface/include/action_interface/action_interface/action
[2.188s] -- Up-to-date: /home/lydia-chheng/ros2_ws/install/action_interface/include/action_interface/action_interface/action/detail
[2.188s] -- Up-to-date: /home/lydia-chheng/ros2_ws/install/action_interface/include/action_interface/action_interface/action/detail/fibonacci__type_support.c
[2.188s] -- Up-to-date: /home/lydia-chheng/ros2_ws/install/action_interface/include/action_interface/action_interface/action/detail/fibonacci__rosidl_typesupport_introspection_c.h
[2.189s] -- Up-to-date: /home/lydia-chheng/ros2_ws/install/action_interface/include/action_interface/action_interface/msg
[2.189s] -- Up-to-date: /home/lydia-chheng/ros2_ws/install/action_interface/include/action_interface/action_interface/msg/rosidl_typesupport_introspection_c__visibility_control.h
[2.189s] -- Up-to-date: /home/lydia-chheng/ros2_ws/install/action_interface/lib/libaction_interface__rosidl_typesupport_introspection_c.so
[2.189s] -- Up-to-date: /home/lydia-chheng/ros2_ws/install/action_interface/lib/libaction_interface__rosidl_typesupport_c.so
[2.190s] -- Up-to-date: /home/lydia-chheng/ros2_ws/install/action_interface/include/action_interface/action_interface
[2.190s] -- Up-to-date: /home/lydia-chheng/ros2_ws/install/action_interface/include/action_interface/action_interface/action
[2.190s] -- Up-to-date: /home/lydia-chheng/ros2_ws/install/action_interface/include/action_interface/action_interface/action/fibonacci.hpp
[2.190s] -- Up-to-date: /home/lydia-chheng/ros2_ws/install/action_interface/include/action_interface/action_interface/action/detail
[2.191s] -- Up-to-date: /home/lydia-chheng/ros2_ws/install/action_interface/include/action_interface/action_interface/action/detail/fibonacci__type_support.hpp
[2.191s] -- Up-to-date: /home/lydia-chheng/ros2_ws/install/action_interface/include/action_interface/action_interface/action/detail/fibonacci__traits.hpp
[2.191s] -- Up-to-date: /home/lydia-chheng/ros2_ws/install/action_interface/include/action_interface/action_interface/action/detail/fibonacci__struct.hpp
[2.191s] -- Up-to-date: /home/lydia-chheng/ros2_ws/install/action_interface/include/action_interface/action_interface/action/detail/fibonacci__builder.hpp
[2.191s] -- Up-to-date: /home/lydia-chheng/ros2_ws/install/action_interface/include/action_interface/action_interface/msg
[2.195s] -- Up-to-date: /home/lydia-chheng/ros2_ws/install/action_interface/include/action_interface/action_interface/msg/rosidl_generator_cpp__visibility_control.hpp
[2.195s] -- Up-to-date: /home/lydia-chheng/ros2_ws/install/action_interface/include/action_interface/action_interface
[2.195s] -- Up-to-date: /home/lydia-chheng/ros2_ws/install/action_interface/include/action_interface/action_interface/action
[2.195s] -- Up-to-date: /home/lydia-chheng/ros2_ws/install/action_interface/include/action_interface/action_interface/action/detail
[2.196s] -- Up-to-date: /home/lydia-chheng/ros2_ws/install/action_interface/include/action_interface/action_interface/action/detail/fibonacci__rosidl_typesupport_fastrtps_cpp.hpp
[2.196s] -- Up-to-date: /home/lydia-chheng/ros2_ws/install/action_interface/include/action_interface/action_interface/action/detail/dds_fastrtps
[2.196s] -- Up-to-date: /home/lydia-chheng/ros2_ws/install/action_interface/include/action_interface/action_interface/msg
[2.197s] -- Up-to-date: /home/lydia-chheng/ros2_ws/install/action_interface/include/action_interface/action_interface/msg/rosidl_typesupport_fastrtps_cpp__visibility_control.h
[2.197s] -- Up-to-date: /home/lydia-chheng/ros2_ws/install/action_interface/lib/libaction_interface__rosidl_typesupport_fastrtps_cpp.so
[2.197s] -- Up-to-date: /home/lydia-chheng/ros2_ws/install/action_interface/include/action_interface/action_interface
[2.197s] -- Up-to-date: /home/lydia-chheng/ros2_ws/install/action_interface/include/action_interface/action_interface/action
[2.197s] -- Up-to-date: /home/lydia-chheng/ros2_ws/install/action_interface/include/action_interface/action_interface/action/detail
[2.199s] -- Up-to-date: /home/lydia-chheng/ros2_ws/install/action_interface/include/action_interface/action_interface/action/detail/fibonacci__type_support.cpp
[2.199s] -- Up-to-date: /home/lydia-chheng/ros2_ws/install/action_interface/include/action_interface/action_interface/action/detail/fibonacci__rosidl_typesupport_introspection_cpp.hpp
[2.199s] -- Up-to-date: /home/lydia-chheng/ros2_ws/install/action_interface/lib/libaction_interface__rosidl_typesupport_introspection_cpp.so
[2.201s] -- Up-to-date: /home/lydia-chheng/ros2_ws/install/action_interface/lib/libaction_interface__rosidl_typesupport_cpp.so
[2.204s] -- Up-to-date: /home/lydia-chheng/ros2_ws/install/action_interface/share/action_interface/environment/pythonpath.sh
[2.206s] -- Up-to-date: /home/lydia-chheng/ros2_ws/install/action_interface/share/action_interface/environment/pythonpath.dsv
[2.207s] -- Up-to-date: /home/lydia-chheng/ros2_ws/install/action_interface/local/lib/python3.10/dist-packages/action_interface-0.0.0-py3.10.egg-info
[2.207s] -- Installing: /home/lydia-chheng/ros2_ws/install/action_interface/local/lib/python3.10/dist-packages/action_interface-0.0.0-py3.10.egg-info/top_level.txt
[2.207s] -- Installing: /home/lydia-chheng/ros2_ws/install/action_interface/local/lib/python3.10/dist-packages/action_interface-0.0.0-py3.10.egg-info/SOURCES.txt
[2.207s] -- Installing: /home/lydia-chheng/ros2_ws/install/action_interface/local/lib/python3.10/dist-packages/action_interface-0.0.0-py3.10.egg-info/PKG-INFO
[2.210s] -- Installing: /home/lydia-chheng/ros2_ws/install/action_interface/local/lib/python3.10/dist-packages/action_interface-0.0.0-py3.10.egg-info/dependency_links.txt
[2.210s] -- Up-to-date: /home/lydia-chheng/ros2_ws/install/action_interface/local/lib/python3.10/dist-packages/action_interface
[2.211s] -- Up-to-date: /home/lydia-chheng/ros2_ws/install/action_interface/local/lib/python3.10/dist-packages/action_interface/_action_interface_s.ep.rosidl_typesupport_fastrtps_c.c
[2.211s] -- Up-to-date: /home/lydia-chheng/ros2_ws/install/action_interface/local/lib/python3.10/dist-packages/action_interface/__init__.py
[2.211s] -- Up-to-date: /home/lydia-chheng/ros2_ws/install/action_interface/local/lib/python3.10/dist-packages/action_interface/_action_interface_s.ep.rosidl_typesupport_introspection_c.c
[2.211s] -- Up-to-date: /home/lydia-chheng/ros2_ws/install/action_interface/local/lib/python3.10/dist-packages/action_interface/libaction_interface__rosidl_generator_py.so
[2.211s] -- Up-to-date: /home/lydia-chheng/ros2_ws/install/action_interface/local/lib/python3.10/dist-packages/action_interface/action_interface_s__rosidl_typesupport_fastrtps_c.cpython-310-x86_64-linux-gnu.so
[2.213s] -- Up-to-date: /home/lydia-chheng/ros2_ws/install/action_interface/local/lib/python3.10/dist-packages/action_interface/action
[2.213s] -- Up-to-date: /home/lydia-chheng/ros2_ws/install/action_interface/local/lib/python3.10/dist-packages/action_interface/action/__init__.py
[2.213s] -- Up-to-date: /home/lydia-chheng/ros2_ws/install/action_interface/local/lib/python3.10/dist-packages/action_interface/action/_fibonacci.py
[2.213s] -- Up-to-date: /home/lydia-chheng/ros2_ws/install/action_interface/local/lib/python3.10/dist-packages/action_interface/action/_fibonacci_s.c
[2.214s] -- Up-to-date: /home/lydia-chheng/ros2_ws/install/action_interface/local/lib/python3.10/dist-packages/action_interface/action_interface_s__rosidl_typesupport_c.cpython-310-x86_64-linux-gnu.so
[2.214s] -- Up-to-date: /home/lydia-chheng/ros2_ws/install/action_interface/local/lib/python3.10/dist-packages/action_interface/action_interface_s__rosidl_typesupport_introspection_c.cpython-310-x86_64-linux-gnu.so
[2.216s] -- Up-to-date: /home/lydia-chheng/ros2_ws/install/action_interface/local/lib/python3.10/dist-packages/action_interface/_action_interface_s.ep.rosidl_typesupport_c.c
[2.413s] Listing '/home/lydia-chheng/ros2_ws/install/action_interface/local/lib/python3.10/dist-packages/action_interface'...
[2.414s] Listing '/home/lydia-chheng/ros2_ws/install/action_interface/local/lib/python3.10/dist-packages/action_interface/action'...
[2.428s] -- Up-to-date: /home/lydia-chheng/ros2_ws/install/action_interface/local/lib/python3.10/dist-packages/action_interface/action_interface_s__rosidl_typesupport_fastrtps_c.cpython-310-x86_64-linux-gnu.so
[2.435s] -- Up-to-date: /home/lydia-chheng/ros2_ws/install/action_interface/local/lib/python3.10/dist-packages/action_interface/action_interface_s__rosidl_typesupport_introspection_c.cpython-310-x86_64-linux-gnu.so
[2.437s] -- Up-to-date: /home/lydia-chheng/ros2_ws/install/action_interface/local/lib/python3.10/dist-packages/action_interface/action_interface_s__rosidl_typesupport_c.cpython-310-x86_64-linux-gnu.so
[2.441s] -- Up-to-date: /home/lydia-chheng/ros2_ws/install/action_interface/lib/libaction_interface__rosidl_generator_py.so
[2.442s] -- Up-to-date: /home/lydia-chheng/ros2_ws/install/action_interface/share/action_interface/action/Fibonacci.idl
[2.445s] -- Up-to-date: /home/lydia-chheng/ros2_ws/install/action_interface/share/action_interface/action/Fibonacci.action
[2.445s] -- Up-to-date: /home/lydia-chheng/ros2_ws/install/action_interface/share/ament_index/resource_index/package_run_dependencies/action_interface
[2.445s] -- Up-to-date: /home/lydia-chheng/ros2_ws/install/action_interface/share/ament_index/resource_index/parent_prefix_path/action_interface
[2.446s] -- Up-to-date: /home/lydia-chheng/ros2_ws/install/action_interface/share/action_interface/environment/ament_prefix_path.sh
[2.446s] -- Up-to-date: /home/lydia-chheng/ros2_ws/install/action_interface/share/action_interface/environment/ament_prefix_path.dsv
[2.446s] -- Up-to-date: /home/lydia-chheng/ros2_ws/install/action_interface/share/action_interface/environment/path.sh
[2.446s] -- Up-to-date: /home/lydia-chheng/ros2_ws/install/action_interface/share/action_interface/environment/path.dsv
[2.446s] -- Up-to-date: /home/lydia-chheng/ros2_ws/install/action_interface/share/action_interface/local_setup.bash
[2.447s] -- Up-to-date: /home/lydia-chheng/ros2_ws/install/action_interface/share/action_interface/local_setup.sh
[2.447s] -- Up-to-date: /home/lydia-chheng/ros2_ws/install/action_interface/share/action_interface/local_setup.zsh
[2.447s] -- Up-to-date: /home/lydia-chheng/ros2_ws/install/action_interface/share/action_interface/local_setup.dsv
[2.449s] -- Installing: /home/lydia-chheng/ros2_ws/install/action_interface/share/action_interface/package.dsv
[2.460s] -- Up-to-date: /home/lydia-chheng/ros2_ws/install/action_interface/share/ament_index/resource_index/packages/action_interface
[2.460s] -- Up-to-date: /home/lydia-chheng/ros2_ws/install/action_interface/share/action_interface/cmake/export_action_interface__rosidl_generator_cExport.cmake
[2.461s] -- Up-to-date: /home/lydia-chheng/ros2_ws/install/action_interface/share/action_interface/cmake/export_action_interface__rosidl_generator_cExport-noconfig.cmake
[2.461s] -- Up-to-date: /home/lydia-chheng/ros2_ws/install/action_interface/share/action_interface/cmake/export_action_interface__rosidl_typesupport_fastrtps_cExport.cmake
[2.466s] -- Up-to-date: /home/lydia-chheng/ros2_ws/install/action_interface/share/action_interface/cmake/export_action_interface__rosidl_typesupport_fastrtps_cExport-noconfig.cmake
[2.466s] -- Up-to-date: /home/lydia-chheng/ros2_ws/install/action_interface/share/action_interface/cmake/action_interface__rosidl_typesupport_introspection_cExport.cmake
[2.466s] -- Up-to-date: /home/lydia-chheng/ros2_ws/install/action_interface/share/action_interface/cmake/action_interface__rosidl_typesupport_introspection_cExport-noconfig.cmake
[2.466s] -- Up-to-date: /home/lydia-chheng/ros2_ws/install/action_interface/share/action_interface/cmake/action_interface__rosidl_typesupport_cExport.cmake
[2.466s] -- Up-to-date: /home/lydia-chheng/ros2_ws/install/action_interface/share/action_interface/cmake/action_interface__rosidl_typesupport_cExport-noconfig.cmake
[2.471s] -- Up-to-date: /home/lydia-chheng/ros2_ws/install/action_interface/share/action_interface/cmake/export_action_interface__rosidl_generator_cppExport.cmake
[2.471s] -- Up-to-date: /home/lydia-chheng/ros2_ws/install/action_interface/share/action_interface/cmake/export_action_interface__rosidl_typesupport_fastrtps_cppExport.cmake
[2.471s] -- Up-to-date: /home/lydia-chheng/ros2_ws/install/action_interface/share/action_interface/cmake/export_action_interface__rosidl_typesupport_fastrtps_cppExport-noconfig.cmake
[2.471s] -- Up-to-date: /home/lydia-chheng/ros2_ws/install/action_interface/share/action_interface/cmake/action_interface__rosidl_typesupport_introspection_cppExport.cmake
[2.472s] -- Up-to-date: /home/lydia-chheng/ros2_ws/install/action_interface/share/action_interface/cmake/action_interface__rosidl_typesupport_introspection_cppExport-noconfig.cmake
[2.472s] -- Up-to-date: /home/lydia-chheng/ros2_ws/install/action_interface/share/action_interface/cmake/action_interface__rosidl_typesupport_cppExport.cmake
[2.472s] -- Up-to-date: /home/lydia-chheng/ros2_ws/install/action_interface/share/action_interface/cmake/action_interface__rosidl_typesupport_cppExport-noconfig.cmake
[2.472s] -- Up-to-date: /home/lydia-chheng/ros2_ws/install/action_interface/share/action_interface/cmake/export_action_interface__rosidl_generator_pyExport.cmake
[2.473s] -- Up-to-date: /home/lydia-chheng/ros2_ws/install/action_interface/share/action_interface/cmake/export_action_interface__rosidl_generator_pyExport-noconfig.cmake
[2.473s] -- Up-to-date: /home/lydia-chheng/ros2_ws/install/action_interface/share/action_interface/cmake/rosidl_cmake-extras.cmake
[2.473s] -- Up-to-date: /home/lydia-chheng/ros2_ws/install/action_interface/share/action_interface/cmake/ament_cmake_export_dependencies-extras.cmake
[2.473s] -- Up-to-date: /home/lydia-chheng/ros2_ws/install/action_interface/share/action_interface/cmake/ament_cmake_export_include_directories-extras.cmake
[2.473s] -- Up-to-date: /home/lydia-chheng/ros2_ws/install/action_interface/share/action_interface/cmake/ament_cmake_export_libraries-extras.cmake
[2.486s] -- Up-to-date: /home/lydia-chheng/ros2_ws/install/action_interface/share/action_interface/cmake/ament_cmake_export_targets-extras.cmake
[2.486s] -- Up-to-date: /home/lydia-chheng/ros2_ws/install/action_interface/share/action_interface/cmake/rosidl_cmake_export_typesupport_targets-extras.cmake
[2.486s] -- Up-to-date: /home/lydia-chheng/ros2_ws/install/action_interface/share/action_interface/cmake/rosidl_cmake_export_typesupport_libraries-extras.cmake
[2.486s] -- Up-to-date: /home/lydia-chheng/ros2_ws/install/action_interface/share/action_interface/cmake/action_interfaceConfig.cmake
[2.488s] -- Up-to-date: /home/lydia-chheng/ros2_ws/install/action_interface/share/action_interface/cmake/action_interfaceConfig-version.cmake
[2.490s] -- Up-to-date: /home/lydia-chheng/ros2_ws/install/action_interface/share/action_interface/package.xml
[2.490s] Invoked command in '/home/lydia-chheng/ros2_ws/build/action_interface' returned '0': CMAKE_PREFIX_PATH=${CMAKE_PREFIX_PATH}:/home/lydia-chheng/ros2_ws/install/test_srv_cli:/home/lydia-chheng/ros2_ws/install/test_pub_sub:/home/lydia-chheng/ros2_ws/install/test2:/home/lydia-chheng/ros2_ws/install/parameters:/home/lydia-chheng/ros2_ws/install/meow:/opt/ros/humble /usr/bin/cmake --install /home/lydia-chheng/ros2_ws/build/action_interface
