[0.068s] Invoking command in '/home/lydia-chheng/ros2_ws/build/action_interface': CMAKE_PREFIX_PATH=/opt/ros/humble /usr/bin/cmake --build /home/lydia-chheng/ros2_ws/build/action_interface -- -j4 -l4
[1.417s] -- Found ament_cmake: 1.3.11 (/opt/ros/humble/share/ament_cmake/cmake)
[1.417s] -- Found rosidl_default_generators: 1.2.0 (/opt/ros/humble/share/rosidl_default_generators/cmake)
[1.417s] -- Using all available rosidl_typesupport_c: rosidl_typesupport_fastrtps_c;rosidl_typesupport_introspection_c
[1.417s] -- Found rosidl_adapter: 3.1.6 (/opt/ros/humble/share/rosidl_adapter/cmake)
[1.417s] -- Using all available rosidl_typesupport_cpp: rosidl_typesupport_fastrtps_cpp;rosidl_typesupport_introspection_cpp
[1.563s] -- Found ament_cmake_ros: 0.10.0 (/opt/ros/humble/share/ament_cmake_ros/cmake)
[2.557s] -- Using all available rosidl_typesupport_c: rosidl_typesupport_fastrtps_c;rosidl_typesupport_introspection_c
[3.839s] -- Using all available rosidl_typesupport_cpp: rosidl_typesupport_fastrtps_cpp;rosidl_typesupport_introspection_cpp
[3.995s] -- Found python_cmake_module: 0.10.0 (/opt/ros/humble/share/python_cmake_module/cmake)
[4.123s] -- Using PYTHON_EXECUTABLE: /usr/bin/python3
[4.124s] -- Using PYTHON_INCLUDE_DIRS: /usr/include/python3.10
[4.124s] -- Using PYTHON_LIBRARIES: /usr/lib/x86_64-linux-gnu/libpython3.10.so
[4.268s] -- Found ament_lint_auto: 0.12.11 (/opt/ros/humble/share/ament_lint_auto/cmake)
[4.343s] -- Added test 'lint_cmake' to check CMake code style
[4.352s] -- Added test 'xmllint' to check XML markup files
[4.357s] -- Configuring done
[4.548s] -- Generating done
[4.606s] -- Build files have been written to: /home/lydia-chheng/ros2_ws/build/action_interface
[4.784s] [35m[1mConsolidate compiler generated dependencies of target action_interface__rosidl_generator_c[0m
[4.802s] [  0%] Built target ament_cmake_python_copy_action_interface
[4.816s] [  3%] Built target action_interface__cpp
[4.842s] [  6%] [32mBuilding C object CMakeFiles/action_interface__rosidl_generator_c.dir/rosidl_generator_c/action_interface/action/detail/fibonacci__functions.c.o[0m
[4.857s] [35m[1mConsolidate compiler generated dependencies of target action_interface__rosidl_typesupport_fastrtps_cpp[0m
[4.863s] [35m[1mConsolidate compiler generated dependencies of target action_interface__rosidl_typesupport_cpp[0m
[4.935s] [  9%] [32mBuilding CXX object CMakeFiles/action_interface__rosidl_typesupport_cpp.dir/rosidl_typesupport_cpp/action_interface/action/fibonacci__type_support.cpp.o[0m
[5.003s] [ 12%] [32mBuilding CXX object CMakeFiles/action_interface__rosidl_typesupport_fastrtps_cpp.dir/rosidl_typesupport_fastrtps_cpp/action_interface/action/detail/dds_fastrtps/fibonacci__type_support.cpp.o[0m
[6.086s] [ 16%] [32m[1mLinking C shared library libaction_interface__rosidl_generator_c.so[0m
[6.407s] [ 19%] Built target action_interface__rosidl_generator_c
[6.585s] [35m[1mConsolidate compiler generated dependencies of target action_interface__rosidl_typesupport_introspection_cpp[0m
[6.780s] [ 22%] [32mBuilding CXX object CMakeFiles/action_interface__rosidl_typesupport_introspection_cpp.dir/rosidl_typesupport_introspection_cpp/action_interface/action/detail/fibonacci__type_support.cpp.o[0m
[6.921s] running egg_info
[6.978s] writing action_interface.egg-info/PKG-INFO
[6.979s] writing dependency_links to action_interface.egg-info/dependency_links.txt
[6.979s] writing top-level names to action_interface.egg-info/top_level.txt
[7.872s] reading manifest file 'action_interface.egg-info/SOURCES.txt'
[7.884s] writing manifest file 'action_interface.egg-info/SOURCES.txt'
[8.181s] [ 22%] Built target ament_cmake_python_build_action_interface_egg
[8.748s] [ 25%] [32m[1mLinking CXX shared library libaction_interface__rosidl_typesupport_cpp.so[0m
[9.148s] [ 29%] Built target action_interface__rosidl_typesupport_cpp
[9.891s] [ 32%] [32m[1mLinking CXX shared library libaction_interface__rosidl_typesupport_fastrtps_cpp.so[0m
[10.589s] [ 35%] Built target action_interface__rosidl_typesupport_fastrtps_cpp
[11.340s] [ 38%] [32m[1mLinking CXX shared library libaction_interface__rosidl_typesupport_introspection_cpp.so[0m
[11.831s] [ 41%] Built target action_interface__rosidl_typesupport_introspection_cpp
[11.885s] [35m[1mConsolidate compiler generated dependencies of target action_interface__rosidl_typesupport_c[0m
[11.982s] [ 45%] [32mBuilding CXX object CMakeFiles/action_interface__rosidl_typesupport_c.dir/rosidl_typesupport_c/action_interface/action/fibonacci__type_support.cpp.o[0m
[12.374s] [ 48%] [32m[1mLinking CXX shared library libaction_interface__rosidl_typesupport_c.so[0m
[12.671s] [ 51%] Built target action_interface__rosidl_typesupport_c
[12.746s] [35m[1mConsolidate compiler generated dependencies of target action_interface__rosidl_typesupport_introspection_c[0m
[12.786s] [ 54%] [32mBuilding C object CMakeFiles/action_interface__rosidl_typesupport_introspection_c.dir/rosidl_typesupport_introspection_c/action_interface/action/detail/fibonacci__type_support.c.o[0m
[13.132s] [ 58%] [32m[1mLinking C shared library libaction_interface__rosidl_typesupport_introspection_c.so[0m
[13.287s] [ 61%] Built target action_interface__rosidl_typesupport_introspection_c
[13.335s] [35m[1mConsolidate compiler generated dependencies of target action_interface__rosidl_typesupport_fastrtps_c[0m
[13.399s] [ 64%] [32mBuilding CXX object CMakeFiles/action_interface__rosidl_typesupport_fastrtps_c.dir/rosidl_typesupport_fastrtps_c/action_interface/action/detail/fibonacci__type_support_c.cpp.o[0m
[15.447s] [ 67%] [32m[1mLinking CXX shared library libaction_interface__rosidl_typesupport_fastrtps_c.so[0m
[15.660s] [ 70%] Built target action_interface__rosidl_typesupport_fastrtps_c
[15.717s] [ 70%] Built target action_interface
[15.791s] [ 74%] Built target action_interface__py
[15.815s] [35m[1mConsolidate compiler generated dependencies of target action_interface__rosidl_generator_py[0m
[15.846s] [ 77%] [32mBuilding C object CMakeFiles/action_interface__rosidl_generator_py.dir/rosidl_generator_py/action_interface/action/_fibonacci_s.c.o[0m
[16.495s] [ 80%] [32m[1mLinking C shared library rosidl_generator_py/action_interface/libaction_interface__rosidl_generator_py.so[0m
[16.778s] [ 80%] Built target action_interface__rosidl_generator_py
[16.814s] [35m[1mConsolidate compiler generated dependencies of target action_interface__rosidl_typesupport_fastrtps_c__pyext[0m
[16.905s] [ 83%] [32mBuilding C object CMakeFiles/action_interface__rosidl_typesupport_fastrtps_c__pyext.dir/rosidl_generator_py/action_interface/_action_interface_s.ep.rosidl_typesupport_fastrtps_c.c.o[0m
[17.363s] [ 87%] [32m[1mLinking C shared library rosidl_generator_py/action_interface/action_interface_s__rosidl_typesupport_fastrtps_c.cpython-310-x86_64-linux-gnu.so[0m
[17.471s] [ 87%] Built target action_interface__rosidl_typesupport_fastrtps_c__pyext
[17.503s] [35m[1mConsolidate compiler generated dependencies of target action_interface__rosidl_typesupport_c__pyext[0m
[17.535s] [ 90%] [32mBuilding C object CMakeFiles/action_interface__rosidl_typesupport_c__pyext.dir/rosidl_generator_py/action_interface/_action_interface_s.ep.rosidl_typesupport_c.c.o[0m
[17.885s] [ 93%] [32m[1mLinking C shared library rosidl_generator_py/action_interface/action_interface_s__rosidl_typesupport_c.cpython-310-x86_64-linux-gnu.so[0m
[17.961s] [ 93%] Built target action_interface__rosidl_typesupport_c__pyext
[17.986s] [35m[1mConsolidate compiler generated dependencies of target action_interface__rosidl_typesupport_introspection_c__pyext[0m
[18.011s] [ 96%] [32mBuilding C object CMakeFiles/action_interface__rosidl_typesupport_introspection_c__pyext.dir/rosidl_generator_py/action_interface/_action_interface_s.ep.rosidl_typesupport_introspection_c.c.o[0m
[18.320s] [100%] [32m[1mLinking C shared library rosidl_generator_py/action_interface/action_interface_s__rosidl_typesupport_introspection_c.cpython-310-x86_64-linux-gnu.so[0m
[18.406s] [100%] Built target action_interface__rosidl_typesupport_introspection_c__pyext
[18.429s] Invoked command in '/home/lydia-chheng/ros2_ws/build/action_interface' returned '0': CMAKE_PREFIX_PATH=/opt/ros/humble /usr/bin/cmake --build /home/lydia-chheng/ros2_ws/build/action_interface -- -j4 -l4
[18.451s] Invoking command in '/home/lydia-chheng/ros2_ws/build/action_interface': CMAKE_PREFIX_PATH=/opt/ros/humble /usr/bin/cmake --install /home/lydia-chheng/ros2_ws/build/action_interface
[18.468s] -- Install configuration: ""
[18.468s] -- Up-to-date: /home/lydia-chheng/ros2_ws/install/action_interface/share/ament_index/resource_index/rosidl_interfaces/action_interface
[18.469s] -- Up-to-date: /home/lydia-chheng/ros2_ws/install/action_interface/include/action_interface/action_interface
[18.469s] -- Up-to-date: /home/lydia-chheng/ros2_ws/install/action_interface/include/action_interface/action_interface/action
[18.470s] -- Up-to-date: /home/lydia-chheng/ros2_ws/install/action_interface/include/action_interface/action_interface/action/detail
[18.470s] -- Installing: /home/lydia-chheng/ros2_ws/install/action_interface/include/action_interface/action_interface/action/detail/fibonacci__functions.c
[18.470s] -- Installing: /home/lydia-chheng/ros2_ws/install/action_interface/include/action_interface/action_interface/action/detail/fibonacci__struct.h
[18.470s] -- Installing: /home/lydia-chheng/ros2_ws/install/action_interface/include/action_interface/action_interface/action/detail/fibonacci__functions.h
[18.471s] -- Up-to-date: /home/lydia-chheng/ros2_ws/install/action_interface/include/action_interface/action_interface/action/detail/fibonacci__type_support.h
[18.471s] -- Up-to-date: /home/lydia-chheng/ros2_ws/install/action_interface/include/action_interface/action_interface/action/fibonacci.h
[18.471s] -- Up-to-date: /home/lydia-chheng/ros2_ws/install/action_interface/include/action_interface/action_interface/msg
[18.471s] -- Up-to-date: /home/lydia-chheng/ros2_ws/install/action_interface/include/action_interface/action_interface/msg/rosidl_generator_c__visibility_control.h
[18.472s] -- Installing: /home/lydia-chheng/ros2_ws/install/action_interface/share/action_interface/environment/library_path.sh
[18.472s] -- Installing: /home/lydia-chheng/ros2_ws/install/action_interface/share/action_interface/environment/library_path.dsv
[18.472s] -- Installing: /home/lydia-chheng/ros2_ws/install/action_interface/lib/libaction_interface__rosidl_generator_c.so
[18.472s] -- Set runtime path of "/home/lydia-chheng/ros2_ws/install/action_interface/lib/libaction_interface__rosidl_generator_c.so" to ""
[18.473s] -- Up-to-date: /home/lydia-chheng/ros2_ws/install/action_interface/include/action_interface/action_interface
[18.473s] -- Up-to-date: /home/lydia-chheng/ros2_ws/install/action_interface/include/action_interface/action_interface/action
[18.473s] -- Up-to-date: /home/lydia-chheng/ros2_ws/install/action_interface/include/action_interface/action_interface/action/detail
[18.473s] -- Up-to-date: /home/lydia-chheng/ros2_ws/install/action_interface/include/action_interface/action_interface/action/detail/fibonacci__rosidl_typesupport_fastrtps_c.h
[18.473s] -- Up-to-date: /home/lydia-chheng/ros2_ws/install/action_interface/include/action_interface/action_interface/msg
[18.474s] -- Up-to-date: /home/lydia-chheng/ros2_ws/install/action_interface/include/action_interface/action_interface/msg/rosidl_typesupport_fastrtps_c__visibility_control.h
[18.474s] -- Installing: /home/lydia-chheng/ros2_ws/install/action_interface/lib/libaction_interface__rosidl_typesupport_fastrtps_c.so
[18.474s] -- Set runtime path of "/home/lydia-chheng/ros2_ws/install/action_interface/lib/libaction_interface__rosidl_typesupport_fastrtps_c.so" to ""
[18.474s] -- Up-to-date: /home/lydia-chheng/ros2_ws/install/action_interface/include/action_interface/action_interface
[18.475s] -- Up-to-date: /home/lydia-chheng/ros2_ws/install/action_interface/include/action_interface/action_interface/action
[18.475s] -- Up-to-date: /home/lydia-chheng/ros2_ws/install/action_interface/include/action_interface/action_interface/action/detail
[18.475s] -- Up-to-date: /home/lydia-chheng/ros2_ws/install/action_interface/include/action_interface/action_interface/action/detail/fibonacci__type_support.c
[18.475s] -- Up-to-date: /home/lydia-chheng/ros2_ws/install/action_interface/include/action_interface/action_interface/action/detail/fibonacci__rosidl_typesupport_introspection_c.h
[18.476s] -- Up-to-date: /home/lydia-chheng/ros2_ws/install/action_interface/include/action_interface/action_interface/msg
[18.476s] -- Up-to-date: /home/lydia-chheng/ros2_ws/install/action_interface/include/action_interface/action_interface/msg/rosidl_typesupport_introspection_c__visibility_control.h
[18.476s] -- Installing: /home/lydia-chheng/ros2_ws/install/action_interface/lib/libaction_interface__rosidl_typesupport_introspection_c.so
[18.477s] -- Set runtime path of "/home/lydia-chheng/ros2_ws/install/action_interface/lib/libaction_interface__rosidl_typesupport_introspection_c.so" to ""
[18.477s] -- Installing: /home/lydia-chheng/ros2_ws/install/action_interface/lib/libaction_interface__rosidl_typesupport_c.so
[18.478s] -- Set runtime path of "/home/lydia-chheng/ros2_ws/install/action_interface/lib/libaction_interface__rosidl_typesupport_c.so" to ""
[18.478s] -- Up-to-date: /home/lydia-chheng/ros2_ws/install/action_interface/include/action_interface/action_interface
[18.478s] -- Up-to-date: /home/lydia-chheng/ros2_ws/install/action_interface/include/action_interface/action_interface/action
[18.479s] -- Up-to-date: /home/lydia-chheng/ros2_ws/install/action_interface/include/action_interface/action_interface/action/fibonacci.hpp
[18.479s] -- Up-to-date: /home/lydia-chheng/ros2_ws/install/action_interface/include/action_interface/action_interface/action/detail
[18.479s] -- Up-to-date: /home/lydia-chheng/ros2_ws/install/action_interface/include/action_interface/action_interface/action/detail/fibonacci__type_support.hpp
[18.479s] -- Up-to-date: /home/lydia-chheng/ros2_ws/install/action_interface/include/action_interface/action_interface/action/detail/fibonacci__traits.hpp
[18.479s] -- Installing: /home/lydia-chheng/ros2_ws/install/action_interface/include/action_interface/action_interface/action/detail/fibonacci__struct.hpp
[18.480s] -- Installing: /home/lydia-chheng/ros2_ws/install/action_interface/include/action_interface/action_interface/action/detail/fibonacci__builder.hpp
[18.480s] -- Up-to-date: /home/lydia-chheng/ros2_ws/install/action_interface/include/action_interface/action_interface/msg
[18.480s] -- Up-to-date: /home/lydia-chheng/ros2_ws/install/action_interface/include/action_interface/action_interface/msg/rosidl_generator_cpp__visibility_control.hpp
[18.480s] -- Up-to-date: /home/lydia-chheng/ros2_ws/install/action_interface/include/action_interface/action_interface
[18.480s] -- Up-to-date: /home/lydia-chheng/ros2_ws/install/action_interface/include/action_interface/action_interface/action
[18.481s] -- Up-to-date: /home/lydia-chheng/ros2_ws/install/action_interface/include/action_interface/action_interface/action/detail
[18.481s] -- Up-to-date: /home/lydia-chheng/ros2_ws/install/action_interface/include/action_interface/action_interface/action/detail/fibonacci__rosidl_typesupport_fastrtps_cpp.hpp
[18.481s] -- Up-to-date: /home/lydia-chheng/ros2_ws/install/action_interface/include/action_interface/action_interface/action/detail/dds_fastrtps
[18.481s] -- Up-to-date: /home/lydia-chheng/ros2_ws/install/action_interface/include/action_interface/action_interface/msg
[18.481s] -- Up-to-date: /home/lydia-chheng/ros2_ws/install/action_interface/include/action_interface/action_interface/msg/rosidl_typesupport_fastrtps_cpp__visibility_control.h
[18.482s] -- Installing: /home/lydia-chheng/ros2_ws/install/action_interface/lib/libaction_interface__rosidl_typesupport_fastrtps_cpp.so
[18.482s] -- Set runtime path of "/home/lydia-chheng/ros2_ws/install/action_interface/lib/libaction_interface__rosidl_typesupport_fastrtps_cpp.so" to ""
[18.482s] -- Up-to-date: /home/lydia-chheng/ros2_ws/install/action_interface/include/action_interface/action_interface
[18.483s] -- Up-to-date: /home/lydia-chheng/ros2_ws/install/action_interface/include/action_interface/action_interface/action
[18.483s] -- Up-to-date: /home/lydia-chheng/ros2_ws/install/action_interface/include/action_interface/action_interface/action/detail
[18.483s] -- Up-to-date: /home/lydia-chheng/ros2_ws/install/action_interface/include/action_interface/action_interface/action/detail/fibonacci__type_support.cpp
[18.483s] -- Up-to-date: /home/lydia-chheng/ros2_ws/install/action_interface/include/action_interface/action_interface/action/detail/fibonacci__rosidl_typesupport_introspection_cpp.hpp
[18.484s] -- Installing: /home/lydia-chheng/ros2_ws/install/action_interface/lib/libaction_interface__rosidl_typesupport_introspection_cpp.so
[18.484s] -- Set runtime path of "/home/lydia-chheng/ros2_ws/install/action_interface/lib/libaction_interface__rosidl_typesupport_introspection_cpp.so" to ""
[18.484s] -- Installing: /home/lydia-chheng/ros2_ws/install/action_interface/lib/libaction_interface__rosidl_typesupport_cpp.so
[18.485s] -- Set runtime path of "/home/lydia-chheng/ros2_ws/install/action_interface/lib/libaction_interface__rosidl_typesupport_cpp.so" to ""
[18.485s] -- Up-to-date: /home/lydia-chheng/ros2_ws/install/action_interface/share/action_interface/environment/pythonpath.sh
[18.485s] -- Installing: /home/lydia-chheng/ros2_ws/install/action_interface/share/action_interface/environment/pythonpath.dsv
[18.485s] -- Up-to-date: /home/lydia-chheng/ros2_ws/install/action_interface/local/lib/python3.10/dist-packages/action_interface-0.0.0-py3.10.egg-info
[18.486s] -- Installing: /home/lydia-chheng/ros2_ws/install/action_interface/local/lib/python3.10/dist-packages/action_interface-0.0.0-py3.10.egg-info/top_level.txt
[18.486s] -- Installing: /home/lydia-chheng/ros2_ws/install/action_interface/local/lib/python3.10/dist-packages/action_interface-0.0.0-py3.10.egg-info/SOURCES.txt
[18.487s] -- Installing: /home/lydia-chheng/ros2_ws/install/action_interface/local/lib/python3.10/dist-packages/action_interface-0.0.0-py3.10.egg-info/PKG-INFO
[18.487s] -- Installing: /home/lydia-chheng/ros2_ws/install/action_interface/local/lib/python3.10/dist-packages/action_interface-0.0.0-py3.10.egg-info/dependency_links.txt
[18.488s] -- Up-to-date: /home/lydia-chheng/ros2_ws/install/action_interface/local/lib/python3.10/dist-packages/action_interface
[18.488s] -- Up-to-date: /home/lydia-chheng/ros2_ws/install/action_interface/local/lib/python3.10/dist-packages/action_interface/_action_interface_s.ep.rosidl_typesupport_fastrtps_c.c
[18.488s] -- Installing: /home/lydia-chheng/ros2_ws/install/action_interface/local/lib/python3.10/dist-packages/action_interface/__init__.py
[18.488s] -- Up-to-date: /home/lydia-chheng/ros2_ws/install/action_interface/local/lib/python3.10/dist-packages/action_interface/_action_interface_s.ep.rosidl_typesupport_introspection_c.c
[18.489s] -- Installing: /home/lydia-chheng/ros2_ws/install/action_interface/local/lib/python3.10/dist-packages/action_interface/libaction_interface__rosidl_generator_py.so
[18.489s] -- Installing: /home/lydia-chheng/ros2_ws/install/action_interface/local/lib/python3.10/dist-packages/action_interface/action_interface_s__rosidl_typesupport_fastrtps_c.cpython-310-x86_64-linux-gnu.so
[18.489s] -- Up-to-date: /home/lydia-chheng/ros2_ws/install/action_interface/local/lib/python3.10/dist-packages/action_interface/action
[18.489s] -- Up-to-date: /home/lydia-chheng/ros2_ws/install/action_interface/local/lib/python3.10/dist-packages/action_interface/action/__init__.py
[18.489s] -- Up-to-date: /home/lydia-chheng/ros2_ws/install/action_interface/local/lib/python3.10/dist-packages/action_interface/action/_fibonacci.py
[18.490s] -- Up-to-date: /home/lydia-chheng/ros2_ws/install/action_interface/local/lib/python3.10/dist-packages/action_interface/action/_fibonacci_s.c
[18.490s] -- Installing: /home/lydia-chheng/ros2_ws/install/action_interface/local/lib/python3.10/dist-packages/action_interface/action_interface_s__rosidl_typesupport_c.cpython-310-x86_64-linux-gnu.so
[18.490s] -- Installing: /home/lydia-chheng/ros2_ws/install/action_interface/local/lib/python3.10/dist-packages/action_interface/action_interface_s__rosidl_typesupport_introspection_c.cpython-310-x86_64-linux-gnu.so
[18.490s] -- Installing: /home/lydia-chheng/ros2_ws/install/action_interface/local/lib/python3.10/dist-packages/action_interface/_action_interface_s.ep.rosidl_typesupport_c.c
[18.586s] Listing '/home/lydia-chheng/ros2_ws/install/action_interface/local/lib/python3.10/dist-packages/action_interface'...
[18.586s] Compiling '/home/lydia-chheng/ros2_ws/install/action_interface/local/lib/python3.10/dist-packages/action_interface/__init__.py'...
[18.586s] Listing '/home/lydia-chheng/ros2_ws/install/action_interface/local/lib/python3.10/dist-packages/action_interface/action'...
[18.586s] Compiling '/home/lydia-chheng/ros2_ws/install/action_interface/local/lib/python3.10/dist-packages/action_interface/action/__init__.py'...
[18.586s] Compiling '/home/lydia-chheng/ros2_ws/install/action_interface/local/lib/python3.10/dist-packages/action_interface/action/_fibonacci.py'...
[18.595s] -- Installing: /home/lydia-chheng/ros2_ws/install/action_interface/local/lib/python3.10/dist-packages/action_interface/action_interface_s__rosidl_typesupport_fastrtps_c.cpython-310-x86_64-linux-gnu.so
[18.597s] -- Set runtime path of "/home/lydia-chheng/ros2_ws/install/action_interface/local/lib/python3.10/dist-packages/action_interface/action_interface_s__rosidl_typesupport_fastrtps_c.cpython-310-x86_64-linux-gnu.so" to ""
[18.598s] -- Installing: /home/lydia-chheng/ros2_ws/install/action_interface/local/lib/python3.10/dist-packages/action_interface/action_interface_s__rosidl_typesupport_introspection_c.cpython-310-x86_64-linux-gnu.so
[18.599s] -- Set runtime path of "/home/lydia-chheng/ros2_ws/install/action_interface/local/lib/python3.10/dist-packages/action_interface/action_interface_s__rosidl_typesupport_introspection_c.cpython-310-x86_64-linux-gnu.so" to ""
[18.600s] -- Installing: /home/lydia-chheng/ros2_ws/install/action_interface/local/lib/python3.10/dist-packages/action_interface/action_interface_s__rosidl_typesupport_c.cpython-310-x86_64-linux-gnu.so
[18.601s] -- Set runtime path of "/home/lydia-chheng/ros2_ws/install/action_interface/local/lib/python3.10/dist-packages/action_interface/action_interface_s__rosidl_typesupport_c.cpython-310-x86_64-linux-gnu.so" to ""
[18.602s] -- Installing: /home/lydia-chheng/ros2_ws/install/action_interface/lib/libaction_interface__rosidl_generator_py.so
[18.603s] -- Set runtime path of "/home/lydia-chheng/ros2_ws/install/action_interface/lib/libaction_interface__rosidl_generator_py.so" to ""
[18.604s] -- Up-to-date: /home/lydia-chheng/ros2_ws/install/action_interface/share/action_interface/action/Fibonacci.idl
[18.604s] -- Up-to-date: /home/lydia-chheng/ros2_ws/install/action_interface/share/action_interface/action/Fibonacci.action
[18.604s] -- Up-to-date: /home/lydia-chheng/ros2_ws/install/action_interface/share/ament_index/resource_index/package_run_dependencies/action_interface
[18.604s] -- Up-to-date: /home/lydia-chheng/ros2_ws/install/action_interface/share/ament_index/resource_index/parent_prefix_path/action_interface
[18.605s] -- Installing: /home/lydia-chheng/ros2_ws/install/action_interface/share/action_interface/environment/ament_prefix_path.sh
[18.605s] -- Installing: /home/lydia-chheng/ros2_ws/install/action_interface/share/action_interface/environment/ament_prefix_path.dsv
[18.606s] -- Installing: /home/lydia-chheng/ros2_ws/install/action_interface/share/action_interface/environment/path.sh
[18.607s] -- Installing: /home/lydia-chheng/ros2_ws/install/action_interface/share/action_interface/environment/path.dsv
[18.609s] -- Up-to-date: /home/lydia-chheng/ros2_ws/install/action_interface/share/action_interface/local_setup.bash
[18.610s] -- Up-to-date: /home/lydia-chheng/ros2_ws/install/action_interface/share/action_interface/local_setup.sh
[18.610s] -- Up-to-date: /home/lydia-chheng/ros2_ws/install/action_interface/share/action_interface/local_setup.zsh
[18.610s] -- Installing: /home/lydia-chheng/ros2_ws/install/action_interface/share/action_interface/local_setup.dsv
[18.611s] -- Installing: /home/lydia-chheng/ros2_ws/install/action_interface/share/action_interface/package.dsv
[18.611s] -- Up-to-date: /home/lydia-chheng/ros2_ws/install/action_interface/share/ament_index/resource_index/packages/action_interface
[18.611s] -- Up-to-date: /home/lydia-chheng/ros2_ws/install/action_interface/share/action_interface/cmake/export_action_interface__rosidl_generator_cExport.cmake
[18.611s] -- Up-to-date: /home/lydia-chheng/ros2_ws/install/action_interface/share/action_interface/cmake/export_action_interface__rosidl_generator_cExport-noconfig.cmake
[18.611s] -- Up-to-date: /home/lydia-chheng/ros2_ws/install/action_interface/share/action_interface/cmake/export_action_interface__rosidl_typesupport_fastrtps_cExport.cmake
[18.612s] -- Up-to-date: /home/lydia-chheng/ros2_ws/install/action_interface/share/action_interface/cmake/export_action_interface__rosidl_typesupport_fastrtps_cExport-noconfig.cmake
[18.612s] -- Up-to-date: /home/lydia-chheng/ros2_ws/install/action_interface/share/action_interface/cmake/action_interface__rosidl_typesupport_introspection_cExport.cmake
[18.612s] -- Up-to-date: /home/lydia-chheng/ros2_ws/install/action_interface/share/action_interface/cmake/action_interface__rosidl_typesupport_introspection_cExport-noconfig.cmake
[18.612s] -- Up-to-date: /home/lydia-chheng/ros2_ws/install/action_interface/share/action_interface/cmake/action_interface__rosidl_typesupport_cExport.cmake
[18.613s] -- Up-to-date: /home/lydia-chheng/ros2_ws/install/action_interface/share/action_interface/cmake/action_interface__rosidl_typesupport_cExport-noconfig.cmake
[18.613s] -- Up-to-date: /home/lydia-chheng/ros2_ws/install/action_interface/share/action_interface/cmake/export_action_interface__rosidl_generator_cppExport.cmake
[18.613s] -- Up-to-date: /home/lydia-chheng/ros2_ws/install/action_interface/share/action_interface/cmake/export_action_interface__rosidl_typesupport_fastrtps_cppExport.cmake
[18.617s] -- Up-to-date: /home/lydia-chheng/ros2_ws/install/action_interface/share/action_interface/cmake/export_action_interface__rosidl_typesupport_fastrtps_cppExport-noconfig.cmake
[18.618s] -- Up-to-date: /home/lydia-chheng/ros2_ws/install/action_interface/share/action_interface/cmake/action_interface__rosidl_typesupport_introspection_cppExport.cmake
[18.618s] -- Up-to-date: /home/lydia-chheng/ros2_ws/install/action_interface/share/action_interface/cmake/action_interface__rosidl_typesupport_introspection_cppExport-noconfig.cmake
[18.618s] -- Up-to-date: /home/lydia-chheng/ros2_ws/install/action_interface/share/action_interface/cmake/action_interface__rosidl_typesupport_cppExport.cmake
[18.619s] -- Up-to-date: /home/lydia-chheng/ros2_ws/install/action_interface/share/action_interface/cmake/action_interface__rosidl_typesupport_cppExport-noconfig.cmake
[18.619s] -- Up-to-date: /home/lydia-chheng/ros2_ws/install/action_interface/share/action_interface/cmake/export_action_interface__rosidl_generator_pyExport.cmake
[18.619s] -- Up-to-date: /home/lydia-chheng/ros2_ws/install/action_interface/share/action_interface/cmake/export_action_interface__rosidl_generator_pyExport-noconfig.cmake
[18.619s] -- Up-to-date: /home/lydia-chheng/ros2_ws/install/action_interface/share/action_interface/cmake/rosidl_cmake-extras.cmake
[18.619s] -- Up-to-date: /home/lydia-chheng/ros2_ws/install/action_interface/share/action_interface/cmake/ament_cmake_export_dependencies-extras.cmake
[18.620s] -- Up-to-date: /home/lydia-chheng/ros2_ws/install/action_interface/share/action_interface/cmake/ament_cmake_export_include_directories-extras.cmake
[18.620s] -- Up-to-date: /home/lydia-chheng/ros2_ws/install/action_interface/share/action_interface/cmake/ament_cmake_export_libraries-extras.cmake
[18.620s] -- Up-to-date: /home/lydia-chheng/ros2_ws/install/action_interface/share/action_interface/cmake/ament_cmake_export_targets-extras.cmake
[18.620s] -- Up-to-date: /home/lydia-chheng/ros2_ws/install/action_interface/share/action_interface/cmake/rosidl_cmake_export_typesupport_targets-extras.cmake
[18.620s] -- Up-to-date: /home/lydia-chheng/ros2_ws/install/action_interface/share/action_interface/cmake/rosidl_cmake_export_typesupport_libraries-extras.cmake
[18.621s] -- Up-to-date: /home/lydia-chheng/ros2_ws/install/action_interface/share/action_interface/cmake/action_interfaceConfig.cmake
[18.621s] -- Up-to-date: /home/lydia-chheng/ros2_ws/install/action_interface/share/action_interface/cmake/action_interfaceConfig-version.cmake
[18.621s] -- Up-to-date: /home/lydia-chheng/ros2_ws/install/action_interface/share/action_interface/package.xml
[18.622s] Invoked command in '/home/lydia-chheng/ros2_ws/build/action_interface' returned '0': CMAKE_PREFIX_PATH=/opt/ros/humble /usr/bin/cmake --install /home/lydia-chheng/ros2_ws/build/action_interface
