/home/lydia-chheng/.local/lib/python3.10/site-packages/setuptools/_distutils/dist.py:261: UserWarning: Unknown distribution option: 'tests_require'
  warnings.warn(msg)
running egg_info
writing ../../build/meow/meow.egg-info/PKG-INFO
writing dependency_links to ../../build/meow/meow.egg-info/dependency_links.txt
writing requirements to ../../build/meow/meow.egg-info/requires.txt
writing top-level names to ../../build/meow/meow.egg-info/top_level.txt
reading manifest file '../../build/meow/meow.egg-info/SOURCES.txt'
adding license file 'LICENSE'
writing manifest file '../../build/meow/meow.egg-info/SOURCES.txt'
running build
running build_py
copying meow/__init__.py -> /home/lydia-chheng/ros2_ws/build/meow/build/lib/meow
running install
running install_lib
running install_data
copying resource/meow -> /home/lydia-chheng/ros2_ws/install/meow/share/ament_index/resource_index/packages
copying package.xml -> /home/lydia-chheng/ros2_ws/install/meow/share/meow
running install_egg_info
removing '/home/lydia-chheng/ros2_ws/install/meow/lib/python3.10/site-packages/meow-0.0.0-py3.10.egg-info' (and everything under it)
Copying ../../build/meow/meow.egg-info to /home/lydia-chheng/ros2_ws/install/meow/lib/python3.10/site-packages/meow-0.0.0-py3.10.egg-info
running install_scripts
writing list of installed files to '/home/lydia-chheng/ros2_ws/build/meow/install.log'
