running egg_info
creating ../../build/meow/meow.egg-info
writing ../../build/meow/meow.egg-info/PKG-INFO
writing dependency_links to ../../build/meow/meow.egg-info/dependency_links.txt
writing requirements to ../../build/meow/meow.egg-info/requires.txt
writing top-level names to ../../build/meow/meow.egg-info/top_level.txt
writing manifest file '../../build/meow/meow.egg-info/SOURCES.txt'
reading manifest file '../../build/meow/meow.egg-info/SOURCES.txt'
adding license file 'LICENSE'
writing manifest file '../../build/meow/meow.egg-info/SOURCES.txt'
running build
running build_py
creating /home/lydia-chheng/ros2_ws/build/meow/build/lib/meow
copying meow/__init__.py -> /home/lydia-chheng/ros2_ws/build/meow/build/lib/meow
running install
running install_lib
creating /home/lydia-chheng/ros2_ws/install/meow/lib/python3.10/site-packages/meow
copying /home/lydia-chheng/ros2_ws/build/meow/build/lib/meow/__init__.py -> /home/lydia-chheng/ros2_ws/install/meow/lib/python3.10/site-packages/meow
byte-compiling /home/lydia-chheng/ros2_ws/install/meow/lib/python3.10/site-packages/meow/__init__.py to __init__.cpython-310.pyc
running install_data
creating /home/lydia-chheng/ros2_ws/install/meow/share/ament_index/resource_index/packages
copying resource/meow -> /home/lydia-chheng/ros2_ws/install/meow/share/ament_index/resource_index/packages
copying package.xml -> /home/lydia-chheng/ros2_ws/install/meow/share/meow
running install_egg_info
Copying ../../build/meow/meow.egg-info to /home/lydia-chheng/ros2_ws/install/meow/lib/python3.10/site-packages/meow-0.0.0-py3.10.egg-info
running install_scripts
writing list of installed files to '/home/lydia-chheng/ros2_ws/build/meow/install.log'
