[0.060s] Invoking command in '/home/lydia-chheng/ros2_ws/build/action_interface': CMAKE_PREFIX_PATH=${CMAKE_PREFIX_PATH}:/home/lydia-chheng/ros2_ws/install/test_srv_cli:/home/lydia-chheng/ros2_ws/install/test_pub_sub:/home/lydia-chheng/ros2_ws/install/test2:/home/lydia-chheng/ros2_ws/install/parameters:/home/lydia-chheng/ros2_ws/install/meow:/opt/ros/humble /usr/bin/cmake --build /home/lydia-chheng/ros2_ws/build/action_interface -- -j4 -l4
[1.001s] [  3%] Built target action_interface__cpp
[1.001s] [  3%] Built target ament_cmake_python_copy_action_interface
[1.002s] [ 12%] Built target action_interface__rosidl_typesupport_fastrtps_cpp
[1.002s] [ 22%] Built target action_interface__rosidl_typesupport_introspection_cpp
[1.449s] running egg_info
[1.536s] writing action_interface.egg-info/PKG-INFO
[1.536s] writing dependency_links to action_interface.egg-info/dependency_links.txt
[1.540s] writing top-level names to action_interface.egg-info/top_level.txt
[1.809s] reading manifest file 'action_interface.egg-info/SOURCES.txt'
[1.812s] writing manifest file 'action_interface.egg-info/SOURCES.txt'
[1.970s] [ 22%] Built target ament_cmake_python_build_action_interface_egg
[2.075s] [ 32%] Built target action_interface__rosidl_typesupport_cpp
[2.202s] [ 41%] Built target action_interface__rosidl_generator_c
[2.347s] [ 51%] Built target action_interface__rosidl_typesupport_fastrtps_c
[2.444s] [ 61%] Built target action_interface__rosidl_typesupport_c
[2.574s] [ 70%] Built target action_interface__rosidl_typesupport_introspection_c
[2.689s] [ 70%] Built target action_interface
[2.812s] [ 74%] Built target action_interface__py
[2.939s] [ 80%] Built target action_interface__rosidl_generator_py
[2.990s] [ 87%] Built target action_interface__rosidl_typesupport_fastrtps_c__pyext
[3.043s] [ 93%] Built target action_interface__rosidl_typesupport_c__pyext
[3.096s] [100%] Built target action_interface__rosidl_typesupport_introspection_c__pyext
[3.129s] Invoked command in '/home/lydia-chheng/ros2_ws/build/action_interface' returned '0': CMAKE_PREFIX_PATH=${CMAKE_PREFIX_PATH}:/home/lydia-chheng/ros2_ws/install/test_srv_cli:/home/lydia-chheng/ros2_ws/install/test_pub_sub:/home/lydia-chheng/ros2_ws/install/test2:/home/lydia-chheng/ros2_ws/install/parameters:/home/lydia-chheng/ros2_ws/install/meow:/opt/ros/humble /usr/bin/cmake --build /home/lydia-chheng/ros2_ws/build/action_interface -- -j4 -l4
[3.163s] Invoking command in '/home/lydia-chheng/ros2_ws/build/action_interface': CMAKE_PREFIX_PATH=${CMAKE_PREFIX_PATH}:/home/lydia-chheng/ros2_ws/install/test_srv_cli:/home/lydia-chheng/ros2_ws/install/test_pub_sub:/home/lydia-chheng/ros2_ws/install/test2:/home/lydia-chheng/ros2_ws/install/parameters:/home/lydia-chheng/ros2_ws/install/meow:/opt/ros/humble /usr/bin/cmake --install /home/lydia-chheng/ros2_ws/build/action_interface
[3.189s] -- Install configuration: ""
[3.193s] -- Up-to-date: /home/lydia-chheng/ros2_ws/install/action_interface/share/ament_index/resource_index/rosidl_interfaces/action_interface
[3.193s] -- Up-to-date: /home/lydia-chheng/ros2_ws/install/action_interface/include/action_interface/action_interface
[3.193s] -- Up-to-date: /home/lydia-chheng/ros2_ws/install/action_interface/include/action_interface/action_interface/action
[3.195s] -- Up-to-date: /home/lydia-chheng/ros2_ws/install/action_interface/include/action_interface/action_interface/action/detail
[3.196s] -- Up-to-date: /home/lydia-chheng/ros2_ws/install/action_interface/include/action_interface/action_interface/action/detail/fibonacci__functions.c
[3.196s] -- Up-to-date: /home/lydia-chheng/ros2_ws/install/action_interface/include/action_interface/action_interface/action/detail/fibonacci__struct.h
[3.196s] -- Up-to-date: /home/lydia-chheng/ros2_ws/install/action_interface/include/action_interface/action_interface/action/detail/fibonacci__functions.h
[3.196s] -- Up-to-date: /home/lydia-chheng/ros2_ws/install/action_interface/include/action_interface/action_interface/action/detail/fibonacci__type_support.h
[3.197s] -- Up-to-date: /home/lydia-chheng/ros2_ws/install/action_interface/include/action_interface/action_interface/action/fibonacci.h
[3.197s] -- Up-to-date: /home/lydia-chheng/ros2_ws/install/action_interface/include/action_interface/action_interface/msg
[3.197s] -- Up-to-date: /home/lydia-chheng/ros2_ws/install/action_interface/include/action_interface/action_interface/msg/rosidl_generator_c__visibility_control.h
[3.212s] -- Up-to-date: /home/lydia-chheng/ros2_ws/install/action_interface/share/action_interface/environment/library_path.sh
[3.212s] -- Up-to-date: /home/lydia-chheng/ros2_ws/install/action_interface/share/action_interface/environment/library_path.dsv
[3.212s] -- Up-to-date: /home/lydia-chheng/ros2_ws/install/action_interface/lib/libaction_interface__rosidl_generator_c.so
[3.213s] -- Up-to-date: /home/lydia-chheng/ros2_ws/install/action_interface/include/action_interface/action_interface
[3.213s] -- Up-to-date: /home/lydia-chheng/ros2_ws/install/action_interface/include/action_interface/action_interface/action
[3.213s] -- Up-to-date: /home/lydia-chheng/ros2_ws/install/action_interface/include/action_interface/action_interface/action/detail
[3.213s] -- Up-to-date: /home/lydia-chheng/ros2_ws/install/action_interface/include/action_interface/action_interface/action/detail/fibonacci__rosidl_typesupport_fastrtps_c.h
[3.214s] -- Up-to-date: /home/lydia-chheng/ros2_ws/install/action_interface/include/action_interface/action_interface/msg
[3.214s] -- Up-to-date: /home/lydia-chheng/ros2_ws/install/action_interface/include/action_interface/action_interface/msg/rosidl_typesupport_fastrtps_c__visibility_control.h
[3.227s] -- Up-to-date: /home/lydia-chheng/ros2_ws/install/action_interface/lib/libaction_interface__rosidl_typesupport_fastrtps_c.so
[3.227s] -- Up-to-date: /home/lydia-chheng/ros2_ws/install/action_interface/include/action_interface/action_interface
[3.227s] -- Up-to-date: /home/lydia-chheng/ros2_ws/install/action_interface/include/action_interface/action_interface/action
[3.227s] -- Up-to-date: /home/lydia-chheng/ros2_ws/install/action_interface/include/action_interface/action_interface/action/detail
[3.228s] -- Up-to-date: /home/lydia-chheng/ros2_ws/install/action_interface/include/action_interface/action_interface/action/detail/fibonacci__type_support.c
[3.228s] -- Up-to-date: /home/lydia-chheng/ros2_ws/install/action_interface/include/action_interface/action_interface/action/detail/fibonacci__rosidl_typesupport_introspection_c.h
[3.228s] -- Up-to-date: /home/lydia-chheng/ros2_ws/install/action_interface/include/action_interface/action_interface/msg
[3.228s] -- Up-to-date: /home/lydia-chheng/ros2_ws/install/action_interface/include/action_interface/action_interface/msg/rosidl_typesupport_introspection_c__visibility_control.h
[3.231s] -- Up-to-date: /home/lydia-chheng/ros2_ws/install/action_interface/lib/libaction_interface__rosidl_typesupport_introspection_c.so
[3.231s] -- Up-to-date: /home/lydia-chheng/ros2_ws/install/action_interface/lib/libaction_interface__rosidl_typesupport_c.so
[3.235s] -- Up-to-date: /home/lydia-chheng/ros2_ws/install/action_interface/include/action_interface/action_interface
[3.235s] -- Up-to-date: /home/lydia-chheng/ros2_ws/install/action_interface/include/action_interface/action_interface/action
[3.235s] -- Up-to-date: /home/lydia-chheng/ros2_ws/install/action_interface/include/action_interface/action_interface/action/fibonacci.hpp
[3.235s] -- Up-to-date: /home/lydia-chheng/ros2_ws/install/action_interface/include/action_interface/action_interface/action/detail
[3.236s] -- Up-to-date: /home/lydia-chheng/ros2_ws/install/action_interface/include/action_interface/action_interface/action/detail/fibonacci__type_support.hpp
[3.236s] -- Up-to-date: /home/lydia-chheng/ros2_ws/install/action_interface/include/action_interface/action_interface/action/detail/fibonacci__traits.hpp
[3.236s] -- Up-to-date: /home/lydia-chheng/ros2_ws/install/action_interface/include/action_interface/action_interface/action/detail/fibonacci__struct.hpp
[3.236s] -- Up-to-date: /home/lydia-chheng/ros2_ws/install/action_interface/include/action_interface/action_interface/action/detail/fibonacci__builder.hpp
[3.236s] -- Up-to-date: /home/lydia-chheng/ros2_ws/install/action_interface/include/action_interface/action_interface/msg
[3.236s] -- Up-to-date: /home/lydia-chheng/ros2_ws/install/action_interface/include/action_interface/action_interface/msg/rosidl_generator_cpp__visibility_control.hpp
[3.237s] -- Up-to-date: /home/lydia-chheng/ros2_ws/install/action_interface/include/action_interface/action_interface
[3.237s] -- Up-to-date: /home/lydia-chheng/ros2_ws/install/action_interface/include/action_interface/action_interface/action
[3.237s] -- Up-to-date: /home/lydia-chheng/ros2_ws/install/action_interface/include/action_interface/action_interface/action/detail
[3.237s] -- Up-to-date: /home/lydia-chheng/ros2_ws/install/action_interface/include/action_interface/action_interface/action/detail/fibonacci__rosidl_typesupport_fastrtps_cpp.hpp
[3.241s] -- Up-to-date: /home/lydia-chheng/ros2_ws/install/action_interface/include/action_interface/action_interface/action/detail/dds_fastrtps
[3.241s] -- Up-to-date: /home/lydia-chheng/ros2_ws/install/action_interface/include/action_interface/action_interface/msg
[3.241s] -- Up-to-date: /home/lydia-chheng/ros2_ws/install/action_interface/include/action_interface/action_interface/msg/rosidl_typesupport_fastrtps_cpp__visibility_control.h
[3.241s] -- Up-to-date: /home/lydia-chheng/ros2_ws/install/action_interface/lib/libaction_interface__rosidl_typesupport_fastrtps_cpp.so
[3.241s] -- Up-to-date: /home/lydia-chheng/ros2_ws/install/action_interface/include/action_interface/action_interface
[3.242s] -- Up-to-date: /home/lydia-chheng/ros2_ws/install/action_interface/include/action_interface/action_interface/action
[3.242s] -- Up-to-date: /home/lydia-chheng/ros2_ws/install/action_interface/include/action_interface/action_interface/action/detail
[3.242s] -- Up-to-date: /home/lydia-chheng/ros2_ws/install/action_interface/include/action_interface/action_interface/action/detail/fibonacci__type_support.cpp
[3.242s] -- Up-to-date: /home/lydia-chheng/ros2_ws/install/action_interface/include/action_interface/action_interface/action/detail/fibonacci__rosidl_typesupport_introspection_cpp.hpp
[3.245s] -- Up-to-date: /home/lydia-chheng/ros2_ws/install/action_interface/lib/libaction_interface__rosidl_typesupport_introspection_cpp.so
[3.245s] -- Up-to-date: /home/lydia-chheng/ros2_ws/install/action_interface/lib/libaction_interface__rosidl_typesupport_cpp.so
[3.245s] -- Up-to-date: /home/lydia-chheng/ros2_ws/install/action_interface/share/action_interface/environment/pythonpath.sh
[3.249s] -- Up-to-date: /home/lydia-chheng/ros2_ws/install/action_interface/share/action_interface/environment/pythonpath.dsv
[3.249s] -- Up-to-date: /home/lydia-chheng/ros2_ws/install/action_interface/local/lib/python3.10/dist-packages/action_interface-0.0.0-py3.10.egg-info
[3.249s] -- Installing: /home/lydia-chheng/ros2_ws/install/action_interface/local/lib/python3.10/dist-packages/action_interface-0.0.0-py3.10.egg-info/top_level.txt
[3.250s] -- Installing: /home/lydia-chheng/ros2_ws/install/action_interface/local/lib/python3.10/dist-packages/action_interface-0.0.0-py3.10.egg-info/SOURCES.txt
[3.250s] -- Installing: /home/lydia-chheng/ros2_ws/install/action_interface/local/lib/python3.10/dist-packages/action_interface-0.0.0-py3.10.egg-info/PKG-INFO
[3.250s] -- Installing: /home/lydia-chheng/ros2_ws/install/action_interface/local/lib/python3.10/dist-packages/action_interface-0.0.0-py3.10.egg-info/dependency_links.txt
[3.250s] -- Up-to-date: /home/lydia-chheng/ros2_ws/install/action_interface/local/lib/python3.10/dist-packages/action_interface
[3.251s] -- Up-to-date: /home/lydia-chheng/ros2_ws/install/action_interface/local/lib/python3.10/dist-packages/action_interface/_action_interface_s.ep.rosidl_typesupport_fastrtps_c.c
[3.251s] -- Up-to-date: /home/lydia-chheng/ros2_ws/install/action_interface/local/lib/python3.10/dist-packages/action_interface/__init__.py
[3.252s] -- Up-to-date: /home/lydia-chheng/ros2_ws/install/action_interface/local/lib/python3.10/dist-packages/action_interface/_action_interface_s.ep.rosidl_typesupport_introspection_c.c
[3.252s] -- Up-to-date: /home/lydia-chheng/ros2_ws/install/action_interface/local/lib/python3.10/dist-packages/action_interface/libaction_interface__rosidl_generator_py.so
[3.253s] -- Up-to-date: /home/lydia-chheng/ros2_ws/install/action_interface/local/lib/python3.10/dist-packages/action_interface/action_interface_s__rosidl_typesupport_fastrtps_c.cpython-310-x86_64-linux-gnu.so
[3.253s] -- Up-to-date: /home/lydia-chheng/ros2_ws/install/action_interface/local/lib/python3.10/dist-packages/action_interface/action
[3.253s] -- Up-to-date: /home/lydia-chheng/ros2_ws/install/action_interface/local/lib/python3.10/dist-packages/action_interface/action/__init__.py
[3.253s] -- Up-to-date: /home/lydia-chheng/ros2_ws/install/action_interface/local/lib/python3.10/dist-packages/action_interface/action/_fibonacci.py
[3.253s] -- Up-to-date: /home/lydia-chheng/ros2_ws/install/action_interface/local/lib/python3.10/dist-packages/action_interface/action/_fibonacci_s.c
[3.254s] -- Up-to-date: /home/lydia-chheng/ros2_ws/install/action_interface/local/lib/python3.10/dist-packages/action_interface/action_interface_s__rosidl_typesupport_c.cpython-310-x86_64-linux-gnu.so
[3.254s] -- Up-to-date: /home/lydia-chheng/ros2_ws/install/action_interface/local/lib/python3.10/dist-packages/action_interface/action_interface_s__rosidl_typesupport_introspection_c.cpython-310-x86_64-linux-gnu.so
[3.254s] -- Up-to-date: /home/lydia-chheng/ros2_ws/install/action_interface/local/lib/python3.10/dist-packages/action_interface/_action_interface_s.ep.rosidl_typesupport_c.c
[3.495s] Listing '/home/lydia-chheng/ros2_ws/install/action_interface/local/lib/python3.10/dist-packages/action_interface'...
[3.496s] Listing '/home/lydia-chheng/ros2_ws/install/action_interface/local/lib/python3.10/dist-packages/action_interface/action'...
[3.546s] -- Up-to-date: /home/lydia-chheng/ros2_ws/install/action_interface/local/lib/python3.10/dist-packages/action_interface/action_interface_s__rosidl_typesupport_fastrtps_c.cpython-310-x86_64-linux-gnu.so
[3.548s] -- Up-to-date: /home/lydia-chheng/ros2_ws/install/action_interface/local/lib/python3.10/dist-packages/action_interface/action_interface_s__rosidl_typesupport_introspection_c.cpython-310-x86_64-linux-gnu.so
[3.551s] -- Up-to-date: /home/lydia-chheng/ros2_ws/install/action_interface/local/lib/python3.10/dist-packages/action_interface/action_interface_s__rosidl_typesupport_c.cpython-310-x86_64-linux-gnu.so
[3.562s] -- Up-to-date: /home/lydia-chheng/ros2_ws/install/action_interface/lib/libaction_interface__rosidl_generator_py.so
[3.562s] -- Up-to-date: /home/lydia-chheng/ros2_ws/install/action_interface/share/action_interface/action/Fibonacci.idl
[3.562s] -- Up-to-date: /home/lydia-chheng/ros2_ws/install/action_interface/share/action_interface/action/Fibonacci.action
[3.563s] -- Up-to-date: /home/lydia-chheng/ros2_ws/install/action_interface/share/ament_index/resource_index/package_run_dependencies/action_interface
[3.563s] -- Up-to-date: /home/lydia-chheng/ros2_ws/install/action_interface/share/ament_index/resource_index/parent_prefix_path/action_interface
[3.563s] -- Up-to-date: /home/lydia-chheng/ros2_ws/install/action_interface/share/action_interface/environment/ament_prefix_path.sh
[3.564s] -- Up-to-date: /home/lydia-chheng/ros2_ws/install/action_interface/share/action_interface/environment/ament_prefix_path.dsv
[3.565s] -- Up-to-date: /home/lydia-chheng/ros2_ws/install/action_interface/share/action_interface/environment/path.sh
[3.565s] -- Up-to-date: /home/lydia-chheng/ros2_ws/install/action_interface/share/action_interface/environment/path.dsv
[3.566s] -- Up-to-date: /home/lydia-chheng/ros2_ws/install/action_interface/share/action_interface/local_setup.bash
[3.566s] -- Up-to-date: /home/lydia-chheng/ros2_ws/install/action_interface/share/action_interface/local_setup.sh
[3.566s] -- Up-to-date: /home/lydia-chheng/ros2_ws/install/action_interface/share/action_interface/local_setup.zsh
[3.576s] -- Up-to-date: /home/lydia-chheng/ros2_ws/install/action_interface/share/action_interface/local_setup.dsv
[3.580s] -- Installing: /home/lydia-chheng/ros2_ws/install/action_interface/share/action_interface/package.dsv
[3.583s] -- Up-to-date: /home/lydia-chheng/ros2_ws/install/action_interface/share/ament_index/resource_index/packages/action_interface
[3.585s] -- Up-to-date: /home/lydia-chheng/ros2_ws/install/action_interface/share/action_interface/cmake/export_action_interface__rosidl_generator_cExport.cmake
[3.585s] -- Up-to-date: /home/lydia-chheng/ros2_ws/install/action_interface/share/action_interface/cmake/export_action_interface__rosidl_generator_cExport-noconfig.cmake
[3.585s] -- Up-to-date: /home/lydia-chheng/ros2_ws/install/action_interface/share/action_interface/cmake/export_action_interface__rosidl_typesupport_fastrtps_cExport.cmake
[3.586s] -- Up-to-date: /home/lydia-chheng/ros2_ws/install/action_interface/share/action_interface/cmake/export_action_interface__rosidl_typesupport_fastrtps_cExport-noconfig.cmake
[3.587s] -- Up-to-date: /home/lydia-chheng/ros2_ws/install/action_interface/share/action_interface/cmake/action_interface__rosidl_typesupport_introspection_cExport.cmake
[3.588s] -- Up-to-date: /home/lydia-chheng/ros2_ws/install/action_interface/share/action_interface/cmake/action_interface__rosidl_typesupport_introspection_cExport-noconfig.cmake
[3.588s] -- Up-to-date: /home/lydia-chheng/ros2_ws/install/action_interface/share/action_interface/cmake/action_interface__rosidl_typesupport_cExport.cmake
[3.588s] -- Up-to-date: /home/lydia-chheng/ros2_ws/install/action_interface/share/action_interface/cmake/action_interface__rosidl_typesupport_cExport-noconfig.cmake
[3.588s] -- Up-to-date: /home/lydia-chheng/ros2_ws/install/action_interface/share/action_interface/cmake/export_action_interface__rosidl_generator_cppExport.cmake
[3.591s] -- Up-to-date: /home/lydia-chheng/ros2_ws/install/action_interface/share/action_interface/cmake/export_action_interface__rosidl_typesupport_fastrtps_cppExport.cmake
[3.592s] -- Up-to-date: /home/lydia-chheng/ros2_ws/install/action_interface/share/action_interface/cmake/export_action_interface__rosidl_typesupport_fastrtps_cppExport-noconfig.cmake
[3.600s] -- Up-to-date: /home/lydia-chheng/ros2_ws/install/action_interface/share/action_interface/cmake/action_interface__rosidl_typesupport_introspection_cppExport.cmake
[3.600s] -- Up-to-date: /home/lydia-chheng/ros2_ws/install/action_interface/share/action_interface/cmake/action_interface__rosidl_typesupport_introspection_cppExport-noconfig.cmake
[3.600s] -- Up-to-date: /home/lydia-chheng/ros2_ws/install/action_interface/share/action_interface/cmake/action_interface__rosidl_typesupport_cppExport.cmake
[3.601s] -- Up-to-date: /home/lydia-chheng/ros2_ws/install/action_interface/share/action_interface/cmake/action_interface__rosidl_typesupport_cppExport-noconfig.cmake
[3.601s] -- Up-to-date: /home/lydia-chheng/ros2_ws/install/action_interface/share/action_interface/cmake/export_action_interface__rosidl_generator_pyExport.cmake
[3.601s] -- Up-to-date: /home/lydia-chheng/ros2_ws/install/action_interface/share/action_interface/cmake/export_action_interface__rosidl_generator_pyExport-noconfig.cmake
[3.612s] -- Up-to-date: /home/lydia-chheng/ros2_ws/install/action_interface/share/action_interface/cmake/rosidl_cmake-extras.cmake
[3.612s] -- Up-to-date: /home/lydia-chheng/ros2_ws/install/action_interface/share/action_interface/cmake/ament_cmake_export_dependencies-extras.cmake
[3.612s] -- Up-to-date: /home/lydia-chheng/ros2_ws/install/action_interface/share/action_interface/cmake/ament_cmake_export_include_directories-extras.cmake
[3.613s] -- Up-to-date: /home/lydia-chheng/ros2_ws/install/action_interface/share/action_interface/cmake/ament_cmake_export_libraries-extras.cmake
[3.613s] -- Up-to-date: /home/lydia-chheng/ros2_ws/install/action_interface/share/action_interface/cmake/ament_cmake_export_targets-extras.cmake
[3.613s] -- Up-to-date: /home/lydia-chheng/ros2_ws/install/action_interface/share/action_interface/cmake/rosidl_cmake_export_typesupport_targets-extras.cmake
[3.613s] -- Up-to-date: /home/lydia-chheng/ros2_ws/install/action_interface/share/action_interface/cmake/rosidl_cmake_export_typesupport_libraries-extras.cmake
[3.625s] -- Up-to-date: /home/lydia-chheng/ros2_ws/install/action_interface/share/action_interface/cmake/action_interfaceConfig.cmake
[3.626s] -- Up-to-date: /home/lydia-chheng/ros2_ws/install/action_interface/share/action_interface/cmake/action_interfaceConfig-version.cmake
[3.626s] -- Up-to-date: /home/lydia-chheng/ros2_ws/install/action_interface/share/action_interface/package.xml
[3.632s] Invoked command in '/home/lydia-chheng/ros2_ws/build/action_interface' returned '0': CMAKE_PREFIX_PATH=${CMAKE_PREFIX_PATH}:/home/lydia-chheng/ros2_ws/install/test_srv_cli:/home/lydia-chheng/ros2_ws/install/test_pub_sub:/home/lydia-chheng/ros2_ws/install/test2:/home/lydia-chheng/ros2_ws/install/parameters:/home/lydia-chheng/ros2_ws/install/meow:/opt/ros/humble /usr/bin/cmake --install /home/lydia-chheng/ros2_ws/build/action_interface
