[0.210s] DEBUG:colcon:Command line arguments: ['/usr/bin/colcon', 'build']
[0.210s] DEBUG:colcon:Parsed command line arguments: Namespace(log_base=None, log_level=None, verb_name='build', build_base='build', install_base='install', merge_install=False, symlink_install=False, test_result_base=None, continue_on_error=False, executor='parallel', parallel_workers=4, event_handlers=None, ignore_user_meta=False, metas=['./colcon.meta'], base_paths=['.'], packages_ignore=None, packages_ignore_regex=None, paths=None, packages_up_to=None, packages_up_to_regex=None, packages_above=None, packages_above_and_dependencies=None, packages_above_depth=None, packages_select_by_dep=None, packages_skip_by_dep=None, packages_skip_up_to=None, packages_select_build_failed=False, packages_skip_build_finished=False, packages_select_test_failures=False, packages_skip_test_passed=False, packages_select=None, packages_skip=None, packages_select_regex=None, packages_skip_regex=None, packages_start=None, packages_end=None, allow_overriding=[], cmake_args=None, cmake_target=None, cmake_target_skip_unavailable=False, cmake_clean_cache=False, cmake_clean_first=False, cmake_force_configure=False, ament_cmake_args=None, catkin_cmake_args=None, catkin_skip_building_tests=False, mixin_files=None, mixin=None, verb_parser=<colcon_mixin.mixin.mixin_argument.MixinArgumentDecorator object at 0x74e146b33f70>, verb_extension=<colcon_core.verb.build.BuildVerb object at 0x74e146b33a30>, main=<bound method BuildVerb.main of <colcon_core.verb.build.BuildVerb object at 0x74e146b33a30>>, mixin_verb=('build',))
[0.283s] Level 1:colcon.colcon_core.package_discovery:discover_packages(colcon_meta) check parameters
[0.283s] Level 1:colcon.colcon_core.package_discovery:discover_packages(recursive) check parameters
[0.283s] Level 1:colcon.colcon_core.package_discovery:discover_packages(ignore) check parameters
[0.283s] Level 1:colcon.colcon_core.package_discovery:discover_packages(path) check parameters
[0.283s] Level 1:colcon.colcon_core.package_discovery:discover_packages(colcon_meta) discover
[0.284s] Level 1:colcon.colcon_core.package_discovery:discover_packages(recursive) discover
[0.284s] INFO:colcon.colcon_core.package_discovery:Crawling recursively for packages in '/home/lydia-chheng/ros2_ws'
[0.284s] Level 1:colcon.colcon_core.package_identification:_identify(.) by extensions ['ignore', 'ignore_ament_install']
[0.284s] Level 1:colcon.colcon_core.package_identification:_identify(.) by extension 'ignore'
[0.284s] Level 1:colcon.colcon_core.package_identification:_identify(.) by extension 'ignore_ament_install'
[0.284s] Level 1:colcon.colcon_core.package_identification:_identify(.) by extensions ['colcon_pkg']
[0.285s] Level 1:colcon.colcon_core.package_identification:_identify(.) by extension 'colcon_pkg'
[0.285s] Level 1:colcon.colcon_core.package_identification:_identify(.) by extensions ['colcon_meta']
[0.285s] Level 1:colcon.colcon_core.package_identification:_identify(.) by extension 'colcon_meta'
[0.285s] Level 1:colcon.colcon_core.package_identification:_identify(.) by extensions ['ros']
[0.285s] Level 1:colcon.colcon_core.package_identification:_identify(.) by extension 'ros'
[0.315s] Level 1:colcon.colcon_core.package_identification:_identify(.) by extensions ['cmake', 'python']
[0.315s] Level 1:colcon.colcon_core.package_identification:_identify(.) by extension 'cmake'
[0.315s] Level 1:colcon.colcon_core.package_identification:_identify(.) by extension 'python'
[0.315s] Level 1:colcon.colcon_core.package_identification:_identify(.) by extensions ['python_setup_py']
[0.315s] Level 1:colcon.colcon_core.package_identification:_identify(.) by extension 'python_setup_py'
[0.315s] Level 1:colcon.colcon_core.package_identification:_identify(build) by extensions ['ignore', 'ignore_ament_install']
[0.315s] Level 1:colcon.colcon_core.package_identification:_identify(build) by extension 'ignore'
[0.315s] Level 1:colcon.colcon_core.package_identification:_identify(build) ignored
[0.316s] Level 1:colcon.colcon_core.package_identification:_identify(install) by extensions ['ignore', 'ignore_ament_install']
[0.316s] Level 1:colcon.colcon_core.package_identification:_identify(install) by extension 'ignore'
[0.316s] Level 1:colcon.colcon_core.package_identification:_identify(install) ignored
[0.316s] Level 1:colcon.colcon_core.package_identification:_identify(log) by extensions ['ignore', 'ignore_ament_install']
[0.316s] Level 1:colcon.colcon_core.package_identification:_identify(log) by extension 'ignore'
[0.316s] Level 1:colcon.colcon_core.package_identification:_identify(log) ignored
[0.316s] Level 1:colcon.colcon_core.package_identification:_identify(src) by extensions ['ignore', 'ignore_ament_install']
[0.317s] Level 1:colcon.colcon_core.package_identification:_identify(src) by extension 'ignore'
[0.317s] Level 1:colcon.colcon_core.package_identification:_identify(src) by extension 'ignore_ament_install'
[0.317s] Level 1:colcon.colcon_core.package_identification:_identify(src) by extensions ['colcon_pkg']
[0.317s] Level 1:colcon.colcon_core.package_identification:_identify(src) by extension 'colcon_pkg'
[0.317s] Level 1:colcon.colcon_core.package_identification:_identify(src) by extensions ['colcon_meta']
[0.317s] Level 1:colcon.colcon_core.package_identification:_identify(src) by extension 'colcon_meta'
[0.317s] Level 1:colcon.colcon_core.package_identification:_identify(src) by extensions ['ros']
[0.317s] Level 1:colcon.colcon_core.package_identification:_identify(src) by extension 'ros'
[0.318s] Level 1:colcon.colcon_core.package_identification:_identify(src) by extensions ['cmake', 'python']
[0.318s] Level 1:colcon.colcon_core.package_identification:_identify(src) by extension 'cmake'
[0.318s] Level 1:colcon.colcon_core.package_identification:_identify(src) by extension 'python'
[0.318s] Level 1:colcon.colcon_core.package_identification:_identify(src) by extensions ['python_setup_py']
[0.318s] Level 1:colcon.colcon_core.package_identification:_identify(src) by extension 'python_setup_py'
[0.318s] Level 1:colcon.colcon_core.package_identification:_identify(src/action_interface) by extensions ['ignore', 'ignore_ament_install']
[0.318s] Level 1:colcon.colcon_core.package_identification:_identify(src/action_interface) by extension 'ignore'
[0.319s] Level 1:colcon.colcon_core.package_identification:_identify(src/action_interface) by extension 'ignore_ament_install'
[0.319s] Level 1:colcon.colcon_core.package_identification:_identify(src/action_interface) by extensions ['colcon_pkg']
[0.319s] Level 1:colcon.colcon_core.package_identification:_identify(src/action_interface) by extension 'colcon_pkg'
[0.319s] Level 1:colcon.colcon_core.package_identification:_identify(src/action_interface) by extensions ['colcon_meta']
[0.319s] Level 1:colcon.colcon_core.package_identification:_identify(src/action_interface) by extension 'colcon_meta'
[0.319s] Level 1:colcon.colcon_core.package_identification:_identify(src/action_interface) by extensions ['ros']
[0.319s] Level 1:colcon.colcon_core.package_identification:_identify(src/action_interface) by extension 'ros'
[0.323s] DEBUG:colcon.colcon_core.package_identification:Package 'src/action_interface' with type 'ros.ament_cmake' and name 'action_interface'
[0.323s] Level 1:colcon.colcon_core.package_identification:_identify(src/meow) by extensions ['ignore', 'ignore_ament_install']
[0.323s] Level 1:colcon.colcon_core.package_identification:_identify(src/meow) by extension 'ignore'
[0.323s] Level 1:colcon.colcon_core.package_identification:_identify(src/meow) by extension 'ignore_ament_install'
[0.323s] Level 1:colcon.colcon_core.package_identification:_identify(src/meow) by extensions ['colcon_pkg']
[0.324s] Level 1:colcon.colcon_core.package_identification:_identify(src/meow) by extension 'colcon_pkg'
[0.324s] Level 1:colcon.colcon_core.package_identification:_identify(src/meow) by extensions ['colcon_meta']
[0.324s] Level 1:colcon.colcon_core.package_identification:_identify(src/meow) by extension 'colcon_meta'
[0.324s] Level 1:colcon.colcon_core.package_identification:_identify(src/meow) by extensions ['ros']
[0.324s] Level 1:colcon.colcon_core.package_identification:_identify(src/meow) by extension 'ros'
[0.325s] DEBUG:colcon.colcon_core.package_identification:Package 'src/meow' with type 'ros.ament_python' and name 'meow'
[0.325s] Level 1:colcon.colcon_core.package_identification:_identify(src/parameters) by extensions ['ignore', 'ignore_ament_install']
[0.325s] Level 1:colcon.colcon_core.package_identification:_identify(src/parameters) by extension 'ignore'
[0.325s] Level 1:colcon.colcon_core.package_identification:_identify(src/parameters) by extension 'ignore_ament_install'
[0.325s] Level 1:colcon.colcon_core.package_identification:_identify(src/parameters) by extensions ['colcon_pkg']
[0.325s] Level 1:colcon.colcon_core.package_identification:_identify(src/parameters) by extension 'colcon_pkg'
[0.325s] Level 1:colcon.colcon_core.package_identification:_identify(src/parameters) by extensions ['colcon_meta']
[0.325s] Level 1:colcon.colcon_core.package_identification:_identify(src/parameters) by extension 'colcon_meta'
[0.326s] Level 1:colcon.colcon_core.package_identification:_identify(src/parameters) by extensions ['ros']
[0.326s] Level 1:colcon.colcon_core.package_identification:_identify(src/parameters) by extension 'ros'
[0.327s] DEBUG:colcon.colcon_core.package_identification:Package 'src/parameters' with type 'ros.ament_python' and name 'parameters'
[0.327s] Level 1:colcon.colcon_core.package_identification:_identify(src/test1) by extensions ['ignore', 'ignore_ament_install']
[0.327s] Level 1:colcon.colcon_core.package_identification:_identify(src/test1) by extension 'ignore'
[0.327s] Level 1:colcon.colcon_core.package_identification:_identify(src/test1) by extension 'ignore_ament_install'
[0.327s] Level 1:colcon.colcon_core.package_identification:_identify(src/test1) by extensions ['colcon_pkg']
[0.327s] Level 1:colcon.colcon_core.package_identification:_identify(src/test1) by extension 'colcon_pkg'
[0.327s] Level 1:colcon.colcon_core.package_identification:_identify(src/test1) by extensions ['colcon_meta']
[0.327s] Level 1:colcon.colcon_core.package_identification:_identify(src/test1) by extension 'colcon_meta'
[0.327s] Level 1:colcon.colcon_core.package_identification:_identify(src/test1) by extensions ['ros']
[0.327s] Level 1:colcon.colcon_core.package_identification:_identify(src/test1) by extension 'ros'
[0.328s] DEBUG:colcon.colcon_core.package_identification:Failed to parse potential ROS package manifest in'src/test1': Error(s) in package 'src/test1/package.xml':
The manifest contains invalid XML:
not well-formed (invalid token): line 1, column 0
[0.328s] Level 1:colcon.colcon_core.package_identification:_identify(src/test1) by extensions ['cmake', 'python']
[0.328s] Level 1:colcon.colcon_core.package_identification:_identify(src/test1) by extension 'cmake'
[0.328s] Level 1:colcon.colcon_core.package_identification:_identify(src/test1) by extension 'python'
[0.328s] DEBUG:colcon.colcon_core.package_identification:Python package in 'src/test1' passes arguments to the setup() function which requires a different identification extension than 'python'
[0.328s] Level 1:colcon.colcon_core.package_identification:_identify(src/test1) by extensions ['python_setup_py']
[0.328s] Level 1:colcon.colcon_core.package_identification:_identify(src/test1) by extension 'python_setup_py'
[0.731s] DEBUG:colcon.colcon_core.package_identification:Package 'src/test1' with type 'python' and name 'test1'
[0.731s] Level 1:colcon.colcon_core.package_identification:_identify(src/test2) by extensions ['ignore', 'ignore_ament_install']
[0.732s] Level 1:colcon.colcon_core.package_identification:_identify(src/test2) by extension 'ignore'
[0.732s] Level 1:colcon.colcon_core.package_identification:_identify(src/test2) by extension 'ignore_ament_install'
[0.732s] Level 1:colcon.colcon_core.package_identification:_identify(src/test2) by extensions ['colcon_pkg']
[0.732s] Level 1:colcon.colcon_core.package_identification:_identify(src/test2) by extension 'colcon_pkg'
[0.732s] Level 1:colcon.colcon_core.package_identification:_identify(src/test2) by extensions ['colcon_meta']
[0.732s] Level 1:colcon.colcon_core.package_identification:_identify(src/test2) by extension 'colcon_meta'
[0.732s] Level 1:colcon.colcon_core.package_identification:_identify(src/test2) by extensions ['ros']
[0.732s] Level 1:colcon.colcon_core.package_identification:_identify(src/test2) by extension 'ros'
[0.734s] DEBUG:colcon.colcon_core.package_identification:Package 'src/test2' with type 'ros.ament_python' and name 'test2'
[0.734s] Level 1:colcon.colcon_core.package_identification:_identify(src/test_custom_msg_srv) by extensions ['ignore', 'ignore_ament_install']
[0.734s] Level 1:colcon.colcon_core.package_identification:_identify(src/test_custom_msg_srv) by extension 'ignore'
[0.735s] Level 1:colcon.colcon_core.package_identification:_identify(src/test_custom_msg_srv) by extension 'ignore_ament_install'
[0.735s] Level 1:colcon.colcon_core.package_identification:_identify(src/test_custom_msg_srv) by extensions ['colcon_pkg']
[0.735s] Level 1:colcon.colcon_core.package_identification:_identify(src/test_custom_msg_srv) by extension 'colcon_pkg'
[0.735s] Level 1:colcon.colcon_core.package_identification:_identify(src/test_custom_msg_srv) by extensions ['colcon_meta']
[0.735s] Level 1:colcon.colcon_core.package_identification:_identify(src/test_custom_msg_srv) by extension 'colcon_meta'
[0.735s] Level 1:colcon.colcon_core.package_identification:_identify(src/test_custom_msg_srv) by extensions ['ros']
[0.735s] Level 1:colcon.colcon_core.package_identification:_identify(src/test_custom_msg_srv) by extension 'ros'
[0.737s] DEBUG:colcon.colcon_core.package_identification:Package 'src/test_custom_msg_srv' with type 'ros.ament_cmake' and name 'test_custom_msg_srv'
[0.738s] Level 1:colcon.colcon_core.package_identification:_identify(src/test_pub_sub) by extensions ['ignore', 'ignore_ament_install']
[0.738s] Level 1:colcon.colcon_core.package_identification:_identify(src/test_pub_sub) by extension 'ignore'
[0.738s] Level 1:colcon.colcon_core.package_identification:_identify(src/test_pub_sub) by extension 'ignore_ament_install'
[0.738s] Level 1:colcon.colcon_core.package_identification:_identify(src/test_pub_sub) by extensions ['colcon_pkg']
[0.738s] Level 1:colcon.colcon_core.package_identification:_identify(src/test_pub_sub) by extension 'colcon_pkg'
[0.738s] Level 1:colcon.colcon_core.package_identification:_identify(src/test_pub_sub) by extensions ['colcon_meta']
[0.738s] Level 1:colcon.colcon_core.package_identification:_identify(src/test_pub_sub) by extension 'colcon_meta'
[0.739s] Level 1:colcon.colcon_core.package_identification:_identify(src/test_pub_sub) by extensions ['ros']
[0.739s] Level 1:colcon.colcon_core.package_identification:_identify(src/test_pub_sub) by extension 'ros'
[0.740s] DEBUG:colcon.colcon_core.package_identification:Package 'src/test_pub_sub' with type 'ros.ament_python' and name 'test_pub_sub'
[0.741s] Level 1:colcon.colcon_core.package_identification:_identify(src/test_srv_cli) by extensions ['ignore', 'ignore_ament_install']
[0.741s] Level 1:colcon.colcon_core.package_identification:_identify(src/test_srv_cli) by extension 'ignore'
[0.741s] Level 1:colcon.colcon_core.package_identification:_identify(src/test_srv_cli) by extension 'ignore_ament_install'
[0.741s] Level 1:colcon.colcon_core.package_identification:_identify(src/test_srv_cli) by extensions ['colcon_pkg']
[0.742s] Level 1:colcon.colcon_core.package_identification:_identify(src/test_srv_cli) by extension 'colcon_pkg'
[0.742s] Level 1:colcon.colcon_core.package_identification:_identify(src/test_srv_cli) by extensions ['colcon_meta']
[0.742s] Level 1:colcon.colcon_core.package_identification:_identify(src/test_srv_cli) by extension 'colcon_meta'
[0.742s] Level 1:colcon.colcon_core.package_identification:_identify(src/test_srv_cli) by extensions ['ros']
[0.742s] Level 1:colcon.colcon_core.package_identification:_identify(src/test_srv_cli) by extension 'ros'
[0.743s] DEBUG:colcon.colcon_core.package_identification:Package 'src/test_srv_cli' with type 'ros.ament_python' and name 'test_srv_cli'
[0.743s] Level 1:colcon.colcon_core.package_discovery:discover_packages(recursive) using defaults
[0.743s] Level 1:colcon.colcon_core.package_discovery:discover_packages(ignore) discover
[0.743s] Level 1:colcon.colcon_core.package_discovery:discover_packages(ignore) using defaults
[0.743s] Level 1:colcon.colcon_core.package_discovery:discover_packages(path) discover
[0.743s] Level 1:colcon.colcon_core.package_discovery:discover_packages(path) using defaults
[0.783s] Level 1:colcon.colcon_core.package_discovery:discover_packages(prefix_path) check parameters
[0.783s] Level 1:colcon.colcon_core.package_discovery:discover_packages(prefix_path) discover
[0.788s] DEBUG:colcon.colcon_installed_package_information.package_discovery:Found 8 installed packages in /home/lydia-chheng/ros2_ws/install
[0.793s] DEBUG:colcon.colcon_installed_package_information.package_discovery:Found 294 installed packages in /opt/ros/humble
[0.797s] Level 1:colcon.colcon_core.package_discovery:discover_packages(prefix_path) using defaults
[0.902s] Level 5:colcon.colcon_core.verb:set package 'action_interface' build argument 'cmake_args' from command line to 'None'
[0.902s] Level 5:colcon.colcon_core.verb:set package 'action_interface' build argument 'cmake_target' from command line to 'None'
[0.902s] Level 5:colcon.colcon_core.verb:set package 'action_interface' build argument 'cmake_target_skip_unavailable' from command line to 'False'
[0.902s] Level 5:colcon.colcon_core.verb:set package 'action_interface' build argument 'cmake_clean_cache' from command line to 'False'
[0.903s] Level 5:colcon.colcon_core.verb:set package 'action_interface' build argument 'cmake_clean_first' from command line to 'False'
[0.903s] Level 5:colcon.colcon_core.verb:set package 'action_interface' build argument 'cmake_force_configure' from command line to 'False'
[0.903s] Level 5:colcon.colcon_core.verb:set package 'action_interface' build argument 'ament_cmake_args' from command line to 'None'
[0.903s] Level 5:colcon.colcon_core.verb:set package 'action_interface' build argument 'catkin_cmake_args' from command line to 'None'
[0.903s] Level 5:colcon.colcon_core.verb:set package 'action_interface' build argument 'catkin_skip_building_tests' from command line to 'False'
[0.903s] DEBUG:colcon.colcon_core.verb:Building package 'action_interface' with the following arguments: {'ament_cmake_args': None, 'build_base': '/home/lydia-chheng/ros2_ws/build/action_interface', 'catkin_cmake_args': None, 'catkin_skip_building_tests': False, 'cmake_args': None, 'cmake_clean_cache': False, 'cmake_clean_first': False, 'cmake_force_configure': False, 'cmake_target': None, 'cmake_target_skip_unavailable': False, 'install_base': '/home/lydia-chheng/ros2_ws/install/action_interface', 'merge_install': False, 'path': '/home/lydia-chheng/ros2_ws/src/action_interface', 'symlink_install': False, 'test_result_base': None}
[0.904s] Level 5:colcon.colcon_core.verb:set package 'meow' build argument 'cmake_args' from command line to 'None'
[0.904s] Level 5:colcon.colcon_core.verb:set package 'meow' build argument 'cmake_target' from command line to 'None'
[0.904s] Level 5:colcon.colcon_core.verb:set package 'meow' build argument 'cmake_target_skip_unavailable' from command line to 'False'
[0.904s] Level 5:colcon.colcon_core.verb:set package 'meow' build argument 'cmake_clean_cache' from command line to 'False'
[0.904s] Level 5:colcon.colcon_core.verb:set package 'meow' build argument 'cmake_clean_first' from command line to 'False'
[0.904s] Level 5:colcon.colcon_core.verb:set package 'meow' build argument 'cmake_force_configure' from command line to 'False'
[0.904s] Level 5:colcon.colcon_core.verb:set package 'meow' build argument 'ament_cmake_args' from command line to 'None'
[0.904s] Level 5:colcon.colcon_core.verb:set package 'meow' build argument 'catkin_cmake_args' from command line to 'None'
[0.904s] Level 5:colcon.colcon_core.verb:set package 'meow' build argument 'catkin_skip_building_tests' from command line to 'False'
[0.904s] DEBUG:colcon.colcon_core.verb:Building package 'meow' with the following arguments: {'ament_cmake_args': None, 'build_base': '/home/lydia-chheng/ros2_ws/build/meow', 'catkin_cmake_args': None, 'catkin_skip_building_tests': False, 'cmake_args': None, 'cmake_clean_cache': False, 'cmake_clean_first': False, 'cmake_force_configure': False, 'cmake_target': None, 'cmake_target_skip_unavailable': False, 'install_base': '/home/lydia-chheng/ros2_ws/install/meow', 'merge_install': False, 'path': '/home/lydia-chheng/ros2_ws/src/meow', 'symlink_install': False, 'test_result_base': None}
[0.905s] Level 5:colcon.colcon_core.verb:set package 'parameters' build argument 'cmake_args' from command line to 'None'
[0.905s] Level 5:colcon.colcon_core.verb:set package 'parameters' build argument 'cmake_target' from command line to 'None'
[0.905s] Level 5:colcon.colcon_core.verb:set package 'parameters' build argument 'cmake_target_skip_unavailable' from command line to 'False'
[0.905s] Level 5:colcon.colcon_core.verb:set package 'parameters' build argument 'cmake_clean_cache' from command line to 'False'
[0.905s] Level 5:colcon.colcon_core.verb:set package 'parameters' build argument 'cmake_clean_first' from command line to 'False'
[0.905s] Level 5:colcon.colcon_core.verb:set package 'parameters' build argument 'cmake_force_configure' from command line to 'False'
[0.905s] Level 5:colcon.colcon_core.verb:set package 'parameters' build argument 'ament_cmake_args' from command line to 'None'
[0.905s] Level 5:colcon.colcon_core.verb:set package 'parameters' build argument 'catkin_cmake_args' from command line to 'None'
[0.905s] Level 5:colcon.colcon_core.verb:set package 'parameters' build argument 'catkin_skip_building_tests' from command line to 'False'
[0.905s] DEBUG:colcon.colcon_core.verb:Building package 'parameters' with the following arguments: {'ament_cmake_args': None, 'build_base': '/home/lydia-chheng/ros2_ws/build/parameters', 'catkin_cmake_args': None, 'catkin_skip_building_tests': False, 'cmake_args': None, 'cmake_clean_cache': False, 'cmake_clean_first': False, 'cmake_force_configure': False, 'cmake_target': None, 'cmake_target_skip_unavailable': False, 'install_base': '/home/lydia-chheng/ros2_ws/install/parameters', 'merge_install': False, 'path': '/home/lydia-chheng/ros2_ws/src/parameters', 'symlink_install': False, 'test_result_base': None}
[0.906s] Level 5:colcon.colcon_core.verb:set package 'test1' build argument 'cmake_args' from command line to 'None'
[0.906s] Level 5:colcon.colcon_core.verb:set package 'test1' build argument 'cmake_target' from command line to 'None'
[0.906s] Level 5:colcon.colcon_core.verb:set package 'test1' build argument 'cmake_target_skip_unavailable' from command line to 'False'
[0.906s] Level 5:colcon.colcon_core.verb:set package 'test1' build argument 'cmake_clean_cache' from command line to 'False'
[0.906s] Level 5:colcon.colcon_core.verb:set package 'test1' build argument 'cmake_clean_first' from command line to 'False'
[0.906s] Level 5:colcon.colcon_core.verb:set package 'test1' build argument 'cmake_force_configure' from command line to 'False'
[0.906s] Level 5:colcon.colcon_core.verb:set package 'test1' build argument 'ament_cmake_args' from command line to 'None'
[0.906s] Level 5:colcon.colcon_core.verb:set package 'test1' build argument 'catkin_cmake_args' from command line to 'None'
[0.906s] Level 5:colcon.colcon_core.verb:set package 'test1' build argument 'catkin_skip_building_tests' from command line to 'False'
[0.906s] DEBUG:colcon.colcon_core.verb:Building package 'test1' with the following arguments: {'ament_cmake_args': None, 'build_base': '/home/lydia-chheng/ros2_ws/build/test1', 'catkin_cmake_args': None, 'catkin_skip_building_tests': False, 'cmake_args': None, 'cmake_clean_cache': False, 'cmake_clean_first': False, 'cmake_force_configure': False, 'cmake_target': None, 'cmake_target_skip_unavailable': False, 'install_base': '/home/lydia-chheng/ros2_ws/install/test1', 'merge_install': False, 'path': '/home/lydia-chheng/ros2_ws/src/test1', 'symlink_install': False, 'test_result_base': None}
[0.907s] Level 5:colcon.colcon_core.verb:set package 'test2' build argument 'cmake_args' from command line to 'None'
[0.907s] Level 5:colcon.colcon_core.verb:set package 'test2' build argument 'cmake_target' from command line to 'None'
[0.907s] Level 5:colcon.colcon_core.verb:set package 'test2' build argument 'cmake_target_skip_unavailable' from command line to 'False'
[0.907s] Level 5:colcon.colcon_core.verb:set package 'test2' build argument 'cmake_clean_cache' from command line to 'False'
[0.907s] Level 5:colcon.colcon_core.verb:set package 'test2' build argument 'cmake_clean_first' from command line to 'False'
[0.907s] Level 5:colcon.colcon_core.verb:set package 'test2' build argument 'cmake_force_configure' from command line to 'False'
[0.907s] Level 5:colcon.colcon_core.verb:set package 'test2' build argument 'ament_cmake_args' from command line to 'None'
[0.907s] Level 5:colcon.colcon_core.verb:set package 'test2' build argument 'catkin_cmake_args' from command line to 'None'
[0.907s] Level 5:colcon.colcon_core.verb:set package 'test2' build argument 'catkin_skip_building_tests' from command line to 'False'
[0.907s] DEBUG:colcon.colcon_core.verb:Building package 'test2' with the following arguments: {'ament_cmake_args': None, 'build_base': '/home/lydia-chheng/ros2_ws/build/test2', 'catkin_cmake_args': None, 'catkin_skip_building_tests': False, 'cmake_args': None, 'cmake_clean_cache': False, 'cmake_clean_first': False, 'cmake_force_configure': False, 'cmake_target': None, 'cmake_target_skip_unavailable': False, 'install_base': '/home/lydia-chheng/ros2_ws/install/test2', 'merge_install': False, 'path': '/home/lydia-chheng/ros2_ws/src/test2', 'symlink_install': False, 'test_result_base': None}
[0.908s] Level 5:colcon.colcon_core.verb:set package 'test_custom_msg_srv' build argument 'cmake_args' from command line to 'None'
[0.908s] Level 5:colcon.colcon_core.verb:set package 'test_custom_msg_srv' build argument 'cmake_target' from command line to 'None'
[0.908s] Level 5:colcon.colcon_core.verb:set package 'test_custom_msg_srv' build argument 'cmake_target_skip_unavailable' from command line to 'False'
[0.908s] Level 5:colcon.colcon_core.verb:set package 'test_custom_msg_srv' build argument 'cmake_clean_cache' from command line to 'False'
[0.908s] Level 5:colcon.colcon_core.verb:set package 'test_custom_msg_srv' build argument 'cmake_clean_first' from command line to 'False'
[0.908s] Level 5:colcon.colcon_core.verb:set package 'test_custom_msg_srv' build argument 'cmake_force_configure' from command line to 'False'
[0.908s] Level 5:colcon.colcon_core.verb:set package 'test_custom_msg_srv' build argument 'ament_cmake_args' from command line to 'None'
[0.908s] Level 5:colcon.colcon_core.verb:set package 'test_custom_msg_srv' build argument 'catkin_cmake_args' from command line to 'None'
[0.908s] Level 5:colcon.colcon_core.verb:set package 'test_custom_msg_srv' build argument 'catkin_skip_building_tests' from command line to 'False'
[0.908s] DEBUG:colcon.colcon_core.verb:Building package 'test_custom_msg_srv' with the following arguments: {'ament_cmake_args': None, 'build_base': '/home/lydia-chheng/ros2_ws/build/test_custom_msg_srv', 'catkin_cmake_args': None, 'catkin_skip_building_tests': False, 'cmake_args': None, 'cmake_clean_cache': False, 'cmake_clean_first': False, 'cmake_force_configure': False, 'cmake_target': None, 'cmake_target_skip_unavailable': False, 'install_base': '/home/lydia-chheng/ros2_ws/install/test_custom_msg_srv', 'merge_install': False, 'path': '/home/lydia-chheng/ros2_ws/src/test_custom_msg_srv', 'symlink_install': False, 'test_result_base': None}
[0.909s] Level 5:colcon.colcon_core.verb:set package 'test_srv_cli' build argument 'cmake_args' from command line to 'None'
[0.909s] Level 5:colcon.colcon_core.verb:set package 'test_srv_cli' build argument 'cmake_target' from command line to 'None'
[0.909s] Level 5:colcon.colcon_core.verb:set package 'test_srv_cli' build argument 'cmake_target_skip_unavailable' from command line to 'False'
[0.910s] Level 5:colcon.colcon_core.verb:set package 'test_srv_cli' build argument 'cmake_clean_cache' from command line to 'False'
[0.910s] Level 5:colcon.colcon_core.verb:set package 'test_srv_cli' build argument 'cmake_clean_first' from command line to 'False'
[0.910s] Level 5:colcon.colcon_core.verb:set package 'test_srv_cli' build argument 'cmake_force_configure' from command line to 'False'
[0.910s] Level 5:colcon.colcon_core.verb:set package 'test_srv_cli' build argument 'ament_cmake_args' from command line to 'None'
[0.910s] Level 5:colcon.colcon_core.verb:set package 'test_srv_cli' build argument 'catkin_cmake_args' from command line to 'None'
[0.910s] Level 5:colcon.colcon_core.verb:set package 'test_srv_cli' build argument 'catkin_skip_building_tests' from command line to 'False'
[0.910s] DEBUG:colcon.colcon_core.verb:Building package 'test_srv_cli' with the following arguments: {'ament_cmake_args': None, 'build_base': '/home/lydia-chheng/ros2_ws/build/test_srv_cli', 'catkin_cmake_args': None, 'catkin_skip_building_tests': False, 'cmake_args': None, 'cmake_clean_cache': False, 'cmake_clean_first': False, 'cmake_force_configure': False, 'cmake_target': None, 'cmake_target_skip_unavailable': False, 'install_base': '/home/lydia-chheng/ros2_ws/install/test_srv_cli', 'merge_install': False, 'path': '/home/lydia-chheng/ros2_ws/src/test_srv_cli', 'symlink_install': False, 'test_result_base': None}
[0.911s] Level 5:colcon.colcon_core.verb:set package 'test_pub_sub' build argument 'cmake_args' from command line to 'None'
[0.911s] Level 5:colcon.colcon_core.verb:set package 'test_pub_sub' build argument 'cmake_target' from command line to 'None'
[0.911s] Level 5:colcon.colcon_core.verb:set package 'test_pub_sub' build argument 'cmake_target_skip_unavailable' from command line to 'False'
[0.911s] Level 5:colcon.colcon_core.verb:set package 'test_pub_sub' build argument 'cmake_clean_cache' from command line to 'False'
[0.911s] Level 5:colcon.colcon_core.verb:set package 'test_pub_sub' build argument 'cmake_clean_first' from command line to 'False'
[0.911s] Level 5:colcon.colcon_core.verb:set package 'test_pub_sub' build argument 'cmake_force_configure' from command line to 'False'
[0.911s] Level 5:colcon.colcon_core.verb:set package 'test_pub_sub' build argument 'ament_cmake_args' from command line to 'None'
[0.911s] Level 5:colcon.colcon_core.verb:set package 'test_pub_sub' build argument 'catkin_cmake_args' from command line to 'None'
[0.911s] Level 5:colcon.colcon_core.verb:set package 'test_pub_sub' build argument 'catkin_skip_building_tests' from command line to 'False'
[0.911s] DEBUG:colcon.colcon_core.verb:Building package 'test_pub_sub' with the following arguments: {'ament_cmake_args': None, 'build_base': '/home/lydia-chheng/ros2_ws/build/test_pub_sub', 'catkin_cmake_args': None, 'catkin_skip_building_tests': False, 'cmake_args': None, 'cmake_clean_cache': False, 'cmake_clean_first': False, 'cmake_force_configure': False, 'cmake_target': None, 'cmake_target_skip_unavailable': False, 'install_base': '/home/lydia-chheng/ros2_ws/install/test_pub_sub', 'merge_install': False, 'path': '/home/lydia-chheng/ros2_ws/src/test_pub_sub', 'symlink_install': False, 'test_result_base': None}
[0.911s] INFO:colcon.colcon_core.executor:Executing jobs using 'parallel' executor
[0.913s] DEBUG:colcon.colcon_parallel_executor.executor.parallel:run_until_complete
[0.913s] INFO:colcon.colcon_ros.task.ament_cmake.build:Building ROS package in '/home/lydia-chheng/ros2_ws/src/test_custom_msg_srv' with build type 'ament_cmake'
[0.914s] INFO:colcon.colcon_cmake.task.cmake.build:Building CMake package in '/home/lydia-chheng/ros2_ws/src/test_custom_msg_srv'
[0.920s] INFO:colcon.colcon_core.plugin_system:Skipping extension 'colcon_core.shell.bat': Not used on non-Windows systems
[0.920s] INFO:colcon.colcon_core.shell:Skip shell extension 'powershell' for command environment: Not usable outside of PowerShell
[0.920s] DEBUG:colcon.colcon_core.shell:Skip shell extension 'dsv' for command environment
[0.928s] INFO:colcon.colcon_ros.task.ament_cmake.build:Building ROS package in '/home/lydia-chheng/ros2_ws/src/action_interface' with build type 'ament_cmake'
[0.928s] INFO:colcon.colcon_cmake.task.cmake.build:Building CMake package in '/home/lydia-chheng/ros2_ws/src/action_interface'
[0.929s] INFO:colcon.colcon_core.shell:Skip shell extension 'powershell' for command environment: Not usable outside of PowerShell
[0.929s] DEBUG:colcon.colcon_core.shell:Skip shell extension 'dsv' for command environment
[0.939s] INFO:colcon.colcon_ros.task.ament_python.build:Building ROS package in '/home/lydia-chheng/ros2_ws/src/meow' with build type 'ament_python'
[0.939s] Level 1:colcon.colcon_core.shell:create_environment_hook('meow', 'ament_prefix_path')
[0.940s] INFO:colcon.colcon_core.shell:Creating environment hook '/home/lydia-chheng/ros2_ws/install/meow/share/meow/hook/ament_prefix_path.ps1'
[0.942s] INFO:colcon.colcon_core.shell:Creating environment descriptor '/home/lydia-chheng/ros2_ws/install/meow/share/meow/hook/ament_prefix_path.dsv'
[0.943s] INFO:colcon.colcon_core.shell:Creating environment hook '/home/lydia-chheng/ros2_ws/install/meow/share/meow/hook/ament_prefix_path.sh'
[0.945s] INFO:colcon.colcon_core.shell:Skip shell extension 'powershell' for command environment: Not usable outside of PowerShell
[0.945s] DEBUG:colcon.colcon_core.shell:Skip shell extension 'dsv' for command environment
[0.952s] INFO:colcon.colcon_ros.task.ament_python.build:Building ROS package in '/home/lydia-chheng/ros2_ws/src/parameters' with build type 'ament_python'
[0.952s] Level 1:colcon.colcon_core.shell:create_environment_hook('parameters', 'ament_prefix_path')
[0.952s] INFO:colcon.colcon_core.shell:Creating environment hook '/home/lydia-chheng/ros2_ws/install/parameters/share/parameters/hook/ament_prefix_path.ps1'
[0.954s] INFO:colcon.colcon_core.shell:Creating environment descriptor '/home/lydia-chheng/ros2_ws/install/parameters/share/parameters/hook/ament_prefix_path.dsv'
[0.955s] INFO:colcon.colcon_core.shell:Creating environment hook '/home/lydia-chheng/ros2_ws/install/parameters/share/parameters/hook/ament_prefix_path.sh'
[0.956s] INFO:colcon.colcon_core.shell:Skip shell extension 'powershell' for command environment: Not usable outside of PowerShell
[0.956s] DEBUG:colcon.colcon_core.shell:Skip shell extension 'dsv' for command environment
[0.977s] DEBUG:colcon.colcon_core.event_handler.log_command:Invoking command in '/home/lydia-chheng/ros2_ws/build/test_custom_msg_srv': CMAKE_PREFIX_PATH=${CMAKE_PREFIX_PATH}:/home/lydia-chheng/ros2_ws/install/test_srv_cli:/home/lydia-chheng/ros2_ws/install/test_pub_sub:/home/lydia-chheng/ros2_ws/install/test2:/home/lydia-chheng/ros2_ws/install/parameters:/home/lydia-chheng/ros2_ws/install/meow:/opt/ros/humble /usr/bin/cmake --build /home/lydia-chheng/ros2_ws/build/test_custom_msg_srv -- -j4 -l4
[0.989s] DEBUG:colcon.colcon_core.event_handler.log_command:Invoking command in '/home/lydia-chheng/ros2_ws/build/action_interface': CMAKE_PREFIX_PATH=${CMAKE_PREFIX_PATH}:/home/lydia-chheng/ros2_ws/install/test_srv_cli:/home/lydia-chheng/ros2_ws/install/test_pub_sub:/home/lydia-chheng/ros2_ws/install/test2:/home/lydia-chheng/ros2_ws/install/parameters:/home/lydia-chheng/ros2_ws/install/meow:/opt/ros/humble /usr/bin/cmake --build /home/lydia-chheng/ros2_ws/build/action_interface -- -j4 -l4
[2.087s] INFO:colcon.colcon_core.task.python.build:Building Python package in '/home/lydia-chheng/ros2_ws/src/meow'
[2.088s] INFO:colcon.colcon_core.shell:Skip shell extension 'powershell' for command environment: Not usable outside of PowerShell
[2.088s] DEBUG:colcon.colcon_core.shell:Skip shell extension 'dsv' for command environment
[2.989s] INFO:colcon.colcon_core.task.python.build:Building Python package in '/home/lydia-chheng/ros2_ws/src/parameters'
[2.991s] INFO:colcon.colcon_core.shell:Skip shell extension 'powershell' for command environment: Not usable outside of PowerShell
[2.992s] DEBUG:colcon.colcon_core.shell:Skip shell extension 'dsv' for command environment
[3.034s] DEBUG:colcon.colcon_core.event_handler.log_command:Invoked command in '/home/lydia-chheng/ros2_ws/build/action_interface' returned '0': CMAKE_PREFIX_PATH=${CMAKE_PREFIX_PATH}:/home/lydia-chheng/ros2_ws/install/test_srv_cli:/home/lydia-chheng/ros2_ws/install/test_pub_sub:/home/lydia-chheng/ros2_ws/install/test2:/home/lydia-chheng/ros2_ws/install/parameters:/home/lydia-chheng/ros2_ws/install/meow:/opt/ros/humble /usr/bin/cmake --build /home/lydia-chheng/ros2_ws/build/action_interface -- -j4 -l4
[3.066s] DEBUG:colcon.colcon_core.event_handler.log_command:Invoking command in '/home/lydia-chheng/ros2_ws/build/action_interface': CMAKE_PREFIX_PATH=${CMAKE_PREFIX_PATH}:/home/lydia-chheng/ros2_ws/install/test_srv_cli:/home/lydia-chheng/ros2_ws/install/test_pub_sub:/home/lydia-chheng/ros2_ws/install/test2:/home/lydia-chheng/ros2_ws/install/parameters:/home/lydia-chheng/ros2_ws/install/meow:/opt/ros/humble /usr/bin/cmake --install /home/lydia-chheng/ros2_ws/build/action_interface
[3.415s] Level 1:colcon.colcon_core.environment:create_environment_scripts_only(action_interface)
[3.418s] DEBUG:colcon.colcon_core.event_handler.log_command:Invoked command in '/home/lydia-chheng/ros2_ws/build/action_interface' returned '0': CMAKE_PREFIX_PATH=${CMAKE_PREFIX_PATH}:/home/lydia-chheng/ros2_ws/install/test_srv_cli:/home/lydia-chheng/ros2_ws/install/test_pub_sub:/home/lydia-chheng/ros2_ws/install/test2:/home/lydia-chheng/ros2_ws/install/parameters:/home/lydia-chheng/ros2_ws/install/meow:/opt/ros/humble /usr/bin/cmake --install /home/lydia-chheng/ros2_ws/build/action_interface
[3.440s] Level 1:colcon.colcon_core.environment:checking '/home/lydia-chheng/ros2_ws/install/action_interface' for CMake module files
[3.449s] Level 1:colcon.colcon_core.environment:checking '/home/lydia-chheng/ros2_ws/install/action_interface' for CMake config files
[3.451s] Level 1:colcon.colcon_core.shell:create_environment_hook('action_interface', 'cmake_prefix_path')
[3.458s] INFO:colcon.colcon_core.shell:Creating environment hook '/home/lydia-chheng/ros2_ws/install/action_interface/share/action_interface/hook/cmake_prefix_path.ps1'
[3.460s] INFO:colcon.colcon_core.shell:Creating environment descriptor '/home/lydia-chheng/ros2_ws/install/action_interface/share/action_interface/hook/cmake_prefix_path.dsv'
[3.467s] INFO:colcon.colcon_core.shell:Creating environment hook '/home/lydia-chheng/ros2_ws/install/action_interface/share/action_interface/hook/cmake_prefix_path.sh'
[3.470s] Level 1:colcon.colcon_core.environment:checking '/home/lydia-chheng/ros2_ws/install/action_interface/lib'
[3.470s] Level 1:colcon.colcon_core.shell:create_environment_hook('action_interface', 'ld_library_path_lib')
[3.471s] INFO:colcon.colcon_core.shell:Creating environment hook '/home/lydia-chheng/ros2_ws/install/action_interface/share/action_interface/hook/ld_library_path_lib.ps1'
[3.478s] INFO:colcon.colcon_core.shell:Creating environment descriptor '/home/lydia-chheng/ros2_ws/install/action_interface/share/action_interface/hook/ld_library_path_lib.dsv'
[3.479s] INFO:colcon.colcon_core.shell:Creating environment hook '/home/lydia-chheng/ros2_ws/install/action_interface/share/action_interface/hook/ld_library_path_lib.sh'
[3.493s] Level 1:colcon.colcon_core.environment:checking '/home/lydia-chheng/ros2_ws/install/action_interface/bin'
[3.494s] Level 1:colcon.colcon_core.environment:checking '/home/lydia-chheng/ros2_ws/install/action_interface/lib/pkgconfig/action_interface.pc'
[3.498s] Level 1:colcon.colcon_core.environment:checking '/home/lydia-chheng/ros2_ws/install/action_interface/lib/python3.10/site-packages'
[3.498s] Level 1:colcon.colcon_core.environment:checking '/home/lydia-chheng/ros2_ws/install/action_interface/bin'
[3.499s] INFO:colcon.colcon_core.shell:Creating package script '/home/lydia-chheng/ros2_ws/install/action_interface/share/action_interface/package.ps1'
[3.510s] INFO:colcon.colcon_core.shell:Creating package descriptor '/home/lydia-chheng/ros2_ws/install/action_interface/share/action_interface/package.dsv'
[3.513s] INFO:colcon.colcon_core.shell:Creating package script '/home/lydia-chheng/ros2_ws/install/action_interface/share/action_interface/package.sh'
[3.517s] INFO:colcon.colcon_core.shell:Creating package script '/home/lydia-chheng/ros2_ws/install/action_interface/share/action_interface/package.bash'
[3.522s] INFO:colcon.colcon_core.shell:Creating package script '/home/lydia-chheng/ros2_ws/install/action_interface/share/action_interface/package.zsh'
[3.532s] Level 1:colcon.colcon_core.environment:create_file_with_runtime_dependencies(/home/lydia-chheng/ros2_ws/install/action_interface/share/colcon-core/packages/action_interface)
[3.535s] Level 1:colcon.colcon_core.environment:create_environment_scripts_only(action_interface)
[3.535s] Level 1:colcon.colcon_core.environment:checking '/home/lydia-chheng/ros2_ws/install/action_interface' for CMake module files
[3.540s] Level 1:colcon.colcon_core.environment:checking '/home/lydia-chheng/ros2_ws/install/action_interface' for CMake config files
[3.542s] Level 1:colcon.colcon_core.shell:create_environment_hook('action_interface', 'cmake_prefix_path')
[3.544s] INFO:colcon.colcon_core.shell:Creating environment hook '/home/lydia-chheng/ros2_ws/install/action_interface/share/action_interface/hook/cmake_prefix_path.ps1'
[3.549s] INFO:colcon.colcon_core.shell:Creating environment descriptor '/home/lydia-chheng/ros2_ws/install/action_interface/share/action_interface/hook/cmake_prefix_path.dsv'
[3.555s] INFO:colcon.colcon_core.shell:Creating environment hook '/home/lydia-chheng/ros2_ws/install/action_interface/share/action_interface/hook/cmake_prefix_path.sh'
[3.558s] Level 1:colcon.colcon_core.environment:checking '/home/lydia-chheng/ros2_ws/install/action_interface/lib'
[3.558s] Level 1:colcon.colcon_core.shell:create_environment_hook('action_interface', 'ld_library_path_lib')
[3.561s] INFO:colcon.colcon_core.shell:Creating environment hook '/home/lydia-chheng/ros2_ws/install/action_interface/share/action_interface/hook/ld_library_path_lib.ps1'
[3.564s] INFO:colcon.colcon_core.shell:Creating environment descriptor '/home/lydia-chheng/ros2_ws/install/action_interface/share/action_interface/hook/ld_library_path_lib.dsv'
[3.568s] INFO:colcon.colcon_core.shell:Creating environment hook '/home/lydia-chheng/ros2_ws/install/action_interface/share/action_interface/hook/ld_library_path_lib.sh'
[3.572s] Level 1:colcon.colcon_core.environment:checking '/home/lydia-chheng/ros2_ws/install/action_interface/bin'
[3.573s] Level 1:colcon.colcon_core.environment:checking '/home/lydia-chheng/ros2_ws/install/action_interface/lib/pkgconfig/action_interface.pc'
[3.574s] Level 1:colcon.colcon_core.environment:checking '/home/lydia-chheng/ros2_ws/install/action_interface/lib/python3.10/site-packages'
[3.575s] Level 1:colcon.colcon_core.environment:checking '/home/lydia-chheng/ros2_ws/install/action_interface/bin'
[3.576s] INFO:colcon.colcon_core.shell:Creating package script '/home/lydia-chheng/ros2_ws/install/action_interface/share/action_interface/package.ps1'
[3.580s] INFO:colcon.colcon_core.shell:Creating package descriptor '/home/lydia-chheng/ros2_ws/install/action_interface/share/action_interface/package.dsv'
[3.582s] INFO:colcon.colcon_core.shell:Creating package script '/home/lydia-chheng/ros2_ws/install/action_interface/share/action_interface/package.sh'
[3.584s] INFO:colcon.colcon_core.shell:Creating package script '/home/lydia-chheng/ros2_ws/install/action_interface/share/action_interface/package.bash'
[3.586s] INFO:colcon.colcon_core.shell:Creating package script '/home/lydia-chheng/ros2_ws/install/action_interface/share/action_interface/package.zsh'
[3.588s] Level 1:colcon.colcon_core.environment:create_file_with_runtime_dependencies(/home/lydia-chheng/ros2_ws/install/action_interface/share/colcon-core/packages/action_interface)
[3.590s] INFO:colcon.colcon_core.task.python.build:Building Python package in '/home/lydia-chheng/ros2_ws/src/test1'
[3.592s] INFO:colcon.colcon_core.shell:Skip shell extension 'powershell' for command environment: Not usable outside of PowerShell
[3.593s] DEBUG:colcon.colcon_core.shell:Skip shell extension 'dsv' for command environment
[6.714s] DEBUG:colcon.colcon_core.event_handler.log_command:Invoking command in '/home/lydia-chheng/ros2_ws/src/meow': PYTHONPATH=/home/lydia-chheng/ros2_ws/build/meow/prefix_override:/usr/lib/python3/dist-packages/colcon_core/task/python/colcon_distutils_commands:/home/lydia-chheng/ros2_ws/install/meow/lib/python3.10/site-packages:${PYTHONPATH} /usr/bin/python3 -W ignore:setup.py install is deprecated -W ignore:easy_install command is deprecated setup.py egg_info --egg-base ../../build/meow build --build-base /home/lydia-chheng/ros2_ws/build/meow/build install --record /home/lydia-chheng/ros2_ws/build/meow/install.log --single-version-externally-managed install_data
[6.732s] DEBUG:colcon.colcon_core.event_handler.log_command:Invoking command in '/home/lydia-chheng/ros2_ws/src/parameters': PYTHONPATH=/home/lydia-chheng/ros2_ws/build/parameters/prefix_override:/usr/lib/python3/dist-packages/colcon_core/task/python/colcon_distutils_commands:/home/lydia-chheng/ros2_ws/install/parameters/lib/python3.10/site-packages:${PYTHONPATH} /usr/bin/python3 -W ignore:setup.py install is deprecated -W ignore:easy_install command is deprecated setup.py egg_info --egg-base ../../build/parameters build --build-base /home/lydia-chheng/ros2_ws/build/parameters/build install --record /home/lydia-chheng/ros2_ws/build/parameters/install.log --single-version-externally-managed install_data
[9.094s] DEBUG:colcon.colcon_core.event_handler.log_command:Invoking command in '/home/lydia-chheng/ros2_ws/src/test1': PYTHONPATH=/home/lydia-chheng/ros2_ws/build/test1/prefix_override:/usr/lib/python3/dist-packages/colcon_core/task/python/colcon_distutils_commands:/home/lydia-chheng/ros2_ws/install/test1/lib/python3.10/site-packages:${PYTHONPATH} /usr/bin/python3 -W ignore:setup.py install is deprecated -W ignore:easy_install command is deprecated setup.py egg_info --egg-base ../../build/test1 build --build-base /home/lydia-chheng/ros2_ws/build/test1/build install --record /home/lydia-chheng/ros2_ws/build/test1/install.log --single-version-externally-managed install_data
[9.885s] Level 1:colcon.colcon_core.environment:checking '/home/lydia-chheng/ros2_ws/install/parameters' for CMake module files
[9.886s] DEBUG:colcon.colcon_core.event_handler.log_command:Invoked command in '/home/lydia-chheng/ros2_ws/src/parameters' returned '0': PYTHONPATH=/home/lydia-chheng/ros2_ws/build/parameters/prefix_override:/usr/lib/python3/dist-packages/colcon_core/task/python/colcon_distutils_commands:/home/lydia-chheng/ros2_ws/install/parameters/lib/python3.10/site-packages:${PYTHONPATH} /usr/bin/python3 -W ignore:setup.py install is deprecated -W ignore:easy_install command is deprecated setup.py egg_info --egg-base ../../build/parameters build --build-base /home/lydia-chheng/ros2_ws/build/parameters/build install --record /home/lydia-chheng/ros2_ws/build/parameters/install.log --single-version-externally-managed install_data
[9.891s] Level 1:colcon.colcon_core.environment:checking '/home/lydia-chheng/ros2_ws/install/parameters' for CMake config files
[9.892s] Level 1:colcon.colcon_core.environment:checking '/home/lydia-chheng/ros2_ws/install/parameters/lib'
[9.895s] Level 1:colcon.colcon_core.environment:checking '/home/lydia-chheng/ros2_ws/install/parameters/bin'
[9.895s] Level 1:colcon.colcon_core.environment:checking '/home/lydia-chheng/ros2_ws/install/parameters/lib/pkgconfig/parameters.pc'
[9.896s] Level 1:colcon.colcon_core.environment:checking '/home/lydia-chheng/ros2_ws/install/parameters/lib/python3.10/site-packages'
[9.896s] Level 1:colcon.colcon_core.shell:create_environment_hook('parameters', 'pythonpath')
[9.898s] INFO:colcon.colcon_core.shell:Creating environment hook '/home/lydia-chheng/ros2_ws/install/parameters/share/parameters/hook/pythonpath.ps1'
[9.899s] INFO:colcon.colcon_core.shell:Creating environment descriptor '/home/lydia-chheng/ros2_ws/install/parameters/share/parameters/hook/pythonpath.dsv'
[9.900s] INFO:colcon.colcon_core.shell:Creating environment hook '/home/lydia-chheng/ros2_ws/install/parameters/share/parameters/hook/pythonpath.sh'
[9.908s] Level 1:colcon.colcon_core.environment:checking '/home/lydia-chheng/ros2_ws/install/parameters/bin'
[9.908s] Level 1:colcon.colcon_core.environment:create_environment_scripts_only(parameters)
[9.909s] INFO:colcon.colcon_core.shell:Creating package script '/home/lydia-chheng/ros2_ws/install/parameters/share/parameters/package.ps1'
[9.914s] INFO:colcon.colcon_core.shell:Creating package descriptor '/home/lydia-chheng/ros2_ws/install/parameters/share/parameters/package.dsv'
[9.915s] INFO:colcon.colcon_core.shell:Creating package script '/home/lydia-chheng/ros2_ws/install/parameters/share/parameters/package.sh'
[9.916s] INFO:colcon.colcon_core.shell:Creating package script '/home/lydia-chheng/ros2_ws/install/parameters/share/parameters/package.bash'
[9.917s] INFO:colcon.colcon_core.shell:Creating package script '/home/lydia-chheng/ros2_ws/install/parameters/share/parameters/package.zsh'
[9.918s] Level 1:colcon.colcon_core.environment:create_file_with_runtime_dependencies(/home/lydia-chheng/ros2_ws/install/parameters/share/colcon-core/packages/parameters)
[9.924s] INFO:colcon.colcon_ros.task.ament_python.build:Building ROS package in '/home/lydia-chheng/ros2_ws/src/test2' with build type 'ament_python'
[9.925s] Level 1:colcon.colcon_core.shell:create_environment_hook('test2', 'ament_prefix_path')
[9.926s] INFO:colcon.colcon_core.shell:Creating environment hook '/home/lydia-chheng/ros2_ws/install/test2/share/test2/hook/ament_prefix_path.ps1'
[9.931s] INFO:colcon.colcon_core.shell:Creating environment descriptor '/home/lydia-chheng/ros2_ws/install/test2/share/test2/hook/ament_prefix_path.dsv'
[9.932s] INFO:colcon.colcon_core.shell:Creating environment hook '/home/lydia-chheng/ros2_ws/install/test2/share/test2/hook/ament_prefix_path.sh'
[9.940s] INFO:colcon.colcon_core.shell:Skip shell extension 'powershell' for command environment: Not usable outside of PowerShell
[9.940s] DEBUG:colcon.colcon_core.shell:Skip shell extension 'dsv' for command environment
[11.062s] INFO:colcon.colcon_core.task.python.build:Building Python package in '/home/lydia-chheng/ros2_ws/src/test2'
[11.062s] INFO:colcon.colcon_core.shell:Skip shell extension 'powershell' for command environment: Not usable outside of PowerShell
[11.063s] DEBUG:colcon.colcon_core.shell:Skip shell extension 'dsv' for command environment
[11.092s] Level 1:colcon.colcon_core.environment:checking '/home/lydia-chheng/ros2_ws/install/meow' for CMake module files
[11.094s] DEBUG:colcon.colcon_core.event_handler.log_command:Invoked command in '/home/lydia-chheng/ros2_ws/src/meow' returned '0': PYTHONPATH=/home/lydia-chheng/ros2_ws/build/meow/prefix_override:/usr/lib/python3/dist-packages/colcon_core/task/python/colcon_distutils_commands:/home/lydia-chheng/ros2_ws/install/meow/lib/python3.10/site-packages:${PYTHONPATH} /usr/bin/python3 -W ignore:setup.py install is deprecated -W ignore:easy_install command is deprecated setup.py egg_info --egg-base ../../build/meow build --build-base /home/lydia-chheng/ros2_ws/build/meow/build install --record /home/lydia-chheng/ros2_ws/build/meow/install.log --single-version-externally-managed install_data
[11.097s] Level 1:colcon.colcon_core.environment:checking '/home/lydia-chheng/ros2_ws/install/meow' for CMake config files
[11.100s] Level 1:colcon.colcon_core.environment:checking '/home/lydia-chheng/ros2_ws/install/meow/lib'
[11.100s] Level 1:colcon.colcon_core.environment:checking '/home/lydia-chheng/ros2_ws/install/meow/bin'
[11.100s] Level 1:colcon.colcon_core.environment:checking '/home/lydia-chheng/ros2_ws/install/meow/lib/pkgconfig/meow.pc'
[11.101s] Level 1:colcon.colcon_core.environment:checking '/home/lydia-chheng/ros2_ws/install/meow/lib/python3.10/site-packages'
[11.104s] Level 1:colcon.colcon_core.shell:create_environment_hook('meow', 'pythonpath')
[11.106s] INFO:colcon.colcon_core.shell:Creating environment hook '/home/lydia-chheng/ros2_ws/install/meow/share/meow/hook/pythonpath.ps1'
[11.110s] INFO:colcon.colcon_core.shell:Creating environment descriptor '/home/lydia-chheng/ros2_ws/install/meow/share/meow/hook/pythonpath.dsv'
[11.112s] INFO:colcon.colcon_core.shell:Creating environment hook '/home/lydia-chheng/ros2_ws/install/meow/share/meow/hook/pythonpath.sh'
[11.113s] Level 1:colcon.colcon_core.environment:checking '/home/lydia-chheng/ros2_ws/install/meow/bin'
[11.113s] Level 1:colcon.colcon_core.environment:create_environment_scripts_only(meow)
[11.118s] INFO:colcon.colcon_core.shell:Creating package script '/home/lydia-chheng/ros2_ws/install/meow/share/meow/package.ps1'
[11.122s] INFO:colcon.colcon_core.shell:Creating package descriptor '/home/lydia-chheng/ros2_ws/install/meow/share/meow/package.dsv'
[11.124s] INFO:colcon.colcon_core.shell:Creating package script '/home/lydia-chheng/ros2_ws/install/meow/share/meow/package.sh'
[11.127s] INFO:colcon.colcon_core.shell:Creating package script '/home/lydia-chheng/ros2_ws/install/meow/share/meow/package.bash'
[11.128s] INFO:colcon.colcon_core.shell:Creating package script '/home/lydia-chheng/ros2_ws/install/meow/share/meow/package.zsh'
[11.131s] Level 1:colcon.colcon_core.environment:create_file_with_runtime_dependencies(/home/lydia-chheng/ros2_ws/install/meow/share/colcon-core/packages/meow)
[11.153s] INFO:colcon.colcon_ros.task.ament_python.build:Building ROS package in '/home/lydia-chheng/ros2_ws/src/test_srv_cli' with build type 'ament_python'
[11.154s] Level 1:colcon.colcon_core.shell:create_environment_hook('test_srv_cli', 'ament_prefix_path')
[11.155s] INFO:colcon.colcon_core.shell:Creating environment hook '/home/lydia-chheng/ros2_ws/install/test_srv_cli/share/test_srv_cli/hook/ament_prefix_path.ps1'
[11.161s] INFO:colcon.colcon_core.shell:Creating environment descriptor '/home/lydia-chheng/ros2_ws/install/test_srv_cli/share/test_srv_cli/hook/ament_prefix_path.dsv'
[11.165s] INFO:colcon.colcon_core.shell:Creating environment hook '/home/lydia-chheng/ros2_ws/install/test_srv_cli/share/test_srv_cli/hook/ament_prefix_path.sh'
[11.175s] INFO:colcon.colcon_core.shell:Skip shell extension 'powershell' for command environment: Not usable outside of PowerShell
[11.175s] DEBUG:colcon.colcon_core.shell:Skip shell extension 'dsv' for command environment
[12.773s] INFO:colcon.colcon_core.task.python.build:Building Python package in '/home/lydia-chheng/ros2_ws/src/test_srv_cli'
[12.774s] INFO:colcon.colcon_core.shell:Skip shell extension 'powershell' for command environment: Not usable outside of PowerShell
[12.774s] DEBUG:colcon.colcon_core.shell:Skip shell extension 'dsv' for command environment
[12.792s] Level 1:colcon.colcon_core.environment:checking '/home/lydia-chheng/ros2_ws/install/test1' for CMake module files
[12.800s] Level 1:colcon.colcon_core.environment:checking '/home/lydia-chheng/ros2_ws/install/test1' for CMake config files
[12.798s] DEBUG:colcon.colcon_core.event_handler.log_command:Invoked command in '/home/lydia-chheng/ros2_ws/src/test1' returned '0': PYTHONPATH=/home/lydia-chheng/ros2_ws/build/test1/prefix_override:/usr/lib/python3/dist-packages/colcon_core/task/python/colcon_distutils_commands:/home/lydia-chheng/ros2_ws/install/test1/lib/python3.10/site-packages:${PYTHONPATH} /usr/bin/python3 -W ignore:setup.py install is deprecated -W ignore:easy_install command is deprecated setup.py egg_info --egg-base ../../build/test1 build --build-base /home/lydia-chheng/ros2_ws/build/test1/build install --record /home/lydia-chheng/ros2_ws/build/test1/install.log --single-version-externally-managed install_data
[12.805s] Level 1:colcon.colcon_core.environment:checking '/home/lydia-chheng/ros2_ws/install/test1/lib'
[12.806s] Level 1:colcon.colcon_core.environment:checking '/home/lydia-chheng/ros2_ws/install/test1/bin'
[12.806s] Level 1:colcon.colcon_core.environment:checking '/home/lydia-chheng/ros2_ws/install/test1/lib/pkgconfig/test1.pc'
[12.807s] Level 1:colcon.colcon_core.environment:checking '/home/lydia-chheng/ros2_ws/install/test1/lib/python3.10/site-packages'
[12.807s] Level 1:colcon.colcon_core.shell:create_environment_hook('test1', 'pythonpath')
[12.809s] INFO:colcon.colcon_core.shell:Creating environment hook '/home/lydia-chheng/ros2_ws/install/test1/share/test1/hook/pythonpath.ps1'
[12.810s] INFO:colcon.colcon_core.shell:Creating environment descriptor '/home/lydia-chheng/ros2_ws/install/test1/share/test1/hook/pythonpath.dsv'
[12.812s] INFO:colcon.colcon_core.shell:Creating environment hook '/home/lydia-chheng/ros2_ws/install/test1/share/test1/hook/pythonpath.sh'
[12.814s] Level 1:colcon.colcon_core.environment:checking '/home/lydia-chheng/ros2_ws/install/test1/bin'
[12.814s] Level 1:colcon.colcon_core.environment:create_environment_scripts_only(test1)
[12.815s] INFO:colcon.colcon_core.shell:Creating package script '/home/lydia-chheng/ros2_ws/install/test1/share/test1/package.ps1'
[12.816s] INFO:colcon.colcon_core.shell:Creating package descriptor '/home/lydia-chheng/ros2_ws/install/test1/share/test1/package.dsv'
[12.818s] INFO:colcon.colcon_core.shell:Creating package script '/home/lydia-chheng/ros2_ws/install/test1/share/test1/package.sh'
[12.819s] INFO:colcon.colcon_core.shell:Creating package script '/home/lydia-chheng/ros2_ws/install/test1/share/test1/package.bash'
[12.821s] INFO:colcon.colcon_core.shell:Creating package script '/home/lydia-chheng/ros2_ws/install/test1/share/test1/package.zsh'
[12.823s] Level 1:colcon.colcon_core.environment:create_file_with_runtime_dependencies(/home/lydia-chheng/ros2_ws/install/test1/share/colcon-core/packages/test1)
[14.195s] DEBUG:colcon.colcon_core.event_handler.log_command:Invoked command in '/home/lydia-chheng/ros2_ws/build/test_custom_msg_srv' returned '0': CMAKE_PREFIX_PATH=${CMAKE_PREFIX_PATH}:/home/lydia-chheng/ros2_ws/install/test_srv_cli:/home/lydia-chheng/ros2_ws/install/test_pub_sub:/home/lydia-chheng/ros2_ws/install/test2:/home/lydia-chheng/ros2_ws/install/parameters:/home/lydia-chheng/ros2_ws/install/meow:/opt/ros/humble /usr/bin/cmake --build /home/lydia-chheng/ros2_ws/build/test_custom_msg_srv -- -j4 -l4
[14.203s] DEBUG:colcon.colcon_core.event_handler.log_command:Invoking command in '/home/lydia-chheng/ros2_ws/build/test_custom_msg_srv': CMAKE_PREFIX_PATH=${CMAKE_PREFIX_PATH}:/home/lydia-chheng/ros2_ws/install/test_srv_cli:/home/lydia-chheng/ros2_ws/install/test_pub_sub:/home/lydia-chheng/ros2_ws/install/test2:/home/lydia-chheng/ros2_ws/install/parameters:/home/lydia-chheng/ros2_ws/install/meow:/opt/ros/humble /usr/bin/cmake --install /home/lydia-chheng/ros2_ws/build/test_custom_msg_srv
[14.217s] DEBUG:colcon.colcon_core.event_handler.log_command:Invoking command in '/home/lydia-chheng/ros2_ws/src/test2': PYTHONPATH=/home/lydia-chheng/ros2_ws/build/test2/prefix_override:/usr/lib/python3/dist-packages/colcon_core/task/python/colcon_distutils_commands:/home/lydia-chheng/ros2_ws/install/test2/lib/python3.10/site-packages:${PYTHONPATH} /usr/bin/python3 -W ignore:setup.py install is deprecated -W ignore:easy_install command is deprecated setup.py egg_info --egg-base ../../build/test2 build --build-base /home/lydia-chheng/ros2_ws/build/test2/build install --record /home/lydia-chheng/ros2_ws/build/test2/install.log --single-version-externally-managed install_data
[14.489s] DEBUG:colcon.colcon_core.event_handler.log_command:Invoked command in '/home/lydia-chheng/ros2_ws/build/test_custom_msg_srv' returned '1': CMAKE_PREFIX_PATH=${CMAKE_PREFIX_PATH}:/home/lydia-chheng/ros2_ws/install/test_srv_cli:/home/lydia-chheng/ros2_ws/install/test_pub_sub:/home/lydia-chheng/ros2_ws/install/test2:/home/lydia-chheng/ros2_ws/install/parameters:/home/lydia-chheng/ros2_ws/install/meow:/opt/ros/humble /usr/bin/cmake --install /home/lydia-chheng/ros2_ws/build/test_custom_msg_srv
[14.491s] Level 1:colcon.colcon_core.environment:create_environment_scripts_only(test_custom_msg_srv)
[14.495s] Level 1:colcon.colcon_core.environment:checking '/home/lydia-chheng/ros2_ws/install/test_custom_msg_srv' for CMake module files
[14.497s] Level 1:colcon.colcon_core.environment:checking '/home/lydia-chheng/ros2_ws/install/test_custom_msg_srv' for CMake config files
[14.498s] Level 1:colcon.colcon_core.shell:create_environment_hook('test_custom_msg_srv', 'cmake_prefix_path')
[14.502s] INFO:colcon.colcon_core.shell:Creating environment hook '/home/lydia-chheng/ros2_ws/install/test_custom_msg_srv/share/test_custom_msg_srv/hook/cmake_prefix_path.ps1'
[14.503s] INFO:colcon.colcon_core.shell:Creating environment descriptor '/home/lydia-chheng/ros2_ws/install/test_custom_msg_srv/share/test_custom_msg_srv/hook/cmake_prefix_path.dsv'
[14.504s] INFO:colcon.colcon_core.shell:Creating environment hook '/home/lydia-chheng/ros2_ws/install/test_custom_msg_srv/share/test_custom_msg_srv/hook/cmake_prefix_path.sh'
[14.506s] Level 1:colcon.colcon_core.environment:checking '/home/lydia-chheng/ros2_ws/install/test_custom_msg_srv/lib'
[14.506s] Level 1:colcon.colcon_core.shell:create_environment_hook('test_custom_msg_srv', 'ld_library_path_lib')
[14.506s] INFO:colcon.colcon_core.shell:Creating environment hook '/home/lydia-chheng/ros2_ws/install/test_custom_msg_srv/share/test_custom_msg_srv/hook/ld_library_path_lib.ps1'
[14.508s] INFO:colcon.colcon_core.shell:Creating environment descriptor '/home/lydia-chheng/ros2_ws/install/test_custom_msg_srv/share/test_custom_msg_srv/hook/ld_library_path_lib.dsv'
[14.509s] INFO:colcon.colcon_core.shell:Creating environment hook '/home/lydia-chheng/ros2_ws/install/test_custom_msg_srv/share/test_custom_msg_srv/hook/ld_library_path_lib.sh'
[14.512s] Level 1:colcon.colcon_core.environment:checking '/home/lydia-chheng/ros2_ws/install/test_custom_msg_srv/bin'
[14.514s] Level 1:colcon.colcon_core.environment:checking '/home/lydia-chheng/ros2_ws/install/test_custom_msg_srv/lib/pkgconfig/test_custom_msg_srv.pc'
[14.515s] Level 1:colcon.colcon_core.environment:checking '/home/lydia-chheng/ros2_ws/install/test_custom_msg_srv/lib/python3.10/site-packages'
[14.515s] Level 1:colcon.colcon_core.environment:checking '/home/lydia-chheng/ros2_ws/install/test_custom_msg_srv/bin'
[14.516s] INFO:colcon.colcon_core.shell:Creating package script '/home/lydia-chheng/ros2_ws/install/test_custom_msg_srv/share/test_custom_msg_srv/package.ps1'
[14.518s] INFO:colcon.colcon_core.shell:Creating package descriptor '/home/lydia-chheng/ros2_ws/install/test_custom_msg_srv/share/test_custom_msg_srv/package.dsv'
[14.520s] INFO:colcon.colcon_core.shell:Creating package script '/home/lydia-chheng/ros2_ws/install/test_custom_msg_srv/share/test_custom_msg_srv/package.sh'
[14.522s] INFO:colcon.colcon_core.shell:Creating package script '/home/lydia-chheng/ros2_ws/install/test_custom_msg_srv/share/test_custom_msg_srv/package.bash'
[14.523s] INFO:colcon.colcon_core.shell:Creating package script '/home/lydia-chheng/ros2_ws/install/test_custom_msg_srv/share/test_custom_msg_srv/package.zsh'
[14.524s] Level 1:colcon.colcon_core.environment:create_file_with_runtime_dependencies(/home/lydia-chheng/ros2_ws/install/test_custom_msg_srv/share/colcon-core/packages/test_custom_msg_srv)
[15.926s] DEBUG:colcon.colcon_parallel_executor.executor.parallel:closing loop
[15.927s] DEBUG:colcon.colcon_parallel_executor.executor.parallel:loop closed
[15.927s] DEBUG:colcon.colcon_parallel_executor.executor.parallel:run_until_complete finished with '1'
[15.927s] DEBUG:colcon.colcon_core.event_reactor:joining thread
[15.940s] INFO:colcon.colcon_core.plugin_system:Skipping extension 'colcon_notification.desktop_notification.terminal_notifier': Not used on non-Darwin systems
[15.940s] INFO:colcon.colcon_core.plugin_system:Skipping extension 'colcon_notification.desktop_notification.win32': Not used on non-Windows systems
[15.941s] INFO:colcon.colcon_notification.desktop_notification:Sending desktop notification using 'notify2'
[15.975s] DEBUG:colcon.colcon_core.event_reactor:joined thread
[15.976s] INFO:colcon.colcon_core.shell:Creating prefix script '/home/lydia-chheng/ros2_ws/install/local_setup.ps1'
[15.979s] INFO:colcon.colcon_core.shell:Creating prefix util module '/home/lydia-chheng/ros2_ws/install/_local_setup_util_ps1.py'
[15.983s] INFO:colcon.colcon_core.shell:Creating prefix chain script '/home/lydia-chheng/ros2_ws/install/setup.ps1'
[15.986s] INFO:colcon.colcon_core.shell:Creating prefix script '/home/lydia-chheng/ros2_ws/install/local_setup.sh'
[15.987s] INFO:colcon.colcon_core.shell:Creating prefix util module '/home/lydia-chheng/ros2_ws/install/_local_setup_util_sh.py'
[15.988s] INFO:colcon.colcon_core.shell:Creating prefix chain script '/home/lydia-chheng/ros2_ws/install/setup.sh'
[15.991s] INFO:colcon.colcon_core.shell:Creating prefix script '/home/lydia-chheng/ros2_ws/install/local_setup.bash'
[15.992s] INFO:colcon.colcon_core.shell:Creating prefix chain script '/home/lydia-chheng/ros2_ws/install/setup.bash'
[15.996s] INFO:colcon.colcon_core.shell:Creating prefix script '/home/lydia-chheng/ros2_ws/install/local_setup.zsh'
[15.997s] INFO:colcon.colcon_core.shell:Creating prefix chain script '/home/lydia-chheng/ros2_ws/install/setup.zsh'
